<?xml version="1.0" encoding="UTF-8"?>
<testsuite xmlns:xsi="http://www.w3.org/2001/XMLSchema-instance" xsi:noNamespaceSchemaLocation="https://maven.apache.org/surefire/maven-surefire-plugin/xsd/surefire-test-report-3.0.xsd" version="3.0" name="com.teleconnect.iam.IamDataSeeder" time="108.699" tests="1" errors="0" skipped="0" failures="0">
  <properties>
[...]
</properties>
  <testcase name="loadThousandUsers" classname="com.teleconnect.iam.IamDataSeeder" time="100.572">
    <system-out><![CDATA[09:45:22.418 [main] INFO org.springframework.test.context.support.AnnotationConfigContextLoaderUtils -- Could not detect default configuration classes for test class [com.teleconnect.iam.IamDataSeeder]: IamDataSeeder does not declare any static, non-private, non-final, nested classes annotated with @Configuration.
09:45:22.562 [main] INFO org.springframework.boot.test.context.SpringBootTestContextBootstrapper -- Found @SpringBootConfiguration com.teleconnect.iam.IamApplication for test class com.teleconnect.iam.IamDataSeeder

  .   ____          _            __ _ _
 /\\ / ___'_ __ _ _(_)_ __  __ _ \ \ \ \
( ( )\___ | '_ | '_| | '_ \/ _` | \ \ \ \
 \\/  ___)| |_)| | | | | || (_| |  ) ) ) )
  '  |____| .__|_| |_|_| |_\__, | / / / /
 =========|_|==============|___/=/_/_/_/

 :: Spring Boot ::                (v3.3.4)

2026-06-10T09:45:23.159+05:30  INFO 23696 --- [IAM] [           main] com.teleconnect.iam.IamDataSeeder        : Starting IamDataSeeder using Java 21.0.2 with PID 23696 (started by 2506603 in C:\Project\teleconnect\IAM)
2026-06-10T09:45:23.161+05:30  INFO 23696 --- [IAM] [           main] com.teleconnect.iam.IamDataSeeder        : No active profile set, falling back to 1 default profile: "default"
2026-06-10T09:45:24.314+05:30  INFO 23696 --- [IAM] [           main] .s.d.r.c.RepositoryConfigurationDelegate : Bootstrapping Spring Data JPA repositories in DEFAULT mode.
2026-06-10T09:45:24.392+05:30  INFO 23696 --- [IAM] [           main] .s.d.r.c.RepositoryConfigurationDelegate : Finished Spring Data repository scanning in 69 ms. Found 4 JPA repository interfaces.
2026-06-10T09:45:25.384+05:30  INFO 23696 --- [IAM] [           main] o.hibernate.jpa.internal.util.LogHelper  : HHH000204: Processing PersistenceUnitInfo [name: default]
2026-06-10T09:45:25.541+05:30  INFO 23696 --- [IAM] [           main] org.hibernate.Version                    : HHH000412: Hibernate ORM core version 6.5.3.Final
2026-06-10T09:45:25.618+05:30  INFO 23696 --- [IAM] [           main] o.h.c.internal.RegionFactoryInitiator    : HHH000026: Second-level cache disabled
2026-06-10T09:45:26.129+05:30  INFO 23696 --- [IAM] [           main] o.s.o.j.p.SpringPersistenceUnitInfo      : No LoadTimeWeaver setup: ignoring JPA class transformer
2026-06-10T09:45:26.168+05:30  INFO 23696 --- [IAM] [           main] com.zaxxer.hikari.HikariDataSource       : HikariPool-1 - Starting...
2026-06-10T09:45:26.697+05:30  INFO 23696 --- [IAM] [           main] com.zaxxer.hikari.pool.HikariPool        : HikariPool-1 - Added connection com.mysql.cj.jdbc.ConnectionImpl@7c0e4e4e
2026-06-10T09:45:26.700+05:30  INFO 23696 --- [IAM] [           main] com.zaxxer.hikari.HikariDataSource       : HikariPool-1 - Start completed.
2026-06-10T09:45:26.785+05:30  WARN 23696 --- [IAM] [           main] org.hibernate.orm.deprecation            : HHH90000025: MySQLDialect does not need to be specified explicitly using 'hibernate.dialect' (remove the property setting and it will be selected by default)
2026-06-10T09:45:28.024+05:30  INFO 23696 --- [IAM] [           main] o.h.e.t.j.p.i.JtaPlatformInitiator       : HHH000489: No JTA platform available (set 'hibernate.transaction.jta.platform' to enable JTA platform integration)
2026-06-10T09:45:28.116+05:30  INFO 23696 --- [IAM] [           main] j.LocalContainerEntityManagerFactoryBean : Initialized JPA EntityManagerFactory for persistence unit 'default'
2026-06-10T09:45:28.859+05:30  WARN 23696 --- [IAM] [           main] JpaBaseConfiguration$JpaWebConfiguration : spring.jpa.open-in-view is enabled by default. Therefore, database queries may be performed during view rendering. Explicitly configure spring.jpa.open-in-view to disable this warning
2026-06-10T09:45:28.904+05:30  WARN 23696 --- [IAM] [           main] .s.s.UserDetailsServiceAutoConfiguration : 

Using generated security password: 7012a110-e3ed-40da-8eec-1dd7292db59e

This generated password is for development use only. Your security configuration must be updated before running your application in production.

2026-06-10T09:45:28.919+05:30  INFO 23696 --- [IAM] [           main] r$InitializeUserDetailsManagerConfigurer : Global AuthenticationManager configured with UserDetailsService bean with name inMemoryUserDetailsManager
2026-06-10T09:45:29.931+05:30  INFO 23696 --- [IAM] [           main] com.teleconnect.iam.IamDataSeeder        : Started IamDataSeeder in 7.119 seconds (process running for 8.41)
Hibernate: select p1_0.permission_id,p1_0.permission_name from permissions p1_0 where p1_0.permission_name=?
Hibernate: select p1_0.permission_id,p1_0.permission_name from permissions p1_0 where p1_0.permission_name=?
Hibernate: select p1_0.permission_id,p1_0.permission_name from permissions p1_0 where p1_0.permission_name=?
Hibernate: select p1_0.permission_id,p1_0.permission_name from permissions p1_0 where p1_0.permission_name=?
Hibernate: select p1_0.permission_id,p1_0.permission_name from permissions p1_0 where p1_0.permission_name=?
Hibernate: select p1_0.permission_id,p1_0.permission_name from permissions p1_0 where p1_0.permission_name=?
Hibernate: select p1_0.permission_id,p1_0.permission_name from permissions p1_0 where p1_0.permission_name=?
Hibernate: select p1_0.permission_id,p1_0.permission_name from permissions p1_0 where p1_0.permission_name=?
Hibernate: select p1_0.permission_id,p1_0.permission_name from permissions p1_0 where p1_0.permission_name=?
Hibernate: select p1_0.permission_id,p1_0.permission_name from permissions p1_0 where p1_0.permission_name=?
Hibernate: select p1_0.permission_id,p1_0.permission_name from permissions p1_0 where p1_0.permission_name=?
Hibernate: select p1_0.permission_id,p1_0.permission_name from permissions p1_0 where p1_0.permission_name=?
Hibernate: select p1_0.permission_id,p1_0.permission_name from permissions p1_0 where p1_0.permission_name=?
Hibernate: select p1_0.permission_id,p1_0.permission_name from permissions p1_0 where p1_0.permission_name=?
Hibernate: select p1_0.permission_id,p1_0.permission_name from permissions p1_0 where p1_0.permission_name=?
Hibernate: select p1_0.permission_id,p1_0.permission_name from permissions p1_0 where p1_0.permission_name=?
Hibernate: select p1_0.permission_id,p1_0.permission_name from permissions p1_0 where p1_0.permission_name=?
Hibernate: select p1_0.permission_id,p1_0.permission_name from permissions p1_0 where p1_0.permission_name=?
Hibernate: select r1_0.role_id,r1_0.role_name from roles r1_0 where r1_0.role_name=?
Hibernate: select p1_0.role_id,p1_1.permission_id,p1_1.permission_name from role_permissions p1_0 join permissions p1_1 on p1_1.permission_id=p1_0.permission_id where p1_0.role_id=?
Hibernate: select r1_0.role_id,r1_0.role_name from roles r1_0 where r1_0.role_name=?
Hibernate: select p1_0.role_id,p1_1.permission_id,p1_1.permission_name from role_permissions p1_0 join permissions p1_1 on p1_1.permission_id=p1_0.permission_id where p1_0.role_id=?
Hibernate: select r1_0.role_id,r1_0.role_name from roles r1_0 where r1_0.role_name=?
Hibernate: select p1_0.role_id,p1_1.permission_id,p1_1.permission_name from role_permissions p1_0 join permissions p1_1 on p1_1.permission_id=p1_0.permission_id where p1_0.role_id=?
Hibernate: select r1_0.role_id,r1_0.role_name from roles r1_0 where r1_0.role_name=?
Hibernate: select p1_0.role_id,p1_1.permission_id,p1_1.permission_name from role_permissions p1_0 join permissions p1_1 on p1_1.permission_id=p1_0.permission_id where p1_0.role_id=?
Hibernate: select r1_0.role_id,r1_0.role_name from roles r1_0 where r1_0.role_name=?
Hibernate: select p1_0.role_id,p1_1.permission_id,p1_1.permission_name from role_permissions p1_0 join permissions p1_1 on p1_1.permission_id=p1_0.permission_id where p1_0.role_id=?
Hibernate: select r1_0.role_id,r1_0.role_name from roles r1_0 where r1_0.role_name=?
Hibernate: select p1_0.role_id,p1_1.permission_id,p1_1.permission_name from role_permissions p1_0 join permissions p1_1 on p1_1.permission_id=p1_0.permission_id where p1_0.role_id=?
[TeleConnect IAM] Roles and permissions seeded successfully.

=== Loading 1000 fake subscribers (runId=mq7k2ofj) ===
Hibernate: select u1_0.user_id from users u1_0 where u1_0.email=? limit ?
Hibernate: select r1_0.role_id,r1_0.role_name from roles r1_0 where r1_0.role_name=?
Hibernate: select p1_0.role_id,p1_1.permission_id,p1_1.permission_name from role_permissions p1_0 join permissions p1_1 on p1_1.permission_id=p1_0.permission_id where p1_0.role_id=?
Hibernate: insert into users (created_at,email,must_change_password,name,password,phone,region_id,role_id,status) values (?,?,?,?,?,?,?,?,?)
Hibernate: insert into audit_logs (action,ip_address,module,timestamp,user_id) values (?,?,?,?,?)
Hibernate: select u1_0.user_id from users u1_0 where u1_0.email=? limit ?
Hibernate: select r1_0.role_id,r1_0.role_name from roles r1_0 where r1_0.role_name=?
Hibernate: select p1_0.role_id,p1_1.permission_id,p1_1.permission_name from role_permissions p1_0 join permissions p1_1 on p1_1.permission_id=p1_0.permission_id where p1_0.role_id=?
Hibernate: insert into users (created_at,email,must_change_password,name,password,phone,region_id,role_id,status) values (?,?,?,?,?,?,?,?,?)
Hibernate: insert into audit_logs (action,ip_address,module,timestamp,user_id) values (?,?,?,?,?)
Hibernate: select u1_0.user_id from users u1_0 where u1_0.email=? limit ?
Hibernate: select r1_0.role_id,r1_0.role_name from roles r1_0 where r1_0.role_name=?
Hibernate: select p1_0.role_id,p1_1.permission_id,p1_1.permission_name from role_permissions p1_0 join permissions p1_1 on p1_1.permission_id=p1_0.permission_id where p1_0.role_id=?
Hibernate: insert into users (created_at,email,must_change_password,name,password,phone,region_id,role_id,status) values (?,?,?,?,?,?,?,?,?)
Hibernate: insert into audit_logs (action,ip_address,module,timestamp,user_id) values (?,?,?,?,?)
Hibernate: select u1_0.user_id from users u1_0 where u1_0.email=? limit ?
Hibernate: select r1_0.role_id,r1_0.role_name from roles r1_0 where r1_0.role_name=?
Hibernate: select p1_0.role_id,p1_1.permission_id,p1_1.permission_name from role_permissions p1_0 join permissions p1_1 on p1_1.permission_id=p1_0.permission_id where p1_0.role_id=?
Hibernate: insert into users (created_at,email,must_change_password,name,password,phone,region_id,role_id,status) values (?,?,?,?,?,?,?,?,?)
Hibernate: insert into audit_logs (action,ip_address,module,timestamp,user_id) values (?,?,?,?,?)
Hibernate: select u1_0.user_id from users u1_0 where u1_0.email=? limit ?
Hibernate: select r1_0.role_id,r1_0.role_name from roles r1_0 where r1_0.role_name=?
Hibernate: select p1_0.role_id,p1_1.permission_id,p1_1.permission_name from role_permissions p1_0 join permissions p1_1 on p1_1.permission_id=p1_0.permission_id where p1_0.role_id=?
Hibernate: insert into users (created_at,email,must_change_password,name,password,phone,region_id,role_id,status) values (?,?,?,?,?,?,?,?,?)
Hibernate: insert into audit_logs (action,ip_address,module,timestamp,user_id) values (?,?,?,?,?)
Hibernate: select u1_0.user_id from users u1_0 where u1_0.email=? limit ?
Hibernate: select r1_0.role_id,r1_0.role_name from roles r1_0 where r1_0.role_name=?
Hibernate: select p1_0.role_id,p1_1.permission_id,p1_1.permission_name from role_permissions p1_0 join permissions p1_1 on p1_1.permission_id=p1_0.permission_id where p1_0.role_id=?
Hibernate: insert into users (created_at,email,must_change_password,name,password,phone,region_id,role_id,status) values (?,?,?,?,?,?,?,?,?)
Hibernate: insert into audit_logs (action,ip_address,module,timestamp,user_id) values (?,?,?,?,?)
Hibernate: select u1_0.user_id from users u1_0 where u1_0.email=? limit ?
Hibernate: select r1_0.role_id,r1_0.role_name from roles r1_0 where r1_0.role_name=?
Hibernate: select p1_0.role_id,p1_1.permission_id,p1_1.permission_name from role_permissions p1_0 join permissions p1_1 on p1_1.permission_id=p1_0.permission_id where p1_0.role_id=?
Hibernate: insert into users (created_at,email,must_change_password,name,password,phone,region_id,role_id,status) values (?,?,?,?,?,?,?,?,?)
Hibernate: insert into audit_logs (action,ip_address,module,timestamp,user_id) values (?,?,?,?,?)
Hibernate: select u1_0.user_id from users u1_0 where u1_0.email=? limit ?
Hibernate: select r1_0.role_id,r1_0.role_name from roles r1_0 where r1_0.role_name=?
Hibernate: select p1_0.role_id,p1_1.permission_id,p1_1.permission_name from role_permissions p1_0 join permissions p1_1 on p1_1.permission_id=p1_0.permission_id where p1_0.role_id=?
Hibernate: insert into users (created_at,email,must_change_password,name,password,phone,region_id,role_id,status) values (?,?,?,?,?,?,?,?,?)
Hibernate: insert into audit_logs (action,ip_address,module,timestamp,user_id) values (?,?,?,?,?)
Hibernate: select u1_0.user_id from users u1_0 where u1_0.email=? limit ?
Hibernate: select r1_0.role_id,r1_0.role_name from roles r1_0 where r1_0.role_name=?
Hibernate: select p1_0.role_id,p1_1.permission_id,p1_1.permission_name from role_permissions p1_0 join permissions p1_1 on p1_1.permission_id=p1_0.permission_id where p1_0.role_id=?
Hibernate: insert into users (created_at,email,must_change_password,name,password,phone,region_id,role_id,status) values (?,?,?,?,?,?,?,?,?)
Hibernate: insert into audit_logs (action,ip_address,module,timestamp,user_id) values (?,?,?,?,?)
Hibernate: select u1_0.user_id from users u1_0 where u1_0.email=? limit ?
Hibernate: select r1_0.role_id,r1_0.role_name from roles r1_0 where r1_0.role_name=?
Hibernate: select p1_0.role_id,p1_1.permission_id,p1_1.permission_name from role_permissions p1_0 join permissions p1_1 on p1_1.permission_id=p1_0.permission_id where p1_0.role_id=?
Hibernate: insert into users (created_at,email,must_change_password,name,password,phone,region_id,role_id,status) values (?,?,?,?,?,?,?,?,?)
Hibernate: insert into audit_logs (action,ip_address,module,timestamp,user_id) values (?,?,?,?,?)
Hibernate: select u1_0.user_id from users u1_0 where u1_0.email=? limit ?
Hibernate: select r1_0.role_id,r1_0.role_name from roles r1_0 where r1_0.role_name=?
Hibernate: select p1_0.role_id,p1_1.permission_id,p1_1.permission_name from role_permissions p1_0 join permissions p1_1 on p1_1.permission_id=p1_0.permission_id where p1_0.role_id=?
Hibernate: insert into users (created_at,email,must_change_password,name,password,phone,region_id,role_id,status) values (?,?,?,?,?,?,?,?,?)
Hibernate: insert into audit_logs (action,ip_address,module,timestamp,user_id) values (?,?,?,?,?)
Hibernate: select u1_0.user_id from users u1_0 where u1_0.email=? limit ?
Hibernate: select r1_0.role_id,r1_0.role_name from roles r1_0 where r1_0.role_name=?
Hibernate: select p1_0.role_id,p1_1.permission_id,p1_1.permission_name from role_permissions p1_0 join permissions p1_1 on p1_1.permission_id=p1_0.permission_id where p1_0.role_id=?
Hibernate: insert into users (created_at,email,must_change_password,name,password,phone,region_id,role_id,status) values (?,?,?,?,?,?,?,?,?)
Hibernate: insert into audit_logs (action,ip_address,module,timestamp,user_id) values (?,?,?,?,?)
Hibernate: select u1_0.user_id from users u1_0 where u1_0.email=? limit ?
Hibernate: select r1_0.role_id,r1_0.role_name from roles r1_0 where r1_0.role_name=?
Hibernate: select p1_0.role_id,p1_1.permission_id,p1_1.permission_name from role_permissions p1_0 join permissions p1_1 on p1_1.permission_id=p1_0.permission_id where p1_0.role_id=?
Hibernate: insert into users (created_at,email,must_change_password,name,password,phone,region_id,role_id,status) values (?,?,?,?,?,?,?,?,?)
Hibernate: insert into audit_logs (action,ip_address,module,timestamp,user_id) values (?,?,?,?,?)
Hibernate: select u1_0.user_id from users u1_0 where u1_0.email=? limit ?
Hibernate: select r1_0.role_id,r1_0.role_name from roles r1_0 where r1_0.role_name=?
Hibernate: select p1_0.role_id,p1_1.permission_id,p1_1.permission_name from role_permissions p1_0 join permissions p1_1 on p1_1.permission_id=p1_0.permission_id where p1_0.role_id=?
Hibernate: insert into users (created_at,email,must_change_password,name,password,phone,region_id,role_id,status) values (?,?,?,?,?,?,?,?,?)
Hibernate: insert into audit_logs (action,ip_address,module,timestamp,user_id) values (?,?,?,?,?)
Hibernate: select u1_0.user_id from users u1_0 where u1_0.email=? limit ?
Hibernate: select r1_0.role_id,r1_0.role_name from roles r1_0 where r1_0.role_name=?
Hibernate: select p1_0.role_id,p1_1.permission_id,p1_1.permission_name from role_permissions p1_0 join permissions p1_1 on p1_1.permission_id=p1_0.permission_id where p1_0.role_id=?
Hibernate: insert into users (created_at,email,must_change_password,name,password,phone,region_id,role_id,status) values (?,?,?,?,?,?,?,?,?)
Hibernate: insert into audit_logs (action,ip_address,module,timestamp,user_id) values (?,?,?,?,?)
Hibernate: select u1_0.user_id from users u1_0 where u1_0.email=? limit ?
Hibernate: select r1_0.role_id,r1_0.role_name from roles r1_0 where r1_0.role_name=?
Hibernate: select p1_0.role_id,p1_1.permission_id,p1_1.permission_name from role_permissions p1_0 join permissions p1_1 on p1_1.permission_id=p1_0.permission_id where p1_0.role_id=?
Hibernate: insert into users (created_at,email,must_change_password,name,password,phone,region_id,role_id,status) values (?,?,?,?,?,?,?,?,?)
Hibernate: insert into audit_logs (action,ip_address,module,timestamp,user_id) values (?,?,?,?,?)
Hibernate: select u1_0.user_id from users u1_0 where u1_0.email=? limit ?
Hibernate: select r1_0.role_id,r1_0.role_name from roles r1_0 where r1_0.role_name=?
Hibernate: select p1_0.role_id,p1_1.permission_id,p1_1.permission_name from role_permissions p1_0 join permissions p1_1 on p1_1.permission_id=p1_0.permission_id where p1_0.role_id=?
Hibernate: insert into users (created_at,email,must_change_password,name,password,phone,region_id,role_id,status) values (?,?,?,?,?,?,?,?,?)
Hibernate: insert into audit_logs (action,ip_address,module,timestamp,user_id) values (?,?,?,?,?)
Hibernate: select u1_0.user_id from users u1_0 where u1_0.email=? limit ?
Hibernate: select r1_0.role_id,r1_0.role_name from roles r1_0 where r1_0.role_name=?
Hibernate: select p1_0.role_id,p1_1.permission_id,p1_1.permission_name from role_permissions p1_0 join permissions p1_1 on p1_1.permission_id=p1_0.permission_id where p1_0.role_id=?
Hibernate: insert into users (created_at,email,must_change_password,name,password,phone,region_id,role_id,status) values (?,?,?,?,?,?,?,?,?)
Hibernate: insert into audit_logs (action,ip_address,module,timestamp,user_id) values (?,?,?,?,?)
Hibernate: select u1_0.user_id from users u1_0 where u1_0.email=? limit ?
Hibernate: select r1_0.role_id,r1_0.role_name from roles r1_0 where r1_0.role_name=?
Hibernate: select p1_0.role_id,p1_1.permission_id,p1_1.permission_name from role_permissions p1_0 join permissions p1_1 on p1_1.permission_id=p1_0.permission_id where p1_0.role_id=?
Hibernate: insert into users (created_at,email,must_change_password,name,password,phone,region_id,role_id,status) values (?,?,?,?,?,?,?,?,?)
Hibernate: insert into audit_logs (action,ip_address,module,timestamp,user_id) values (?,?,?,?,?)
Hibernate: select u1_0.user_id from users u1_0 where u1_0.email=? limit ?
Hibernate: select r1_0.role_id,r1_0.role_name from roles r1_0 where r1_0.role_name=?
Hibernate: select p1_0.role_id,p1_1.permission_id,p1_1.permission_name from role_permissions p1_0 join permissions p1_1 on p1_1.permission_id=p1_0.permission_id where p1_0.role_id=?
Hibernate: insert into users (created_at,email,must_change_password,name,password,phone,region_id,role_id,status) values (?,?,?,?,?,?,?,?,?)
Hibernate: insert into audit_logs (action,ip_address,module,timestamp,user_id) values (?,?,?,?,?)
Hibernate: select u1_0.user_id from users u1_0 where u1_0.email=? limit ?
Hibernate: select r1_0.role_id,r1_0.role_name from roles r1_0 where r1_0.role_name=?
Hibernate: select p1_0.role_id,p1_1.permission_id,p1_1.permission_name from role_permissions p1_0 join permissions p1_1 on p1_1.permission_id=p1_0.permission_id where p1_0.role_id=?
Hibernate: insert into users (created_at,email,must_change_password,name,password,phone,region_id,role_id,status) values (?,?,?,?,?,?,?,?,?)
Hibernate: insert into audit_logs (action,ip_address,module,timestamp,user_id) values (?,?,?,?,?)
Hibernate: select u1_0.user_id from users u1_0 where u1_0.email=? limit ?
Hibernate: select r1_0.role_id,r1_0.role_name from roles r1_0 where r1_0.role_name=?
Hibernate: select p1_0.role_id,p1_1.permission_id,p1_1.permission_name from role_permissions p1_0 join permissions p1_1 on p1_1.permission_id=p1_0.permission_id where p1_0.role_id=?
Hibernate: insert into users (created_at,email,must_change_password,name,password,phone,region_id,role_id,status) values (?,?,?,?,?,?,?,?,?)
Hibernate: insert into audit_logs (action,ip_address,module,timestamp,user_id) values (?,?,?,?,?)
Hibernate: select u1_0.user_id from users u1_0 where u1_0.email=? limit ?
Hibernate: select r1_0.role_id,r1_0.role_name from roles r1_0 where r1_0.role_name=?
Hibernate: select p1_0.role_id,p1_1.permission_id,p1_1.permission_name from role_permissions p1_0 join permissions p1_1 on p1_1.permission_id=p1_0.permission_id where p1_0.role_id=?
Hibernate: insert into users (created_at,email,must_change_password,name,password,phone,region_id,role_id,status) values (?,?,?,?,?,?,?,?,?)
Hibernate: insert into audit_logs (action,ip_address,module,timestamp,user_id) values (?,?,?,?,?)
Hibernate: select u1_0.user_id from users u1_0 where u1_0.email=? limit ?
Hibernate: select r1_0.role_id,r1_0.role_name from roles r1_0 where r1_0.role_name=?
Hibernate: select p1_0.role_id,p1_1.permission_id,p1_1.permission_name from role_permissions p1_0 join permissions p1_1 on p1_1.permission_id=p1_0.permission_id where p1_0.role_id=?
Hibernate: insert into users (created_at,email,must_change_password,name,password,phone,region_id,role_id,status) values (?,?,?,?,?,?,?,?,?)
Hibernate: insert into audit_logs (action,ip_address,module,timestamp,user_id) values (?,?,?,?,?)
Hibernate: select u1_0.user_id from users u1_0 where u1_0.email=? limit ?
Hibernate: select r1_0.role_id,r1_0.role_name from roles r1_0 where r1_0.role_name=?
Hibernate: select p1_0.role_id,p1_1.permission_id,p1_1.permission_name from role_permissions p1_0 join permissions p1_1 on p1_1.permission_id=p1_0.permission_id where p1_0.role_id=?
Hibernate: insert into users (created_at,email,must_change_password,name,password,phone,region_id,role_id,status) values (?,?,?,?,?,?,?,?,?)
Hibernate: insert into audit_logs (action,ip_address,module,timestamp,user_id) values (?,?,?,?,?)
Hibernate: select u1_0.user_id from users u1_0 where u1_0.email=? limit ?
Hibernate: select r1_0.role_id,r1_0.role_name from roles r1_0 where r1_0.role_name=?
Hibernate: select p1_0.role_id,p1_1.permission_id,p1_1.permission_name from role_permissions p1_0 join permissions p1_1 on p1_1.permission_id=p1_0.permission_id where p1_0.role_id=?
Hibernate: insert into users (created_at,email,must_change_password,name,password,phone,region_id,role_id,status) values (?,?,?,?,?,?,?,?,?)
Hibernate: insert into audit_logs (action,ip_address,module,timestamp,user_id) values (?,?,?,?,?)
Hibernate: select u1_0.user_id from users u1_0 where u1_0.email=? limit ?
Hibernate: select r1_0.role_id,r1_0.role_name from roles r1_0 where r1_0.role_name=?
Hibernate: select p1_0.role_id,p1_1.permission_id,p1_1.permission_name from role_permissions p1_0 join permissions p1_1 on p1_1.permission_id=p1_0.permission_id where p1_0.role_id=?
Hibernate: insert into users (created_at,email,must_change_password,name,password,phone,region_id,role_id,status) values (?,?,?,?,?,?,?,?,?)
Hibernate: insert into audit_logs (action,ip_address,module,timestamp,user_id) values (?,?,?,?,?)
Hibernate: select u1_0.user_id from users u1_0 where u1_0.email=? limit ?
Hibernate: select r1_0.role_id,r1_0.role_name from roles r1_0 where r1_0.role_name=?
Hibernate: select p1_0.role_id,p1_1.permission_id,p1_1.permission_name from role_permissions p1_0 join permissions p1_1 on p1_1.permission_id=p1_0.permission_id where p1_0.role_id=?
Hibernate: insert into users (created_at,email,must_change_password,name,password,phone,region_id,role_id,status) values (?,?,?,?,?,?,?,?,?)
Hibernate: insert into audit_logs (action,ip_address,module,timestamp,user_id) values (?,?,?,?,?)
Hibernate: select u1_0.user_id from users u1_0 where u1_0.email=? limit ?
Hibernate: select r1_0.role_id,r1_0.role_name from roles r1_0 where r1_0.role_name=?
Hibernate: select p1_0.role_id,p1_1.permission_id,p1_1.permission_name from role_permissions p1_0 join permissions p1_1 on p1_1.permission_id=p1_0.permission_id where p1_0.role_id=?
Hibernate: insert into users (created_at,email,must_change_password,name,password,phone,region_id,role_id,status) values (?,?,?,?,?,?,?,?,?)
Hibernate: insert into audit_logs (action,ip_address,module,timestamp,user_id) values (?,?,?,?,?)
Hibernate: select u1_0.user_id from users u1_0 where u1_0.email=? limit ?
Hibernate: select r1_0.role_id,r1_0.role_name from roles r1_0 where r1_0.role_name=?
Hibernate: select p1_0.role_id,p1_1.permission_id,p1_1.permission_name from role_permissions p1_0 join permissions p1_1 on p1_1.permission_id=p1_0.permission_id where p1_0.role_id=?
Hibernate: insert into users (created_at,email,must_change_password,name,password,phone,region_id,role_id,status) values (?,?,?,?,?,?,?,?,?)
Hibernate: insert into audit_logs (action,ip_address,module,timestamp,user_id) values (?,?,?,?,?)
Hibernate: select u1_0.user_id from users u1_0 where u1_0.email=? limit ?
Hibernate: select r1_0.role_id,r1_0.role_name from roles r1_0 where r1_0.role_name=?
Hibernate: select p1_0.role_id,p1_1.permission_id,p1_1.permission_name from role_permissions p1_0 join permissions p1_1 on p1_1.permission_id=p1_0.permission_id where p1_0.role_id=?
Hibernate: insert into users (created_at,email,must_change_password,name,password,phone,region_id,role_id,status) values (?,?,?,?,?,?,?,?,?)
Hibernate: insert into audit_logs (action,ip_address,module,timestamp,user_id) values (?,?,?,?,?)
Hibernate: select u1_0.user_id from users u1_0 where u1_0.email=? limit ?
Hibernate: select r1_0.role_id,r1_0.role_name from roles r1_0 where r1_0.role_name=?
Hibernate: select p1_0.role_id,p1_1.permission_id,p1_1.permission_name from role_permissions p1_0 join permissions p1_1 on p1_1.permission_id=p1_0.permission_id where p1_0.role_id=?
Hibernate: insert into users (created_at,email,must_change_password,name,password,phone,region_id,role_id,status) values (?,?,?,?,?,?,?,?,?)
Hibernate: insert into audit_logs (action,ip_address,module,timestamp,user_id) values (?,?,?,?,?)
Hibernate: select u1_0.user_id from users u1_0 where u1_0.email=? limit ?
Hibernate: select r1_0.role_id,r1_0.role_name from roles r1_0 where r1_0.role_name=?
Hibernate: select p1_0.role_id,p1_1.permission_id,p1_1.permission_name from role_permissions p1_0 join permissions p1_1 on p1_1.permission_id=p1_0.permission_id where p1_0.role_id=?
Hibernate: insert into users (created_at,email,must_change_password,name,password,phone,region_id,role_id,status) values (?,?,?,?,?,?,?,?,?)
Hibernate: insert into audit_logs (action,ip_address,module,timestamp,user_id) values (?,?,?,?,?)
Hibernate: select u1_0.user_id from users u1_0 where u1_0.email=? limit ?
Hibernate: select r1_0.role_id,r1_0.role_name from roles r1_0 where r1_0.role_name=?
Hibernate: select p1_0.role_id,p1_1.permission_id,p1_1.permission_name from role_permissions p1_0 join permissions p1_1 on p1_1.permission_id=p1_0.permission_id where p1_0.role_id=?
Hibernate: insert into users (created_at,email,must_change_password,name,password,phone,region_id,role_id,status) values (?,?,?,?,?,?,?,?,?)
Hibernate: insert into audit_logs (action,ip_address,module,timestamp,user_id) values (?,?,?,?,?)
Hibernate: select u1_0.user_id from users u1_0 where u1_0.email=? limit ?
Hibernate: select r1_0.role_id,r1_0.role_name from roles r1_0 where r1_0.role_name=?
Hibernate: select p1_0.role_id,p1_1.permission_id,p1_1.permission_name from role_permissions p1_0 join permissions p1_1 on p1_1.permission_id=p1_0.permission_id where p1_0.role_id=?
Hibernate: insert into users (created_at,email,must_change_password,name,password,phone,region_id,role_id,status) values (?,?,?,?,?,?,?,?,?)
Hibernate: insert into audit_logs (action,ip_address,module,timestamp,user_id) values (?,?,?,?,?)
Hibernate: select u1_0.user_id from users u1_0 where u1_0.email=? limit ?
Hibernate: select r1_0.role_id,r1_0.role_name from roles r1_0 where r1_0.role_name=?
Hibernate: select p1_0.role_id,p1_1.permission_id,p1_1.permission_name from role_permissions p1_0 join permissions p1_1 on p1_1.permission_id=p1_0.permission_id where p1_0.role_id=?
Hibernate: insert into users (created_at,email,must_change_password,name,password,phone,region_id,role_id,status) values (?,?,?,?,?,?,?,?,?)
Hibernate: insert into audit_logs (action,ip_address,module,timestamp,user_id) values (?,?,?,?,?)
Hibernate: select u1_0.user_id from users u1_0 where u1_0.email=? limit ?
Hibernate: select r1_0.role_id,r1_0.role_name from roles r1_0 where r1_0.role_name=?
Hibernate: select p1_0.role_id,p1_1.permission_id,p1_1.permission_name from role_permissions p1_0 join permissions p1_1 on p1_1.permission_id=p1_0.permission_id where p1_0.role_id=?
Hibernate: insert into users (created_at,email,must_change_password,name,password,phone,region_id,role_id,status) values (?,?,?,?,?,?,?,?,?)
Hibernate: insert into audit_logs (action,ip_address,module,timestamp,user_id) values (?,?,?,?,?)
Hibernate: select u1_0.user_id from users u1_0 where u1_0.email=? limit ?
Hibernate: select r1_0.role_id,r1_0.role_name from roles r1_0 where r1_0.role_name=?
Hibernate: select p1_0.role_id,p1_1.permission_id,p1_1.permission_name from role_permissions p1_0 join permissions p1_1 on p1_1.permission_id=p1_0.permission_id where p1_0.role_id=?
Hibernate: insert into users (created_at,email,must_change_password,name,password,phone,region_id,role_id,status) values (?,?,?,?,?,?,?,?,?)
Hibernate: insert into audit_logs (action,ip_address,module,timestamp,user_id) values (?,?,?,?,?)
Hibernate: select u1_0.user_id from users u1_0 where u1_0.email=? limit ?
Hibernate: select r1_0.role_id,r1_0.role_name from roles r1_0 where r1_0.role_name=?
Hibernate: select p1_0.role_id,p1_1.permission_id,p1_1.permission_name from role_permissions p1_0 join permissions p1_1 on p1_1.permission_id=p1_0.permission_id where p1_0.role_id=?
Hibernate: insert into users (created_at,email,must_change_password,name,password,phone,region_id,role_id,status) values (?,?,?,?,?,?,?,?,?)
Hibernate: insert into audit_logs (action,ip_address,module,timestamp,user_id) values (?,?,?,?,?)
Hibernate: select u1_0.user_id from users u1_0 where u1_0.email=? limit ?
Hibernate: select r1_0.role_id,r1_0.role_name from roles r1_0 where r1_0.role_name=?
Hibernate: select p1_0.role_id,p1_1.permission_id,p1_1.permission_name from role_permissions p1_0 join permissions p1_1 on p1_1.permission_id=p1_0.permission_id where p1_0.role_id=?
Hibernate: insert into users (created_at,email,must_change_password,name,password,phone,region_id,role_id,status) values (?,?,?,?,?,?,?,?,?)
Hibernate: insert into audit_logs (action,ip_address,module,timestamp,user_id) values (?,?,?,?,?)
Hibernate: select u1_0.user_id from users u1_0 where u1_0.email=? limit ?
Hibernate: select r1_0.role_id,r1_0.role_name from roles r1_0 where r1_0.role_name=?
Hibernate: select p1_0.role_id,p1_1.permission_id,p1_1.permission_name from role_permissions p1_0 join permissions p1_1 on p1_1.permission_id=p1_0.permission_id where p1_0.role_id=?
Hibernate: insert into users (created_at,email,must_change_password,name,password,phone,region_id,role_id,status) values (?,?,?,?,?,?,?,?,?)
Hibernate: insert into audit_logs (action,ip_address,module,timestamp,user_id) values (?,?,?,?,?)
Hibernate: select u1_0.user_id from users u1_0 where u1_0.email=? limit ?
Hibernate: select r1_0.role_id,r1_0.role_name from roles r1_0 where r1_0.role_name=?
Hibernate: select p1_0.role_id,p1_1.permission_id,p1_1.permission_name from role_permissions p1_0 join permissions p1_1 on p1_1.permission_id=p1_0.permission_id where p1_0.role_id=?
Hibernate: insert into users (created_at,email,must_change_password,name,password,phone,region_id,role_id,status) values (?,?,?,?,?,?,?,?,?)
Hibernate: insert into audit_logs (action,ip_address,module,timestamp,user_id) values (?,?,?,?,?)
Hibernate: select u1_0.user_id from users u1_0 where u1_0.email=? limit ?
Hibernate: select r1_0.role_id,r1_0.role_name from roles r1_0 where r1_0.role_name=?
Hibernate: select p1_0.role_id,p1_1.permission_id,p1_1.permission_name from role_permissions p1_0 join permissions p1_1 on p1_1.permission_id=p1_0.permission_id where p1_0.role_id=?
Hibernate: insert into users (created_at,email,must_change_password,name,password,phone,region_id,role_id,status) values (?,?,?,?,?,?,?,?,?)
Hibernate: insert into audit_logs (action,ip_address,module,timestamp,user_id) values (?,?,?,?,?)
Hibernate: select u1_0.user_id from users u1_0 where u1_0.email=? limit ?
Hibernate: select r1_0.role_id,r1_0.role_name from roles r1_0 where r1_0.role_name=?
Hibernate: select p1_0.role_id,p1_1.permission_id,p1_1.permission_name from role_permissions p1_0 join permissions p1_1 on p1_1.permission_id=p1_0.permission_id where p1_0.role_id=?
Hibernate: insert into users (created_at,email,must_change_password,name,password,phone,region_id,role_id,status) values (?,?,?,?,?,?,?,?,?)
Hibernate: insert into audit_logs (action,ip_address,module,timestamp,user_id) values (?,?,?,?,?)
Hibernate: select u1_0.user_id from users u1_0 where u1_0.email=? limit ?
Hibernate: select r1_0.role_id,r1_0.role_name from roles r1_0 where r1_0.role_name=?
Hibernate: select p1_0.role_id,p1_1.permission_id,p1_1.permission_name from role_permissions p1_0 join permissions p1_1 on p1_1.permission_id=p1_0.permission_id where p1_0.role_id=?
Hibernate: insert into users (created_at,email,must_change_password,name,password,phone,region_id,role_id,status) values (?,?,?,?,?,?,?,?,?)
Hibernate: insert into audit_logs (action,ip_address,module,timestamp,user_id) values (?,?,?,?,?)
Hibernate: select u1_0.user_id from users u1_0 where u1_0.email=? limit ?
Hibernate: select r1_0.role_id,r1_0.role_name from roles r1_0 where r1_0.role_name=?
Hibernate: select p1_0.role_id,p1_1.permission_id,p1_1.permission_name from role_permissions p1_0 join permissions p1_1 on p1_1.permission_id=p1_0.permission_id where p1_0.role_id=?
Hibernate: insert into users (created_at,email,must_change_password,name,password,phone,region_id,role_id,status) values (?,?,?,?,?,?,?,?,?)
Hibernate: insert into audit_logs (action,ip_address,module,timestamp,user_id) values (?,?,?,?,?)
Hibernate: select u1_0.user_id from users u1_0 where u1_0.email=? limit ?
Hibernate: select r1_0.role_id,r1_0.role_name from roles r1_0 where r1_0.role_name=?
Hibernate: select p1_0.role_id,p1_1.permission_id,p1_1.permission_name from role_permissions p1_0 join permissions p1_1 on p1_1.permission_id=p1_0.permission_id where p1_0.role_id=?
Hibernate: insert into users (created_at,email,must_change_password,name,password,phone,region_id,role_id,status) values (?,?,?,?,?,?,?,?,?)
Hibernate: insert into audit_logs (action,ip_address,module,timestamp,user_id) values (?,?,?,?,?)
Hibernate: select u1_0.user_id from users u1_0 where u1_0.email=? limit ?
Hibernate: select r1_0.role_id,r1_0.role_name from roles r1_0 where r1_0.role_name=?
Hibernate: select p1_0.role_id,p1_1.permission_id,p1_1.permission_name from role_permissions p1_0 join permissions p1_1 on p1_1.permission_id=p1_0.permission_id where p1_0.role_id=?
Hibernate: insert into users (created_at,email,must_change_password,name,password,phone,region_id,role_id,status) values (?,?,?,?,?,?,?,?,?)
Hibernate: insert into audit_logs (action,ip_address,module,timestamp,user_id) values (?,?,?,?,?)
Hibernate: select u1_0.user_id from users u1_0 where u1_0.email=? limit ?
Hibernate: select r1_0.role_id,r1_0.role_name from roles r1_0 where r1_0.role_name=?
Hibernate: select p1_0.role_id,p1_1.permission_id,p1_1.permission_name from role_permissions p1_0 join permissions p1_1 on p1_1.permission_id=p1_0.permission_id where p1_0.role_id=?
Hibernate: insert into users (created_at,email,must_change_password,name,password,phone,region_id,role_id,status) values (?,?,?,?,?,?,?,?,?)
Hibernate: insert into audit_logs (action,ip_address,module,timestamp,user_id) values (?,?,?,?,?)
Hibernate: select u1_0.user_id from users u1_0 where u1_0.email=? limit ?
Hibernate: select r1_0.role_id,r1_0.role_name from roles r1_0 where r1_0.role_name=?
Hibernate: select p1_0.role_id,p1_1.permission_id,p1_1.permission_name from role_permissions p1_0 join permissions p1_1 on p1_1.permission_id=p1_0.permission_id where p1_0.role_id=?
Hibernate: insert into users (created_at,email,must_change_password,name,password,phone,region_id,role_id,status) values (?,?,?,?,?,?,?,?,?)
Hibernate: insert into audit_logs (action,ip_address,module,timestamp,user_id) values (?,?,?,?,?)
Hibernate: select u1_0.user_id from users u1_0 where u1_0.email=? limit ?
Hibernate: select r1_0.role_id,r1_0.role_name from roles r1_0 where r1_0.role_name=?
Hibernate: select p1_0.role_id,p1_1.permission_id,p1_1.permission_name from role_permissions p1_0 join permissions p1_1 on p1_1.permission_id=p1_0.permission_id where p1_0.role_id=?
Hibernate: insert into users (created_at,email,must_change_password,name,password,phone,region_id,role_id,status) values (?,?,?,?,?,?,?,?,?)
Hibernate: insert into audit_logs (action,ip_address,module,timestamp,user_id) values (?,?,?,?,?)
Hibernate: select u1_0.user_id from users u1_0 where u1_0.email=? limit ?
Hibernate: select r1_0.role_id,r1_0.role_name from roles r1_0 where r1_0.role_name=?
Hibernate: select p1_0.role_id,p1_1.permission_id,p1_1.permission_name from role_permissions p1_0 join permissions p1_1 on p1_1.permission_id=p1_0.permission_id where p1_0.role_id=?
Hibernate: insert into users (created_at,email,must_change_password,name,password,phone,region_id,role_id,status) values (?,?,?,?,?,?,?,?,?)
Hibernate: insert into audit_logs (action,ip_address,module,timestamp,user_id) values (?,?,?,?,?)
Hibernate: select u1_0.user_id from users u1_0 where u1_0.email=? limit ?
Hibernate: select r1_0.role_id,r1_0.role_name from roles r1_0 where r1_0.role_name=?
Hibernate: select p1_0.role_id,p1_1.permission_id,p1_1.permission_name from role_permissions p1_0 join permissions p1_1 on p1_1.permission_id=p1_0.permission_id where p1_0.role_id=?
Hibernate: insert into users (created_at,email,must_change_password,name,password,phone,region_id,role_id,status) values (?,?,?,?,?,?,?,?,?)
Hibernate: insert into audit_logs (action,ip_address,module,timestamp,user_id) values (?,?,?,?,?)
Hibernate: select u1_0.user_id from users u1_0 where u1_0.email=? limit ?
Hibernate: select r1_0.role_id,r1_0.role_name from roles r1_0 where r1_0.role_name=?
Hibernate: select p1_0.role_id,p1_1.permission_id,p1_1.permission_name from role_permissions p1_0 join permissions p1_1 on p1_1.permission_id=p1_0.permission_id where p1_0.role_id=?
Hibernate: insert into users (created_at,email,must_change_password,name,password,phone,region_id,role_id,status) values (?,?,?,?,?,?,?,?,?)
Hibernate: insert into audit_logs (action,ip_address,module,timestamp,user_id) values (?,?,?,?,?)
Hibernate: select u1_0.user_id from users u1_0 where u1_0.email=? limit ?
Hibernate: select r1_0.role_id,r1_0.role_name from roles r1_0 where r1_0.role_name=?
Hibernate: select p1_0.role_id,p1_1.permission_id,p1_1.permission_name from role_permissions p1_0 join permissions p1_1 on p1_1.permission_id=p1_0.permission_id where p1_0.role_id=?
Hibernate: insert into users (created_at,email,must_change_password,name,password,phone,region_id,role_id,status) values (?,?,?,?,?,?,?,?,?)
Hibernate: insert into audit_logs (action,ip_address,module,timestamp,user_id) values (?,?,?,?,?)
Hibernate: select u1_0.user_id from users u1_0 where u1_0.email=? limit ?
Hibernate: select r1_0.role_id,r1_0.role_name from roles r1_0 where r1_0.role_name=?
Hibernate: select p1_0.role_id,p1_1.permission_id,p1_1.permission_name from role_permissions p1_0 join permissions p1_1 on p1_1.permission_id=p1_0.permission_id where p1_0.role_id=?
Hibernate: insert into users (created_at,email,must_change_password,name,password,phone,region_id,role_id,status) values (?,?,?,?,?,?,?,?,?)
Hibernate: insert into audit_logs (action,ip_address,module,timestamp,user_id) values (?,?,?,?,?)
Hibernate: select u1_0.user_id from users u1_0 where u1_0.email=? limit ?
Hibernate: select r1_0.role_id,r1_0.role_name from roles r1_0 where r1_0.role_name=?
Hibernate: select p1_0.role_id,p1_1.permission_id,p1_1.permission_name from role_permissions p1_0 join permissions p1_1 on p1_1.permission_id=p1_0.permission_id where p1_0.role_id=?
Hibernate: insert into users (created_at,email,must_change_password,name,password,phone,region_id,role_id,status) values (?,?,?,?,?,?,?,?,?)
Hibernate: insert into audit_logs (action,ip_address,module,timestamp,user_id) values (?,?,?,?,?)
Hibernate: select u1_0.user_id from users u1_0 where u1_0.email=? limit ?
Hibernate: select r1_0.role_id,r1_0.role_name from roles r1_0 where r1_0.role_name=?
Hibernate: select p1_0.role_id,p1_1.permission_id,p1_1.permission_name from role_permissions p1_0 join permissions p1_1 on p1_1.permission_id=p1_0.permission_id where p1_0.role_id=?
Hibernate: insert into users (created_at,email,must_change_password,name,password,phone,region_id,role_id,status) values (?,?,?,?,?,?,?,?,?)
Hibernate: insert into audit_logs (action,ip_address,module,timestamp,user_id) values (?,?,?,?,?)
Hibernate: select u1_0.user_id from users u1_0 where u1_0.email=? limit ?
Hibernate: select r1_0.role_id,r1_0.role_name from roles r1_0 where r1_0.role_name=?
Hibernate: select p1_0.role_id,p1_1.permission_id,p1_1.permission_name from role_permissions p1_0 join permissions p1_1 on p1_1.permission_id=p1_0.permission_id where p1_0.role_id=?
Hibernate: insert into users (created_at,email,must_change_password,name,password,phone,region_id,role_id,status) values (?,?,?,?,?,?,?,?,?)
Hibernate: insert into audit_logs (action,ip_address,module,timestamp,user_id) values (?,?,?,?,?)
Hibernate: select u1_0.user_id from users u1_0 where u1_0.email=? limit ?
Hibernate: select r1_0.role_id,r1_0.role_name from roles r1_0 where r1_0.role_name=?
Hibernate: select p1_0.role_id,p1_1.permission_id,p1_1.permission_name from role_permissions p1_0 join permissions p1_1 on p1_1.permission_id=p1_0.permission_id where p1_0.role_id=?
Hibernate: insert into users (created_at,email,must_change_password,name,password,phone,region_id,role_id,status) values (?,?,?,?,?,?,?,?,?)
Hibernate: insert into audit_logs (action,ip_address,module,timestamp,user_id) values (?,?,?,?,?)
Hibernate: select u1_0.user_id from users u1_0 where u1_0.email=? limit ?
Hibernate: select r1_0.role_id,r1_0.role_name from roles r1_0 where r1_0.role_name=?
Hibernate: select p1_0.role_id,p1_1.permission_id,p1_1.permission_name from role_permissions p1_0 join permissions p1_1 on p1_1.permission_id=p1_0.permission_id where p1_0.role_id=?
Hibernate: insert into users (created_at,email,must_change_password,name,password,phone,region_id,role_id,status) values (?,?,?,?,?,?,?,?,?)
Hibernate: insert into audit_logs (action,ip_address,module,timestamp,user_id) values (?,?,?,?,?)
Hibernate: select u1_0.user_id from users u1_0 where u1_0.email=? limit ?
Hibernate: select r1_0.role_id,r1_0.role_name from roles r1_0 where r1_0.role_name=?
Hibernate: select p1_0.role_id,p1_1.permission_id,p1_1.permission_name from role_permissions p1_0 join permissions p1_1 on p1_1.permission_id=p1_0.permission_id where p1_0.role_id=?
Hibernate: insert into users (created_at,email,must_change_password,name,password,phone,region_id,role_id,status) values (?,?,?,?,?,?,?,?,?)
Hibernate: insert into audit_logs (action,ip_address,module,timestamp,user_id) values (?,?,?,?,?)
Hibernate: select u1_0.user_id from users u1_0 where u1_0.email=? limit ?
Hibernate: select r1_0.role_id,r1_0.role_name from roles r1_0 where r1_0.role_name=?
Hibernate: select p1_0.role_id,p1_1.permission_id,p1_1.permission_name from role_permissions p1_0 join permissions p1_1 on p1_1.permission_id=p1_0.permission_id where p1_0.role_id=?
Hibernate: insert into users (created_at,email,must_change_password,name,password,phone,region_id,role_id,status) values (?,?,?,?,?,?,?,?,?)
Hibernate: insert into audit_logs (action,ip_address,module,timestamp,user_id) values (?,?,?,?,?)
Hibernate: select u1_0.user_id from users u1_0 where u1_0.email=? limit ?
Hibernate: select r1_0.role_id,r1_0.role_name from roles r1_0 where r1_0.role_name=?
Hibernate: select p1_0.role_id,p1_1.permission_id,p1_1.permission_name from role_permissions p1_0 join permissions p1_1 on p1_1.permission_id=p1_0.permission_id where p1_0.role_id=?
Hibernate: insert into users (created_at,email,must_change_password,name,password,phone,region_id,role_id,status) values (?,?,?,?,?,?,?,?,?)
Hibernate: insert into audit_logs (action,ip_address,module,timestamp,user_id) values (?,?,?,?,?)
Hibernate: select u1_0.user_id from users u1_0 where u1_0.email=? limit ?
Hibernate: select r1_0.role_id,r1_0.role_name from roles r1_0 where r1_0.role_name=?
Hibernate: select p1_0.role_id,p1_1.permission_id,p1_1.permission_name from role_permissions p1_0 join permissions p1_1 on p1_1.permission_id=p1_0.permission_id where p1_0.role_id=?
Hibernate: insert into users (created_at,email,must_change_password,name,password,phone,region_id,role_id,status) values (?,?,?,?,?,?,?,?,?)
Hibernate: insert into audit_logs (action,ip_address,module,timestamp,user_id) values (?,?,?,?,?)
Hibernate: select u1_0.user_id from users u1_0 where u1_0.email=? limit ?
Hibernate: select r1_0.role_id,r1_0.role_name from roles r1_0 where r1_0.role_name=?
Hibernate: select p1_0.role_id,p1_1.permission_id,p1_1.permission_name from role_permissions p1_0 join permissions p1_1 on p1_1.permission_id=p1_0.permission_id where p1_0.role_id=?
Hibernate: insert into users (created_at,email,must_change_password,name,password,phone,region_id,role_id,status) values (?,?,?,?,?,?,?,?,?)
Hibernate: insert into audit_logs (action,ip_address,module,timestamp,user_id) values (?,?,?,?,?)
Hibernate: select u1_0.user_id from users u1_0 where u1_0.email=? limit ?
Hibernate: select r1_0.role_id,r1_0.role_name from roles r1_0 where r1_0.role_name=?
Hibernate: select p1_0.role_id,p1_1.permission_id,p1_1.permission_name from role_permissions p1_0 join permissions p1_1 on p1_1.permission_id=p1_0.permission_id where p1_0.role_id=?
Hibernate: insert into users (created_at,email,must_change_password,name,password,phone,region_id,role_id,status) values (?,?,?,?,?,?,?,?,?)
Hibernate: insert into audit_logs (action,ip_address,module,timestamp,user_id) values (?,?,?,?,?)
Hibernate: select u1_0.user_id from users u1_0 where u1_0.email=? limit ?
Hibernate: select r1_0.role_id,r1_0.role_name from roles r1_0 where r1_0.role_name=?
Hibernate: select p1_0.role_id,p1_1.permission_id,p1_1.permission_name from role_permissions p1_0 join permissions p1_1 on p1_1.permission_id=p1_0.permission_id where p1_0.role_id=?
Hibernate: insert into users (created_at,email,must_change_password,name,password,phone,region_id,role_id,status) values (?,?,?,?,?,?,?,?,?)
Hibernate: insert into audit_logs (action,ip_address,module,timestamp,user_id) values (?,?,?,?,?)
Hibernate: select u1_0.user_id from users u1_0 where u1_0.email=? limit ?
Hibernate: select r1_0.role_id,r1_0.role_name from roles r1_0 where r1_0.role_name=?
Hibernate: select p1_0.role_id,p1_1.permission_id,p1_1.permission_name from role_permissions p1_0 join permissions p1_1 on p1_1.permission_id=p1_0.permission_id where p1_0.role_id=?
Hibernate: insert into users (created_at,email,must_change_password,name,password,phone,region_id,role_id,status) values (?,?,?,?,?,?,?,?,?)
Hibernate: insert into audit_logs (action,ip_address,module,timestamp,user_id) values (?,?,?,?,?)
Hibernate: select u1_0.user_id from users u1_0 where u1_0.email=? limit ?
Hibernate: select r1_0.role_id,r1_0.role_name from roles r1_0 where r1_0.role_name=?
Hibernate: select p1_0.role_id,p1_1.permission_id,p1_1.permission_name from role_permissions p1_0 join permissions p1_1 on p1_1.permission_id=p1_0.permission_id where p1_0.role_id=?
Hibernate: insert into users (created_at,email,must_change_password,name,password,phone,region_id,role_id,status) values (?,?,?,?,?,?,?,?,?)
Hibernate: insert into audit_logs (action,ip_address,module,timestamp,user_id) values (?,?,?,?,?)
Hibernate: select u1_0.user_id from users u1_0 where u1_0.email=? limit ?
Hibernate: select r1_0.role_id,r1_0.role_name from roles r1_0 where r1_0.role_name=?
Hibernate: select p1_0.role_id,p1_1.permission_id,p1_1.permission_name from role_permissions p1_0 join permissions p1_1 on p1_1.permission_id=p1_0.permission_id where p1_0.role_id=?
Hibernate: insert into users (created_at,email,must_change_password,name,password,phone,region_id,role_id,status) values (?,?,?,?,?,?,?,?,?)
Hibernate: insert into audit_logs (action,ip_address,module,timestamp,user_id) values (?,?,?,?,?)
Hibernate: select u1_0.user_id from users u1_0 where u1_0.email=? limit ?
Hibernate: select r1_0.role_id,r1_0.role_name from roles r1_0 where r1_0.role_name=?
Hibernate: select p1_0.role_id,p1_1.permission_id,p1_1.permission_name from role_permissions p1_0 join permissions p1_1 on p1_1.permission_id=p1_0.permission_id where p1_0.role_id=?
Hibernate: insert into users (created_at,email,must_change_password,name,password,phone,region_id,role_id,status) values (?,?,?,?,?,?,?,?,?)
Hibernate: insert into audit_logs (action,ip_address,module,timestamp,user_id) values (?,?,?,?,?)
Hibernate: select u1_0.user_id from users u1_0 where u1_0.email=? limit ?
Hibernate: select r1_0.role_id,r1_0.role_name from roles r1_0 where r1_0.role_name=?
Hibernate: select p1_0.role_id,p1_1.permission_id,p1_1.permission_name from role_permissions p1_0 join permissions p1_1 on p1_1.permission_id=p1_0.permission_id where p1_0.role_id=?
Hibernate: insert into users (created_at,email,must_change_password,name,password,phone,region_id,role_id,status) values (?,?,?,?,?,?,?,?,?)
Hibernate: insert into audit_logs (action,ip_address,module,timestamp,user_id) values (?,?,?,?,?)
Hibernate: select u1_0.user_id from users u1_0 where u1_0.email=? limit ?
Hibernate: select r1_0.role_id,r1_0.role_name from roles r1_0 where r1_0.role_name=?
Hibernate: select p1_0.role_id,p1_1.permission_id,p1_1.permission_name from role_permissions p1_0 join permissions p1_1 on p1_1.permission_id=p1_0.permission_id where p1_0.role_id=?
Hibernate: insert into users (created_at,email,must_change_password,name,password,phone,region_id,role_id,status) values (?,?,?,?,?,?,?,?,?)
Hibernate: insert into audit_logs (action,ip_address,module,timestamp,user_id) values (?,?,?,?,?)
Hibernate: select u1_0.user_id from users u1_0 where u1_0.email=? limit ?
Hibernate: select r1_0.role_id,r1_0.role_name from roles r1_0 where r1_0.role_name=?
Hibernate: select p1_0.role_id,p1_1.permission_id,p1_1.permission_name from role_permissions p1_0 join permissions p1_1 on p1_1.permission_id=p1_0.permission_id where p1_0.role_id=?
Hibernate: insert into users (created_at,email,must_change_password,name,password,phone,region_id,role_id,status) values (?,?,?,?,?,?,?,?,?)
Hibernate: insert into audit_logs (action,ip_address,module,timestamp,user_id) values (?,?,?,?,?)
Hibernate: select u1_0.user_id from users u1_0 where u1_0.email=? limit ?
Hibernate: select r1_0.role_id,r1_0.role_name from roles r1_0 where r1_0.role_name=?
Hibernate: select p1_0.role_id,p1_1.permission_id,p1_1.permission_name from role_permissions p1_0 join permissions p1_1 on p1_1.permission_id=p1_0.permission_id where p1_0.role_id=?
Hibernate: insert into users (created_at,email,must_change_password,name,password,phone,region_id,role_id,status) values (?,?,?,?,?,?,?,?,?)
Hibernate: insert into audit_logs (action,ip_address,module,timestamp,user_id) values (?,?,?,?,?)
Hibernate: select u1_0.user_id from users u1_0 where u1_0.email=? limit ?
Hibernate: select r1_0.role_id,r1_0.role_name from roles r1_0 where r1_0.role_name=?
Hibernate: select p1_0.role_id,p1_1.permission_id,p1_1.permission_name from role_permissions p1_0 join permissions p1_1 on p1_1.permission_id=p1_0.permission_id where p1_0.role_id=?
Hibernate: insert into users (created_at,email,must_change_password,name,password,phone,region_id,role_id,status) values (?,?,?,?,?,?,?,?,?)
Hibernate: insert into audit_logs (action,ip_address,module,timestamp,user_id) values (?,?,?,?,?)
Hibernate: select u1_0.user_id from users u1_0 where u1_0.email=? limit ?
Hibernate: select r1_0.role_id,r1_0.role_name from roles r1_0 where r1_0.role_name=?
Hibernate: select p1_0.role_id,p1_1.permission_id,p1_1.permission_name from role_permissions p1_0 join permissions p1_1 on p1_1.permission_id=p1_0.permission_id where p1_0.role_id=?
Hibernate: insert into users (created_at,email,must_change_password,name,password,phone,region_id,role_id,status) values (?,?,?,?,?,?,?,?,?)
Hibernate: insert into audit_logs (action,ip_address,module,timestamp,user_id) values (?,?,?,?,?)
Hibernate: select u1_0.user_id from users u1_0 where u1_0.email=? limit ?
Hibernate: select r1_0.role_id,r1_0.role_name from roles r1_0 where r1_0.role_name=?
Hibernate: select p1_0.role_id,p1_1.permission_id,p1_1.permission_name from role_permissions p1_0 join permissions p1_1 on p1_1.permission_id=p1_0.permission_id where p1_0.role_id=?
Hibernate: insert into users (created_at,email,must_change_password,name,password,phone,region_id,role_id,status) values (?,?,?,?,?,?,?,?,?)
Hibernate: insert into audit_logs (action,ip_address,module,timestamp,user_id) values (?,?,?,?,?)
Hibernate: select u1_0.user_id from users u1_0 where u1_0.email=? limit ?
Hibernate: select r1_0.role_id,r1_0.role_name from roles r1_0 where r1_0.role_name=?
Hibernate: select p1_0.role_id,p1_1.permission_id,p1_1.permission_name from role_permissions p1_0 join permissions p1_1 on p1_1.permission_id=p1_0.permission_id where p1_0.role_id=?
Hibernate: insert into users (created_at,email,must_change_password,name,password,phone,region_id,role_id,status) values (?,?,?,?,?,?,?,?,?)
Hibernate: insert into audit_logs (action,ip_address,module,timestamp,user_id) values (?,?,?,?,?)
Hibernate: select u1_0.user_id from users u1_0 where u1_0.email=? limit ?
Hibernate: select r1_0.role_id,r1_0.role_name from roles r1_0 where r1_0.role_name=?
Hibernate: select p1_0.role_id,p1_1.permission_id,p1_1.permission_name from role_permissions p1_0 join permissions p1_1 on p1_1.permission_id=p1_0.permission_id where p1_0.role_id=?
Hibernate: insert into users (created_at,email,must_change_password,name,password,phone,region_id,role_id,status) values (?,?,?,?,?,?,?,?,?)
Hibernate: insert into audit_logs (action,ip_address,module,timestamp,user_id) values (?,?,?,?,?)
Hibernate: select u1_0.user_id from users u1_0 where u1_0.email=? limit ?
Hibernate: select r1_0.role_id,r1_0.role_name from roles r1_0 where r1_0.role_name=?
Hibernate: select p1_0.role_id,p1_1.permission_id,p1_1.permission_name from role_permissions p1_0 join permissions p1_1 on p1_1.permission_id=p1_0.permission_id where p1_0.role_id=?
Hibernate: insert into users (created_at,email,must_change_password,name,password,phone,region_id,role_id,status) values (?,?,?,?,?,?,?,?,?)
Hibernate: insert into audit_logs (action,ip_address,module,timestamp,user_id) values (?,?,?,?,?)
Hibernate: select u1_0.user_id from users u1_0 where u1_0.email=? limit ?
Hibernate: select r1_0.role_id,r1_0.role_name from roles r1_0 where r1_0.role_name=?
Hibernate: select p1_0.role_id,p1_1.permission_id,p1_1.permission_name from role_permissions p1_0 join permissions p1_1 on p1_1.permission_id=p1_0.permission_id where p1_0.role_id=?
Hibernate: insert into users (created_at,email,must_change_password,name,password,phone,region_id,role_id,status) values (?,?,?,?,?,?,?,?,?)
Hibernate: insert into audit_logs (action,ip_address,module,timestamp,user_id) values (?,?,?,?,?)
Hibernate: select u1_0.user_id from users u1_0 where u1_0.email=? limit ?
Hibernate: select r1_0.role_id,r1_0.role_name from roles r1_0 where r1_0.role_name=?
Hibernate: select p1_0.role_id,p1_1.permission_id,p1_1.permission_name from role_permissions p1_0 join permissions p1_1 on p1_1.permission_id=p1_0.permission_id where p1_0.role_id=?
Hibernate: insert into users (created_at,email,must_change_password,name,password,phone,region_id,role_id,status) values (?,?,?,?,?,?,?,?,?)
Hibernate: insert into audit_logs (action,ip_address,module,timestamp,user_id) values (?,?,?,?,?)
Hibernate: select u1_0.user_id from users u1_0 where u1_0.email=? limit ?
Hibernate: select r1_0.role_id,r1_0.role_name from roles r1_0 where r1_0.role_name=?
Hibernate: select p1_0.role_id,p1_1.permission_id,p1_1.permission_name from role_permissions p1_0 join permissions p1_1 on p1_1.permission_id=p1_0.permission_id where p1_0.role_id=?
Hibernate: insert into users (created_at,email,must_change_password,name,password,phone,region_id,role_id,status) values (?,?,?,?,?,?,?,?,?)
Hibernate: insert into audit_logs (action,ip_address,module,timestamp,user_id) values (?,?,?,?,?)
Hibernate: select u1_0.user_id from users u1_0 where u1_0.email=? limit ?
Hibernate: select r1_0.role_id,r1_0.role_name from roles r1_0 where r1_0.role_name=?
Hibernate: select p1_0.role_id,p1_1.permission_id,p1_1.permission_name from role_permissions p1_0 join permissions p1_1 on p1_1.permission_id=p1_0.permission_id where p1_0.role_id=?
Hibernate: insert into users (created_at,email,must_change_password,name,password,phone,region_id,role_id,status) values (?,?,?,?,?,?,?,?,?)
Hibernate: insert into audit_logs (action,ip_address,module,timestamp,user_id) values (?,?,?,?,?)
Hibernate: select u1_0.user_id from users u1_0 where u1_0.email=? limit ?
Hibernate: select r1_0.role_id,r1_0.role_name from roles r1_0 where r1_0.role_name=?
Hibernate: select p1_0.role_id,p1_1.permission_id,p1_1.permission_name from role_permissions p1_0 join permissions p1_1 on p1_1.permission_id=p1_0.permission_id where p1_0.role_id=?
Hibernate: insert into users (created_at,email,must_change_password,name,password,phone,region_id,role_id,status) values (?,?,?,?,?,?,?,?,?)
Hibernate: insert into audit_logs (action,ip_address,module,timestamp,user_id) values (?,?,?,?,?)
Hibernate: select u1_0.user_id from users u1_0 where u1_0.email=? limit ?
Hibernate: select r1_0.role_id,r1_0.role_name from roles r1_0 where r1_0.role_name=?
Hibernate: select p1_0.role_id,p1_1.permission_id,p1_1.permission_name from role_permissions p1_0 join permissions p1_1 on p1_1.permission_id=p1_0.permission_id where p1_0.role_id=?
Hibernate: insert into users (created_at,email,must_change_password,name,password,phone,region_id,role_id,status) values (?,?,?,?,?,?,?,?,?)
Hibernate: insert into audit_logs (action,ip_address,module,timestamp,user_id) values (?,?,?,?,?)
Hibernate: select u1_0.user_id from users u1_0 where u1_0.email=? limit ?
Hibernate: select r1_0.role_id,r1_0.role_name from roles r1_0 where r1_0.role_name=?
Hibernate: select p1_0.role_id,p1_1.permission_id,p1_1.permission_name from role_permissions p1_0 join permissions p1_1 on p1_1.permission_id=p1_0.permission_id where p1_0.role_id=?
Hibernate: insert into users (created_at,email,must_change_password,name,password,phone,region_id,role_id,status) values (?,?,?,?,?,?,?,?,?)
Hibernate: insert into audit_logs (action,ip_address,module,timestamp,user_id) values (?,?,?,?,?)
Hibernate: select u1_0.user_id from users u1_0 where u1_0.email=? limit ?
Hibernate: select r1_0.role_id,r1_0.role_name from roles r1_0 where r1_0.role_name=?
Hibernate: select p1_0.role_id,p1_1.permission_id,p1_1.permission_name from role_permissions p1_0 join permissions p1_1 on p1_1.permission_id=p1_0.permission_id where p1_0.role_id=?
Hibernate: insert into users (created_at,email,must_change_password,name,password,phone,region_id,role_id,status) values (?,?,?,?,?,?,?,?,?)
Hibernate: insert into audit_logs (action,ip_address,module,timestamp,user_id) values (?,?,?,?,?)
Hibernate: select u1_0.user_id from users u1_0 where u1_0.email=? limit ?
Hibernate: select r1_0.role_id,r1_0.role_name from roles r1_0 where r1_0.role_name=?
Hibernate: select p1_0.role_id,p1_1.permission_id,p1_1.permission_name from role_permissions p1_0 join permissions p1_1 on p1_1.permission_id=p1_0.permission_id where p1_0.role_id=?
Hibernate: insert into users (created_at,email,must_change_password,name,password,phone,region_id,role_id,status) values (?,?,?,?,?,?,?,?,?)
Hibernate: insert into audit_logs (action,ip_address,module,timestamp,user_id) values (?,?,?,?,?)
Hibernate: select u1_0.user_id from users u1_0 where u1_0.email=? limit ?
Hibernate: select r1_0.role_id,r1_0.role_name from roles r1_0 where r1_0.role_name=?
Hibernate: select p1_0.role_id,p1_1.permission_id,p1_1.permission_name from role_permissions p1_0 join permissions p1_1 on p1_1.permission_id=p1_0.permission_id where p1_0.role_id=?
Hibernate: insert into users (created_at,email,must_change_password,name,password,phone,region_id,role_id,status) values (?,?,?,?,?,?,?,?,?)
Hibernate: insert into audit_logs (action,ip_address,module,timestamp,user_id) values (?,?,?,?,?)
Hibernate: select u1_0.user_id from users u1_0 where u1_0.email=? limit ?
Hibernate: select r1_0.role_id,r1_0.role_name from roles r1_0 where r1_0.role_name=?
Hibernate: select p1_0.role_id,p1_1.permission_id,p1_1.permission_name from role_permissions p1_0 join permissions p1_1 on p1_1.permission_id=p1_0.permission_id where p1_0.role_id=?
Hibernate: insert into users (created_at,email,must_change_password,name,password,phone,region_id,role_id,status) values (?,?,?,?,?,?,?,?,?)
Hibernate: insert into audit_logs (action,ip_address,module,timestamp,user_id) values (?,?,?,?,?)
Hibernate: select u1_0.user_id from users u1_0 where u1_0.email=? limit ?
Hibernate: select r1_0.role_id,r1_0.role_name from roles r1_0 where r1_0.role_name=?
Hibernate: select p1_0.role_id,p1_1.permission_id,p1_1.permission_name from role_permissions p1_0 join permissions p1_1 on p1_1.permission_id=p1_0.permission_id where p1_0.role_id=?
Hibernate: insert into users (created_at,email,must_change_password,name,password,phone,region_id,role_id,status) values (?,?,?,?,?,?,?,?,?)
Hibernate: insert into audit_logs (action,ip_address,module,timestamp,user_id) values (?,?,?,?,?)
Hibernate: select u1_0.user_id from users u1_0 where u1_0.email=? limit ?
Hibernate: select r1_0.role_id,r1_0.role_name from roles r1_0 where r1_0.role_name=?
Hibernate: select p1_0.role_id,p1_1.permission_id,p1_1.permission_name from role_permissions p1_0 join permissions p1_1 on p1_1.permission_id=p1_0.permission_id where p1_0.role_id=?
Hibernate: insert into users (created_at,email,must_change_password,name,password,phone,region_id,role_id,status) values (?,?,?,?,?,?,?,?,?)
Hibernate: insert into audit_logs (action,ip_address,module,timestamp,user_id) values (?,?,?,?,?)
Hibernate: select u1_0.user_id from users u1_0 where u1_0.email=? limit ?
Hibernate: select r1_0.role_id,r1_0.role_name from roles r1_0 where r1_0.role_name=?
Hibernate: select p1_0.role_id,p1_1.permission_id,p1_1.permission_name from role_permissions p1_0 join permissions p1_1 on p1_1.permission_id=p1_0.permission_id where p1_0.role_id=?
Hibernate: insert into users (created_at,email,must_change_password,name,password,phone,region_id,role_id,status) values (?,?,?,?,?,?,?,?,?)
Hibernate: insert into audit_logs (action,ip_address,module,timestamp,user_id) values (?,?,?,?,?)
Hibernate: select u1_0.user_id from users u1_0 where u1_0.email=? limit ?
Hibernate: select r1_0.role_id,r1_0.role_name from roles r1_0 where r1_0.role_name=?
Hibernate: select p1_0.role_id,p1_1.permission_id,p1_1.permission_name from role_permissions p1_0 join permissions p1_1 on p1_1.permission_id=p1_0.permission_id where p1_0.role_id=?
Hibernate: insert into users (created_at,email,must_change_password,name,password,phone,region_id,role_id,status) values (?,?,?,?,?,?,?,?,?)
Hibernate: insert into audit_logs (action,ip_address,module,timestamp,user_id) values (?,?,?,?,?)
Hibernate: select u1_0.user_id from users u1_0 where u1_0.email=? limit ?
Hibernate: select r1_0.role_id,r1_0.role_name from roles r1_0 where r1_0.role_name=?
Hibernate: select p1_0.role_id,p1_1.permission_id,p1_1.permission_name from role_permissions p1_0 join permissions p1_1 on p1_1.permission_id=p1_0.permission_id where p1_0.role_id=?
Hibernate: insert into users (created_at,email,must_change_password,name,password,phone,region_id,role_id,status) values (?,?,?,?,?,?,?,?,?)
Hibernate: insert into audit_logs (action,ip_address,module,timestamp,user_id) values (?,?,?,?,?)
Hibernate: select u1_0.user_id from users u1_0 where u1_0.email=? limit ?
Hibernate: select r1_0.role_id,r1_0.role_name from roles r1_0 where r1_0.role_name=?
Hibernate: select p1_0.role_id,p1_1.permission_id,p1_1.permission_name from role_permissions p1_0 join permissions p1_1 on p1_1.permission_id=p1_0.permission_id where p1_0.role_id=?
Hibernate: insert into users (created_at,email,must_change_password,name,password,phone,region_id,role_id,status) values (?,?,?,?,?,?,?,?,?)
Hibernate: insert into audit_logs (action,ip_address,module,timestamp,user_id) values (?,?,?,?,?)
Hibernate: select u1_0.user_id from users u1_0 where u1_0.email=? limit ?
Hibernate: select r1_0.role_id,r1_0.role_name from roles r1_0 where r1_0.role_name=?
Hibernate: select p1_0.role_id,p1_1.permission_id,p1_1.permission_name from role_permissions p1_0 join permissions p1_1 on p1_1.permission_id=p1_0.permission_id where p1_0.role_id=?
Hibernate: insert into users (created_at,email,must_change_password,name,password,phone,region_id,role_id,status) values (?,?,?,?,?,?,?,?,?)
Hibernate: insert into audit_logs (action,ip_address,module,timestamp,user_id) values (?,?,?,?,?)
Hibernate: select u1_0.user_id from users u1_0 where u1_0.email=? limit ?
Hibernate: select r1_0.role_id,r1_0.role_name from roles r1_0 where r1_0.role_name=?
Hibernate: select p1_0.role_id,p1_1.permission_id,p1_1.permission_name from role_permissions p1_0 join permissions p1_1 on p1_1.permission_id=p1_0.permission_id where p1_0.role_id=?
Hibernate: insert into users (created_at,email,must_change_password,name,password,phone,region_id,role_id,status) values (?,?,?,?,?,?,?,?,?)
Hibernate: insert into audit_logs (action,ip_address,module,timestamp,user_id) values (?,?,?,?,?)
Hibernate: select u1_0.user_id from users u1_0 where u1_0.email=? limit ?
Hibernate: select r1_0.role_id,r1_0.role_name from roles r1_0 where r1_0.role_name=?
Hibernate: select p1_0.role_id,p1_1.permission_id,p1_1.permission_name from role_permissions p1_0 join permissions p1_1 on p1_1.permission_id=p1_0.permission_id where p1_0.role_id=?
Hibernate: insert into users (created_at,email,must_change_password,name,password,phone,region_id,role_id,status) values (?,?,?,?,?,?,?,?,?)
Hibernate: insert into audit_logs (action,ip_address,module,timestamp,user_id) values (?,?,?,?,?)
Hibernate: select u1_0.user_id from users u1_0 where u1_0.email=? limit ?
Hibernate: select r1_0.role_id,r1_0.role_name from roles r1_0 where r1_0.role_name=?
Hibernate: select p1_0.role_id,p1_1.permission_id,p1_1.permission_name from role_permissions p1_0 join permissions p1_1 on p1_1.permission_id=p1_0.permission_id where p1_0.role_id=?
Hibernate: insert into users (created_at,email,must_change_password,name,password,phone,region_id,role_id,status) values (?,?,?,?,?,?,?,?,?)
Hibernate: insert into audit_logs (action,ip_address,module,timestamp,user_id) values (?,?,?,?,?)
Hibernate: select u1_0.user_id from users u1_0 where u1_0.email=? limit ?
Hibernate: select r1_0.role_id,r1_0.role_name from roles r1_0 where r1_0.role_name=?
Hibernate: select p1_0.role_id,p1_1.permission_id,p1_1.permission_name from role_permissions p1_0 join permissions p1_1 on p1_1.permission_id=p1_0.permission_id where p1_0.role_id=?
Hibernate: insert into users (created_at,email,must_change_password,name,password,phone,region_id,role_id,status) values (?,?,?,?,?,?,?,?,?)
Hibernate: insert into audit_logs (action,ip_address,module,timestamp,user_id) values (?,?,?,?,?)
Hibernate: select u1_0.user_id from users u1_0 where u1_0.email=? limit ?
Hibernate: select r1_0.role_id,r1_0.role_name from roles r1_0 where r1_0.role_name=?
Hibernate: select p1_0.role_id,p1_1.permission_id,p1_1.permission_name from role_permissions p1_0 join permissions p1_1 on p1_1.permission_id=p1_0.permission_id where p1_0.role_id=?
Hibernate: insert into users (created_at,email,must_change_password,name,password,phone,region_id,role_id,status) values (?,?,?,?,?,?,?,?,?)
Hibernate: insert into audit_logs (action,ip_address,module,timestamp,user_id) values (?,?,?,?,?)
Hibernate: select u1_0.user_id from users u1_0 where u1_0.email=? limit ?
Hibernate: select r1_0.role_id,r1_0.role_name from roles r1_0 where r1_0.role_name=?
Hibernate: select p1_0.role_id,p1_1.permission_id,p1_1.permission_name from role_permissions p1_0 join permissions p1_1 on p1_1.permission_id=p1_0.permission_id where p1_0.role_id=?
Hibernate: insert into users (created_at,email,must_change_password,name,password,phone,region_id,role_id,status) values (?,?,?,?,?,?,?,?,?)
Hibernate: insert into audit_logs (action,ip_address,module,timestamp,user_id) values (?,?,?,?,?)
Hibernate: select u1_0.user_id from users u1_0 where u1_0.email=? limit ?
Hibernate: select r1_0.role_id,r1_0.role_name from roles r1_0 where r1_0.role_name=?
Hibernate: select p1_0.role_id,p1_1.permission_id,p1_1.permission_name from role_permissions p1_0 join permissions p1_1 on p1_1.permission_id=p1_0.permission_id where p1_0.role_id=?
Hibernate: insert into users (created_at,email,must_change_password,name,password,phone,region_id,role_id,status) values (?,?,?,?,?,?,?,?,?)
Hibernate: insert into audit_logs (action,ip_address,module,timestamp,user_id) values (?,?,?,?,?)
Hibernate: select u1_0.user_id from users u1_0 where u1_0.email=? limit ?
Hibernate: select r1_0.role_id,r1_0.role_name from roles r1_0 where r1_0.role_name=?
Hibernate: select p1_0.role_id,p1_1.permission_id,p1_1.permission_name from role_permissions p1_0 join permissions p1_1 on p1_1.permission_id=p1_0.permission_id where p1_0.role_id=?
Hibernate: insert into users (created_at,email,must_change_password,name,password,phone,region_id,role_id,status) values (?,?,?,?,?,?,?,?,?)
Hibernate: insert into audit_logs (action,ip_address,module,timestamp,user_id) values (?,?,?,?,?)
Hibernate: select u1_0.user_id from users u1_0 where u1_0.email=? limit ?
Hibernate: select r1_0.role_id,r1_0.role_name from roles r1_0 where r1_0.role_name=?
Hibernate: select p1_0.role_id,p1_1.permission_id,p1_1.permission_name from role_permissions p1_0 join permissions p1_1 on p1_1.permission_id=p1_0.permission_id where p1_0.role_id=?
Hibernate: insert into users (created_at,email,must_change_password,name,password,phone,region_id,role_id,status) values (?,?,?,?,?,?,?,?,?)
Hibernate: insert into audit_logs (action,ip_address,module,timestamp,user_id) values (?,?,?,?,?)
Hibernate: select u1_0.user_id from users u1_0 where u1_0.email=? limit ?
Hibernate: select r1_0.role_id,r1_0.role_name from roles r1_0 where r1_0.role_name=?
Hibernate: select p1_0.role_id,p1_1.permission_id,p1_1.permission_name from role_permissions p1_0 join permissions p1_1 on p1_1.permission_id=p1_0.permission_id where p1_0.role_id=?
Hibernate: insert into users (created_at,email,must_change_password,name,password,phone,region_id,role_id,status) values (?,?,?,?,?,?,?,?,?)
Hibernate: insert into audit_logs (action,ip_address,module,timestamp,user_id) values (?,?,?,?,?)
Hibernate: select u1_0.user_id from users u1_0 where u1_0.email=? limit ?
Hibernate: select r1_0.role_id,r1_0.role_name from roles r1_0 where r1_0.role_name=?
Hibernate: select p1_0.role_id,p1_1.permission_id,p1_1.permission_name from role_permissions p1_0 join permissions p1_1 on p1_1.permission_id=p1_0.permission_id where p1_0.role_id=?
Hibernate: insert into users (created_at,email,must_change_password,name,password,phone,region_id,role_id,status) values (?,?,?,?,?,?,?,?,?)
Hibernate: insert into audit_logs (action,ip_address,module,timestamp,user_id) values (?,?,?,?,?)
Hibernate: select u1_0.user_id from users u1_0 where u1_0.email=? limit ?
Hibernate: select r1_0.role_id,r1_0.role_name from roles r1_0 where r1_0.role_name=?
Hibernate: select p1_0.role_id,p1_1.permission_id,p1_1.permission_name from role_permissions p1_0 join permissions p1_1 on p1_1.permission_id=p1_0.permission_id where p1_0.role_id=?
Hibernate: insert into users (created_at,email,must_change_password,name,password,phone,region_id,role_id,status) values (?,?,?,?,?,?,?,?,?)
Hibernate: insert into audit_logs (action,ip_address,module,timestamp,user_id) values (?,?,?,?,?)
Hibernate: select u1_0.user_id from users u1_0 where u1_0.email=? limit ?
Hibernate: select r1_0.role_id,r1_0.role_name from roles r1_0 where r1_0.role_name=?
Hibernate: select p1_0.role_id,p1_1.permission_id,p1_1.permission_name from role_permissions p1_0 join permissions p1_1 on p1_1.permission_id=p1_0.permission_id where p1_0.role_id=?
Hibernate: insert into users (created_at,email,must_change_password,name,password,phone,region_id,role_id,status) values (?,?,?,?,?,?,?,?,?)
Hibernate: insert into audit_logs (action,ip_address,module,timestamp,user_id) values (?,?,?,?,?)
Hibernate: select u1_0.user_id from users u1_0 where u1_0.email=? limit ?
Hibernate: select r1_0.role_id,r1_0.role_name from roles r1_0 where r1_0.role_name=?
Hibernate: select p1_0.role_id,p1_1.permission_id,p1_1.permission_name from role_permissions p1_0 join permissions p1_1 on p1_1.permission_id=p1_0.permission_id where p1_0.role_id=?
Hibernate: insert into users (created_at,email,must_change_password,name,password,phone,region_id,role_id,status) values (?,?,?,?,?,?,?,?,?)
Hibernate: insert into audit_logs (action,ip_address,module,timestamp,user_id) values (?,?,?,?,?)
Hibernate: select u1_0.user_id from users u1_0 where u1_0.email=? limit ?
Hibernate: select r1_0.role_id,r1_0.role_name from roles r1_0 where r1_0.role_name=?
Hibernate: select p1_0.role_id,p1_1.permission_id,p1_1.permission_name from role_permissions p1_0 join permissions p1_1 on p1_1.permission_id=p1_0.permission_id where p1_0.role_id=?
Hibernate: insert into users (created_at,email,must_change_password,name,password,phone,region_id,role_id,status) values (?,?,?,?,?,?,?,?,?)
Hibernate: insert into audit_logs (action,ip_address,module,timestamp,user_id) values (?,?,?,?,?)
Hibernate: select u1_0.user_id from users u1_0 where u1_0.email=? limit ?
Hibernate: select r1_0.role_id,r1_0.role_name from roles r1_0 where r1_0.role_name=?
Hibernate: select p1_0.role_id,p1_1.permission_id,p1_1.permission_name from role_permissions p1_0 join permissions p1_1 on p1_1.permission_id=p1_0.permission_id where p1_0.role_id=?
Hibernate: insert into users (created_at,email,must_change_password,name,password,phone,region_id,role_id,status) values (?,?,?,?,?,?,?,?,?)
Hibernate: insert into audit_logs (action,ip_address,module,timestamp,user_id) values (?,?,?,?,?)
Hibernate: select u1_0.user_id from users u1_0 where u1_0.email=? limit ?
Hibernate: select r1_0.role_id,r1_0.role_name from roles r1_0 where r1_0.role_name=?
Hibernate: select p1_0.role_id,p1_1.permission_id,p1_1.permission_name from role_permissions p1_0 join permissions p1_1 on p1_1.permission_id=p1_0.permission_id where p1_0.role_id=?
Hibernate: insert into users (created_at,email,must_change_password,name,password,phone,region_id,role_id,status) values (?,?,?,?,?,?,?,?,?)
Hibernate: insert into audit_logs (action,ip_address,module,timestamp,user_id) values (?,?,?,?,?)
Hibernate: select u1_0.user_id from users u1_0 where u1_0.email=? limit ?
Hibernate: select r1_0.role_id,r1_0.role_name from roles r1_0 where r1_0.role_name=?
Hibernate: select p1_0.role_id,p1_1.permission_id,p1_1.permission_name from role_permissions p1_0 join permissions p1_1 on p1_1.permission_id=p1_0.permission_id where p1_0.role_id=?
Hibernate: insert into users (created_at,email,must_change_password,name,password,phone,region_id,role_id,status) values (?,?,?,?,?,?,?,?,?)
Hibernate: insert into audit_logs (action,ip_address,module,timestamp,user_id) values (?,?,?,?,?)
Hibernate: select u1_0.user_id from users u1_0 where u1_0.email=? limit ?
Hibernate: select r1_0.role_id,r1_0.role_name from roles r1_0 where r1_0.role_name=?
Hibernate: select p1_0.role_id,p1_1.permission_id,p1_1.permission_name from role_permissions p1_0 join permissions p1_1 on p1_1.permission_id=p1_0.permission_id where p1_0.role_id=?
Hibernate: insert into users (created_at,email,must_change_password,name,password,phone,region_id,role_id,status) values (?,?,?,?,?,?,?,?,?)
Hibernate: insert into audit_logs (action,ip_address,module,timestamp,user_id) values (?,?,?,?,?)
Hibernate: select u1_0.user_id from users u1_0 where u1_0.email=? limit ?
Hibernate: select r1_0.role_id,r1_0.role_name from roles r1_0 where r1_0.role_name=?
Hibernate: select p1_0.role_id,p1_1.permission_id,p1_1.permission_name from role_permissions p1_0 join permissions p1_1 on p1_1.permission_id=p1_0.permission_id where p1_0.role_id=?
Hibernate: insert into users (created_at,email,must_change_password,name,password,phone,region_id,role_id,status) values (?,?,?,?,?,?,?,?,?)
Hibernate: insert into audit_logs (action,ip_address,module,timestamp,user_id) values (?,?,?,?,?)
Hibernate: select u1_0.user_id from users u1_0 where u1_0.email=? limit ?
Hibernate: select r1_0.role_id,r1_0.role_name from roles r1_0 where r1_0.role_name=?
Hibernate: select p1_0.role_id,p1_1.permission_id,p1_1.permission_name from role_permissions p1_0 join permissions p1_1 on p1_1.permission_id=p1_0.permission_id where p1_0.role_id=?
Hibernate: insert into users (created_at,email,must_change_password,name,password,phone,region_id,role_id,status) values (?,?,?,?,?,?,?,?,?)
Hibernate: insert into audit_logs (action,ip_address,module,timestamp,user_id) values (?,?,?,?,?)
Hibernate: select u1_0.user_id from users u1_0 where u1_0.email=? limit ?
Hibernate: select r1_0.role_id,r1_0.role_name from roles r1_0 where r1_0.role_name=?
Hibernate: select p1_0.role_id,p1_1.permission_id,p1_1.permission_name from role_permissions p1_0 join permissions p1_1 on p1_1.permission_id=p1_0.permission_id where p1_0.role_id=?
Hibernate: insert into users (created_at,email,must_change_password,name,password,phone,region_id,role_id,status) values (?,?,?,?,?,?,?,?,?)
Hibernate: insert into audit_logs (action,ip_address,module,timestamp,user_id) values (?,?,?,?,?)
Hibernate: select u1_0.user_id from users u1_0 where u1_0.email=? limit ?
Hibernate: select r1_0.role_id,r1_0.role_name from roles r1_0 where r1_0.role_name=?
Hibernate: select p1_0.role_id,p1_1.permission_id,p1_1.permission_name from role_permissions p1_0 join permissions p1_1 on p1_1.permission_id=p1_0.permission_id where p1_0.role_id=?
Hibernate: insert into users (created_at,email,must_change_password,name,password,phone,region_id,role_id,status) values (?,?,?,?,?,?,?,?,?)
Hibernate: insert into audit_logs (action,ip_address,module,timestamp,user_id) values (?,?,?,?,?)
[...]
Hibernate: select r1_0.role_id,r1_0.role_name from roles r1_0 where r1_0.role_name=?
Hibernate: select p1_0.role_id,p1_1.permission_id,p1_1.permission_name from role_permissions p1_0 join permissions p1_1 on p1_1.permission_id=p1_0.permission_id where p1_0.role_id=?
Hibernate: insert into users (created_at,email,must_change_password,name,password,phone,region_id,role_id,status) values (?,?,?,?,?,?,?,?,?)
Hibernate: insert into audit_logs (action,ip_address,module,timestamp,user_id) values (?,?,?,?,?)
Hibernate: select u1_0.user_id from users u1_0 where u1_0.email=? limit ?
Hibernate: select r1_0.role_id,r1_0.role_name from roles r1_0 where r1_0.role_name=?
Hibernate: select p1_0.role_id,p1_1.permission_id,p1_1.permission_name from role_permissions p1_0 join permissions p1_1 on p1_1.permission_id=p1_0.permission_id where p1_0.role_id=?
Hibernate: insert into users (created_at,email,must_change_password,name,password,phone,region_id,role_id,status) values (?,?,?,?,?,?,?,?,?)
Hibernate: insert into audit_logs (action,ip_address,module,timestamp,user_id) values (?,?,?,?,?)
Hibernate: select u1_0.user_id from users u1_0 where u1_0.email=? limit ?
Hibernate: select r1_0.role_id,r1_0.role_name from roles r1_0 where r1_0.role_name=?
Hibernate: select p1_0.role_id,p1_1.permission_id,p1_1.permission_name from role_permissions p1_0 join permissions p1_1 on p1_1.permission_id=p1_0.permission_id where p1_0.role_id=?
Hibernate: insert into users (created_at,email,must_change_password,name,password,phone,region_id,role_id,status) values (?,?,?,?,?,?,?,?,?)
Hibernate: insert into audit_logs (action,ip_address,module,timestamp,user_id) values (?,?,?,?,?)
Hibernate: select u1_0.user_id from users u1_0 where u1_0.email=? limit ?
Hibernate: select r1_0.role_id,r1_0.role_name from roles r1_0 where r1_0.role_name=?
Hibernate: select p1_0.role_id,p1_1.permission_id,p1_1.permission_name from role_permissions p1_0 join permissions p1_1 on p1_1.permission_id=p1_0.permission_id where p1_0.role_id=?
Hibernate: insert into users (created_at,email,must_change_password,name,password,phone,region_id,role_id,status) values (?,?,?,?,?,?,?,?,?)
Hibernate: insert into audit_logs (action,ip_address,module,timestamp,user_id) values (?,?,?,?,?)
Hibernate: select u1_0.user_id from users u1_0 where u1_0.email=? limit ?
Hibernate: select r1_0.role_id,r1_0.role_name from roles r1_0 where r1_0.role_name=?
Hibernate: select p1_0.role_id,p1_1.permission_id,p1_1.permission_name from role_permissions p1_0 join permissions p1_1 on p1_1.permission_id=p1_0.permission_id where p1_0.role_id=?
Hibernate: insert into users (created_at,email,must_change_password,name,password,phone,region_id,role_id,status) values (?,?,?,?,?,?,?,?,?)
Hibernate: insert into audit_logs (action,ip_address,module,timestamp,user_id) values (?,?,?,?,?)
Hibernate: select u1_0.user_id from users u1_0 where u1_0.email=? limit ?
Hibernate: select r1_0.role_id,r1_0.role_name from roles r1_0 where r1_0.role_name=?
Hibernate: select p1_0.role_id,p1_1.permission_id,p1_1.permission_name from role_permissions p1_0 join permissions p1_1 on p1_1.permission_id=p1_0.permission_id where p1_0.role_id=?
Hibernate: insert into users (created_at,email,must_change_password,name,password,phone,region_id,role_id,status) values (?,?,?,?,?,?,?,?,?)
Hibernate: insert into audit_logs (action,ip_address,module,timestamp,user_id) values (?,?,?,?,?)
Hibernate: select u1_0.user_id from users u1_0 where u1_0.email=? limit ?
Hibernate: select r1_0.role_id,r1_0.role_name from roles r1_0 where r1_0.role_name=?
Hibernate: select p1_0.role_id,p1_1.permission_id,p1_1.permission_name from role_permissions p1_0 join permissions p1_1 on p1_1.permission_id=p1_0.permission_id where p1_0.role_id=?
Hibernate: insert into users (created_at,email,must_change_password,name,password,phone,region_id,role_id,status) values (?,?,?,?,?,?,?,?,?)
Hibernate: insert into audit_logs (action,ip_address,module,timestamp,user_id) values (?,?,?,?,?)
Hibernate: select u1_0.user_id from users u1_0 where u1_0.email=? limit ?
Hibernate: select r1_0.role_id,r1_0.role_name from roles r1_0 where r1_0.role_name=?
Hibernate: select p1_0.role_id,p1_1.permission_id,p1_1.permission_name from role_permissions p1_0 join permissions p1_1 on p1_1.permission_id=p1_0.permission_id where p1_0.role_id=?
Hibernate: insert into users (created_at,email,must_change_password,name,password,phone,region_id,role_id,status) values (?,?,?,?,?,?,?,?,?)
Hibernate: insert into audit_logs (action,ip_address,module,timestamp,user_id) values (?,?,?,?,?)
Hibernate: select u1_0.user_id from users u1_0 where u1_0.email=? limit ?
Hibernate: select r1_0.role_id,r1_0.role_name from roles r1_0 where r1_0.role_name=?
Hibernate: select p1_0.role_id,p1_1.permission_id,p1_1.permission_name from role_permissions p1_0 join permissions p1_1 on p1_1.permission_id=p1_0.permission_id where p1_0.role_id=?
Hibernate: insert into users (created_at,email,must_change_password,name,password,phone,region_id,role_id,status) values (?,?,?,?,?,?,?,?,?)
Hibernate: insert into audit_logs (action,ip_address,module,timestamp,user_id) values (?,?,?,?,?)
Hibernate: select u1_0.user_id from users u1_0 where u1_0.email=? limit ?
Hibernate: select r1_0.role_id,r1_0.role_name from roles r1_0 where r1_0.role_name=?
Hibernate: select p1_0.role_id,p1_1.permission_id,p1_1.permission_name from role_permissions p1_0 join permissions p1_1 on p1_1.permission_id=p1_0.permission_id where p1_0.role_id=?
Hibernate: insert into users (created_at,email,must_change_password,name,password,phone,region_id,role_id,status) values (?,?,?,?,?,?,?,?,?)
Hibernate: insert into audit_logs (action,ip_address,module,timestamp,user_id) values (?,?,?,?,?)
Hibernate: select u1_0.user_id from users u1_0 where u1_0.email=? limit ?
Hibernate: select r1_0.role_id,r1_0.role_name from roles r1_0 where r1_0.role_name=?
Hibernate: select p1_0.role_id,p1_1.permission_id,p1_1.permission_name from role_permissions p1_0 join permissions p1_1 on p1_1.permission_id=p1_0.permission_id where p1_0.role_id=?
Hibernate: insert into users (created_at,email,must_change_password,name,password,phone,region_id,role_id,status) values (?,?,?,?,?,?,?,?,?)
Hibernate: insert into audit_logs (action,ip_address,module,timestamp,user_id) values (?,?,?,?,?)
Hibernate: select u1_0.user_id from users u1_0 where u1_0.email=? limit ?
Hibernate: select r1_0.role_id,r1_0.role_name from roles r1_0 where r1_0.role_name=?
Hibernate: select p1_0.role_id,p1_1.permission_id,p1_1.permission_name from role_permissions p1_0 join permissions p1_1 on p1_1.permission_id=p1_0.permission_id where p1_0.role_id=?
Hibernate: insert into users (created_at,email,must_change_password,name,password,phone,region_id,role_id,status) values (?,?,?,?,?,?,?,?,?)
Hibernate: insert into audit_logs (action,ip_address,module,timestamp,user_id) values (?,?,?,?,?)
Hibernate: select u1_0.user_id from users u1_0 where u1_0.email=? limit ?
Hibernate: select r1_0.role_id,r1_0.role_name from roles r1_0 where r1_0.role_name=?
Hibernate: select p1_0.role_id,p1_1.permission_id,p1_1.permission_name from role_permissions p1_0 join permissions p1_1 on p1_1.permission_id=p1_0.permission_id where p1_0.role_id=?
Hibernate: insert into users (created_at,email,must_change_password,name,password,phone,region_id,role_id,status) values (?,?,?,?,?,?,?,?,?)
Hibernate: insert into audit_logs (action,ip_address,module,timestamp,user_id) values (?,?,?,?,?)
Hibernate: select u1_0.user_id from users u1_0 where u1_0.email=? limit ?
Hibernate: select r1_0.role_id,r1_0.role_name from roles r1_0 where r1_0.role_name=?
Hibernate: select p1_0.role_id,p1_1.permission_id,p1_1.permission_name from role_permissions p1_0 join permissions p1_1 on p1_1.permission_id=p1_0.permission_id where p1_0.role_id=?
Hibernate: insert into users (created_at,email,must_change_password,name,password,phone,region_id,role_id,status) values (?,?,?,?,?,?,?,?,?)
Hibernate: insert into audit_logs (action,ip_address,module,timestamp,user_id) values (?,?,?,?,?)
Hibernate: select u1_0.user_id from users u1_0 where u1_0.email=? limit ?
Hibernate: select r1_0.role_id,r1_0.role_name from roles r1_0 where r1_0.role_name=?
Hibernate: select p1_0.role_id,p1_1.permission_id,p1_1.permission_name from role_permissions p1_0 join permissions p1_1 on p1_1.permission_id=p1_0.permission_id where p1_0.role_id=?
Hibernate: insert into users (created_at,email,must_change_password,name,password,phone,region_id,role_id,status) values (?,?,?,?,?,?,?,?,?)
Hibernate: insert into audit_logs (action,ip_address,module,timestamp,user_id) values (?,?,?,?,?)
Hibernate: select u1_0.user_id from users u1_0 where u1_0.email=? limit ?
Hibernate: select r1_0.role_id,r1_0.role_name from roles r1_0 where r1_0.role_name=?
Hibernate: select p1_0.role_id,p1_1.permission_id,p1_1.permission_name from role_permissions p1_0 join permissions p1_1 on p1_1.permission_id=p1_0.permission_id where p1_0.role_id=?
Hibernate: insert into users (created_at,email,must_change_password,name,password,phone,region_id,role_id,status) values (?,?,?,?,?,?,?,?,?)
Hibernate: insert into audit_logs (action,ip_address,module,timestamp,user_id) values (?,?,?,?,?)
Hibernate: select u1_0.user_id from users u1_0 where u1_0.email=? limit ?
Hibernate: select r1_0.role_id,r1_0.role_name from roles r1_0 where r1_0.role_name=?
Hibernate: select p1_0.role_id,p1_1.permission_id,p1_1.permission_name from role_permissions p1_0 join permissions p1_1 on p1_1.permission_id=p1_0.permission_id where p1_0.role_id=?
Hibernate: insert into users (created_at,email,must_change_password,name,password,phone,region_id,role_id,status) values (?,?,?,?,?,?,?,?,?)
Hibernate: insert into audit_logs (action,ip_address,module,timestamp,user_id) values (?,?,?,?,?)
Hibernate: select u1_0.user_id from users u1_0 where u1_0.email=? limit ?
Hibernate: select r1_0.role_id,r1_0.role_name from roles r1_0 where r1_0.role_name=?
Hibernate: select p1_0.role_id,p1_1.permission_id,p1_1.permission_name from role_permissions p1_0 join permissions p1_1 on p1_1.permission_id=p1_0.permission_id where p1_0.role_id=?
Hibernate: insert into users (created_at,email,must_change_password,name,password,phone,region_id,role_id,status) values (?,?,?,?,?,?,?,?,?)
Hibernate: insert into audit_logs (action,ip_address,module,timestamp,user_id) values (?,?,?,?,?)
Hibernate: select u1_0.user_id from users u1_0 where u1_0.email=? limit ?
Hibernate: select r1_0.role_id,r1_0.role_name from roles r1_0 where r1_0.role_name=?
Hibernate: select p1_0.role_id,p1_1.permission_id,p1_1.permission_name from role_permissions p1_0 join permissions p1_1 on p1_1.permission_id=p1_0.permission_id where p1_0.role_id=?
Hibernate: insert into users (created_at,email,must_change_password,name,password,phone,region_id,role_id,status) values (?,?,?,?,?,?,?,?,?)
Hibernate: insert into audit_logs (action,ip_address,module,timestamp,user_id) values (?,?,?,?,?)
Hibernate: select u1_0.user_id from users u1_0 where u1_0.email=? limit ?
Hibernate: select r1_0.role_id,r1_0.role_name from roles r1_0 where r1_0.role_name=?
Hibernate: select p1_0.role_id,p1_1.permission_id,p1_1.permission_name from role_permissions p1_0 join permissions p1_1 on p1_1.permission_id=p1_0.permission_id where p1_0.role_id=?
Hibernate: insert into users (created_at,email,must_change_password,name,password,phone,region_id,role_id,status) values (?,?,?,?,?,?,?,?,?)
Hibernate: insert into audit_logs (action,ip_address,module,timestamp,user_id) values (?,?,?,?,?)
Hibernate: select u1_0.user_id from users u1_0 where u1_0.email=? limit ?
Hibernate: select r1_0.role_id,r1_0.role_name from roles r1_0 where r1_0.role_name=?
Hibernate: select p1_0.role_id,p1_1.permission_id,p1_1.permission_name from role_permissions p1_0 join permissions p1_1 on p1_1.permission_id=p1_0.permission_id where p1_0.role_id=?
Hibernate: insert into users (created_at,email,must_change_password,name,password,phone,region_id,role_id,status) values (?,?,?,?,?,?,?,?,?)
Hibernate: insert into audit_logs (action,ip_address,module,timestamp,user_id) values (?,?,?,?,?)
Hibernate: select u1_0.user_id from users u1_0 where u1_0.email=? limit ?
Hibernate: select r1_0.role_id,r1_0.role_name from roles r1_0 where r1_0.role_name=?
Hibernate: select p1_0.role_id,p1_1.permission_id,p1_1.permission_name from role_permissions p1_0 join permissions p1_1 on p1_1.permission_id=p1_0.permission_id where p1_0.role_id=?
Hibernate: insert into users (created_at,email,must_change_password,name,password,phone,region_id,role_id,status) values (?,?,?,?,?,?,?,?,?)
Hibernate: insert into audit_logs (action,ip_address,module,timestamp,user_id) values (?,?,?,?,?)
Hibernate: select u1_0.user_id from users u1_0 where u1_0.email=? limit ?
Hibernate: select r1_0.role_id,r1_0.role_name from roles r1_0 where r1_0.role_name=?
Hibernate: select p1_0.role_id,p1_1.permission_id,p1_1.permission_name from role_permissions p1_0 join permissions p1_1 on p1_1.permission_id=p1_0.permission_id where p1_0.role_id=?
Hibernate: insert into users (created_at,email,must_change_password,name,password,phone,region_id,role_id,status) values (?,?,?,?,?,?,?,?,?)
Hibernate: insert into audit_logs (action,ip_address,module,timestamp,user_id) values (?,?,?,?,?)
Hibernate: select u1_0.user_id from users u1_0 where u1_0.email=? limit ?
Hibernate: select r1_0.role_id,r1_0.role_name from roles r1_0 where r1_0.role_name=?
Hibernate: select p1_0.role_id,p1_1.permission_id,p1_1.permission_name from role_permissions p1_0 join permissions p1_1 on p1_1.permission_id=p1_0.permission_id where p1_0.role_id=?
Hibernate: insert into users (created_at,email,must_change_password,name,password,phone,region_id,role_id,status) values (?,?,?,?,?,?,?,?,?)
Hibernate: insert into audit_logs (action,ip_address,module,timestamp,user_id) values (?,?,?,?,?)
Hibernate: select u1_0.user_id from users u1_0 where u1_0.email=? limit ?
Hibernate: select r1_0.role_id,r1_0.role_name from roles r1_0 where r1_0.role_name=?
Hibernate: select p1_0.role_id,p1_1.permission_id,p1_1.permission_name from role_permissions p1_0 join permissions p1_1 on p1_1.permission_id=p1_0.permission_id where p1_0.role_id=?
Hibernate: insert into users (created_at,email,must_change_password,name,password,phone,region_id,role_id,status) values (?,?,?,?,?,?,?,?,?)
Hibernate: insert into audit_logs (action,ip_address,module,timestamp,user_id) values (?,?,?,?,?)
Hibernate: select u1_0.user_id from users u1_0 where u1_0.email=? limit ?
Hibernate: select r1_0.role_id,r1_0.role_name from roles r1_0 where r1_0.role_name=?
Hibernate: select p1_0.role_id,p1_1.permission_id,p1_1.permission_name from role_permissions p1_0 join permissions p1_1 on p1_1.permission_id=p1_0.permission_id where p1_0.role_id=?
Hibernate: insert into users (created_at,email,must_change_password,name,password,phone,region_id,role_id,status) values (?,?,?,?,?,?,?,?,?)
Hibernate: insert into audit_logs (action,ip_address,module,timestamp,user_id) values (?,?,?,?,?)
Hibernate: select u1_0.user_id from users u1_0 where u1_0.email=? limit ?
Hibernate: select r1_0.role_id,r1_0.role_name from roles r1_0 where r1_0.role_name=?
Hibernate: select p1_0.role_id,p1_1.permission_id,p1_1.permission_name from role_permissions p1_0 join permissions p1_1 on p1_1.permission_id=p1_0.permission_id where p1_0.role_id=?
Hibernate: insert into users (created_at,email,must_change_password,name,password,phone,region_id,role_id,status) values (?,?,?,?,?,?,?,?,?)
Hibernate: insert into audit_logs (action,ip_address,module,timestamp,user_id) values (?,?,?,?,?)
Hibernate: select u1_0.user_id from users u1_0 where u1_0.email=? limit ?
Hibernate: select r1_0.role_id,r1_0.role_name from roles r1_0 where r1_0.role_name=?
Hibernate: select p1_0.role_id,p1_1.permission_id,p1_1.permission_name from role_permissions p1_0 join permissions p1_1 on p1_1.permission_id=p1_0.permission_id where p1_0.role_id=?
Hibernate: insert into users (created_at,email,must_change_password,name,password,phone,region_id,role_id,status) values (?,?,?,?,?,?,?,?,?)
Hibernate: insert into audit_logs (action,ip_address,module,timestamp,user_id) values (?,?,?,?,?)
Hibernate: select u1_0.user_id from users u1_0 where u1_0.email=? limit ?
Hibernate: select r1_0.role_id,r1_0.role_name from roles r1_0 where r1_0.role_name=?
Hibernate: select p1_0.role_id,p1_1.permission_id,p1_1.permission_name from role_permissions p1_0 join permissions p1_1 on p1_1.permission_id=p1_0.permission_id where p1_0.role_id=?
Hibernate: insert into users (created_at,email,must_change_password,name,password,phone,region_id,role_id,status) values (?,?,?,?,?,?,?,?,?)
Hibernate: insert into audit_logs (action,ip_address,module,timestamp,user_id) values (?,?,?,?,?)
Hibernate: select u1_0.user_id from users u1_0 where u1_0.email=? limit ?
Hibernate: select r1_0.role_id,r1_0.role_name from roles r1_0 where r1_0.role_name=?
Hibernate: select p1_0.role_id,p1_1.permission_id,p1_1.permission_name from role_permissions p1_0 join permissions p1_1 on p1_1.permission_id=p1_0.permission_id where p1_0.role_id=?
Hibernate: insert into users (created_at,email,must_change_password,name,password,phone,region_id,role_id,status) values (?,?,?,?,?,?,?,?,?)
Hibernate: insert into audit_logs (action,ip_address,module,timestamp,user_id) values (?,?,?,?,?)
Hibernate: select u1_0.user_id from users u1_0 where u1_0.email=? limit ?
Hibernate: select r1_0.role_id,r1_0.role_name from roles r1_0 where r1_0.role_name=?
Hibernate: select p1_0.role_id,p1_1.permission_id,p1_1.permission_name from role_permissions p1_0 join permissions p1_1 on p1_1.permission_id=p1_0.permission_id where p1_0.role_id=?
Hibernate: insert into users (created_at,email,must_change_password,name,password,phone,region_id,role_id,status) values (?,?,?,?,?,?,?,?,?)
Hibernate: insert into audit_logs (action,ip_address,module,timestamp,user_id) values (?,?,?,?,?)
Hibernate: select u1_0.user_id from users u1_0 where u1_0.email=? limit ?
Hibernate: select r1_0.role_id,r1_0.role_name from roles r1_0 where r1_0.role_name=?
Hibernate: select p1_0.role_id,p1_1.permission_id,p1_1.permission_name from role_permissions p1_0 join permissions p1_1 on p1_1.permission_id=p1_0.permission_id where p1_0.role_id=?
Hibernate: insert into users (created_at,email,must_change_password,name,password,phone,region_id,role_id,status) values (?,?,?,?,?,?,?,?,?)
Hibernate: insert into audit_logs (action,ip_address,module,timestamp,user_id) values (?,?,?,?,?)
Hibernate: select u1_0.user_id from users u1_0 where u1_0.email=? limit ?
Hibernate: select r1_0.role_id,r1_0.role_name from roles r1_0 where r1_0.role_name=?
Hibernate: select p1_0.role_id,p1_1.permission_id,p1_1.permission_name from role_permissions p1_0 join permissions p1_1 on p1_1.permission_id=p1_0.permission_id where p1_0.role_id=?
Hibernate: insert into users (created_at,email,must_change_password,name,password,phone,region_id,role_id,status) values (?,?,?,?,?,?,?,?,?)
Hibernate: insert into audit_logs (action,ip_address,module,timestamp,user_id) values (?,?,?,?,?)

=== DONE ===
  Loaded:        1000
  Failed:        0
Hibernate: select count(*) from users u1_0
  Total in DB:   2001

  Login with any of these in Postman (password = Test@12345):
    sub0_mq7k2ofj@example.com
    sub1_mq7k2ofj@example.com
    sub2_mq7k2ofj@example.com
    sub3_mq7k2ofj@example.com
    sub4_mq7k2ofj@example.com

]]></system-out>
    <system-err><![CDATA[WARNING: A Java agent has been loaded dynamically (C:\Users\2506603\.m2\repository\net\bytebuddy\byte-buddy-agent\1.14.19\byte-buddy-agent-1.14.19.jar)
WARNING: If a serviceability tool is in use, please run with -XX:+EnableDynamicAgentLoading to hide this warning
WARNING: If a serviceability tool is not in use, please run with -Djdk.instrument.traceUsage for more information
WARNING: Dynamic loading of agents will be disallowed by default in a future release
]]></system-err>
  </testcase>
</testsuite>