<?xml version="1.0" encoding="UTF-8"?>
<testsuite xmlns:xsi="http://www.w3.org/2001/XMLSchema-instance" xsi:noNamespaceSchemaLocation="https://maven.apache.org/surefire/maven-surefire-plugin/xsd/surefire-test-report-3.0.xsd" version="3.0" name="com.teleconnect.iam.IamFakerTest" time="34.945" tests="10" errors="7" skipped="0" failures="2">
  <properties>
[...]
</properties>
  <testcase name="registerThousandUsers" classname="com.teleconnect.iam.IamFakerTest" time="25.531">
    <error message="JDBC exception executing SQL [select count(*) from users u1_0] [Table &apos;teleconnect_iam_test.users&apos; doesn&apos;t exist] [n/a]; SQL [n/a]" type="org.springframework.dao.InvalidDataAccessResourceUsageException"><![CDATA[org.springframework.dao.InvalidDataAccessResourceUsageException: JDBC exception executing SQL [select count(*) from users u1_0] [Table 'teleconnect_iam_test.users' doesn't exist] [n/a]; SQL [n/a]
	at org.springframework.orm.jpa.vendor.HibernateJpaDialect.convertHibernateAccessException(HibernateJpaDialect.java:277)
	at org.springframework.orm.jpa.vendor.HibernateJpaDialect.translateExceptionIfPossible(HibernateJpaDialect.java:241)
	at org.springframework.orm.jpa.AbstractEntityManagerFactoryBean.translateExceptionIfPossible(AbstractEntityManagerFactoryBean.java:550)
	at org.springframework.dao.support.ChainedPersistenceExceptionTranslator.translateExceptionIfPossible(ChainedPersistenceExceptionTranslator.java:61)
	at org.springframework.dao.support.DataAccessUtils.translateIfNecessary(DataAccessUtils.java:335)
	at org.springframework.dao.support.PersistenceExceptionTranslationInterceptor.invoke(PersistenceExceptionTranslationInterceptor.java:160)
	at org.springframework.aop.framework.ReflectiveMethodInvocation.proceed(ReflectiveMethodInvocation.java:184)
	at org.springframework.data.jpa.repository.support.CrudMethodMetadataPostProcessor$CrudMethodMetadataPopulatingMethodInterceptor.invoke(CrudMethodMetadataPostProcessor.java:165)
	at org.springframework.aop.framework.ReflectiveMethodInvocation.proceed(ReflectiveMethodInvocation.java:184)
	at org.springframework.aop.interceptor.ExposeInvocationInterceptor.invoke(ExposeInvocationInterceptor.java:97)
	at org.springframework.aop.framework.ReflectiveMethodInvocation.proceed(ReflectiveMethodInvocation.java:184)
	at org.springframework.aop.framework.JdkDynamicAopProxy.invoke(JdkDynamicAopProxy.java:223)
	at jdk.proxy2/jdk.proxy2.$Proxy140.count(Unknown Source)
	at com.teleconnect.iam.IamFakerTest.registerThousandUsers(IamFakerTest.java:90)
	at java.base/java.lang.reflect.Method.invoke(Method.java:580)
	at java.base/java.util.ArrayList.forEach(ArrayList.java:1596)
	at java.base/java.util.ArrayList.forEach(ArrayList.java:1596)
Caused by: org.hibernate.exception.SQLGrammarException: JDBC exception executing SQL [select count(*) from users u1_0] [Table 'teleconnect_iam_test.users' doesn't exist] [n/a]
	at org.hibernate.exception.internal.SQLExceptionTypeDelegate.convert(SQLExceptionTypeDelegate.java:66)
	at org.hibernate.exception.internal.StandardSQLExceptionConverter.convert(StandardSQLExceptionConverter.java:58)
	at org.hibernate.engine.jdbc.spi.SqlExceptionHelper.convert(SqlExceptionHelper.java:108)
	at org.hibernate.engine.jdbc.spi.SqlExceptionHelper.convert(SqlExceptionHelper.java:94)
	at org.hibernate.sql.results.jdbc.internal.DeferredResultSetAccess.executeQuery(DeferredResultSetAccess.java:264)
	at org.hibernate.sql.results.jdbc.internal.DeferredResultSetAccess.getResultSet(DeferredResultSetAccess.java:167)
	at org.hibernate.sql.results.jdbc.internal.JdbcValuesResultSetImpl.advanceNext(JdbcValuesResultSetImpl.java:265)
	at org.hibernate.sql.results.jdbc.internal.JdbcValuesResultSetImpl.processNext(JdbcValuesResultSetImpl.java:145)
	at org.hibernate.sql.results.jdbc.internal.AbstractJdbcValues.next(AbstractJdbcValues.java:19)
	at org.hibernate.sql.results.internal.RowProcessingStateStandardImpl.next(RowProcessingStateStandardImpl.java:67)
	at org.hibernate.sql.results.spi.ListResultsConsumer.consume(ListResultsConsumer.java:204)
	at org.hibernate.sql.results.spi.ListResultsConsumer.consume(ListResultsConsumer.java:33)
	at org.hibernate.sql.exec.internal.JdbcSelectExecutorStandardImpl.doExecuteQuery(JdbcSelectExecutorStandardImpl.java:211)
	at org.hibernate.sql.exec.internal.JdbcSelectExecutorStandardImpl.executeQuery(JdbcSelectExecutorStandardImpl.java:83)
	at org.hibernate.sql.exec.spi.JdbcSelectExecutor.list(JdbcSelectExecutor.java:76)
	at org.hibernate.sql.exec.spi.JdbcSelectExecutor.list(JdbcSelectExecutor.java:65)
	at org.hibernate.query.sqm.internal.ConcreteSqmSelectQueryPlan.lambda$new$2(ConcreteSqmSelectQueryPlan.java:139)
	at org.hibernate.query.sqm.internal.ConcreteSqmSelectQueryPlan.withCacheableSqmInterpretation(ConcreteSqmSelectQueryPlan.java:382)
	at org.hibernate.query.sqm.internal.ConcreteSqmSelectQueryPlan.performList(ConcreteSqmSelectQueryPlan.java:302)
	at org.hibernate.query.sqm.internal.QuerySqmImpl.doList(QuerySqmImpl.java:526)
	at org.hibernate.query.spi.AbstractSelectionQuery.list(AbstractSelectionQuery.java:423)
	at org.hibernate.query.spi.AbstractSelectionQuery.getSingleResult(AbstractSelectionQuery.java:555)
	at org.springframework.data.jpa.repository.support.SimpleJpaRepository.count(SimpleJpaRepository.java:611)
	at java.base/jdk.internal.reflect.DirectMethodHandleAccessor.invoke(DirectMethodHandleAccessor.java:103)
	at java.base/java.lang.reflect.Method.invoke(Method.java:580)
	at org.springframework.aop.support.AopUtils.invokeJoinpointUsingReflection(AopUtils.java:355)
	at org.springframework.data.repository.core.support.RepositoryMethodInvoker$RepositoryFragmentMethodInvoker.lambda$new$0(RepositoryMethodInvoker.java:277)
	at org.springframework.data.repository.core.support.RepositoryMethodInvoker.doInvoke(RepositoryMethodInvoker.java:170)
	at org.springframework.data.repository.core.support.RepositoryMethodInvoker.invoke(RepositoryMethodInvoker.java:158)
	at org.springframework.data.repository.core.support.RepositoryComposition$RepositoryFragments.invoke(RepositoryComposition.java:516)
	at org.springframework.data.repository.core.support.RepositoryComposition.invoke(RepositoryComposition.java:285)
	at org.springframework.data.repository.core.support.RepositoryFactorySupport$ImplementationMethodExecutionInterceptor.invoke(RepositoryFactorySupport.java:628)
	at org.springframework.aop.framework.ReflectiveMethodInvocation.proceed(ReflectiveMethodInvocation.java:184)
	at org.springframework.data.repository.core.support.QueryExecutorMethodInterceptor.doInvoke(QueryExecutorMethodInterceptor.java:173)
	at org.springframework.data.repository.core.support.QueryExecutorMethodInterceptor.invoke(QueryExecutorMethodInterceptor.java:148)
	at org.springframework.aop.framework.ReflectiveMethodInvocation.proceed(ReflectiveMethodInvocation.java:184)
	at org.springframework.data.projection.DefaultMethodInvokingMethodInterceptor.invoke(DefaultMethodInvokingMethodInterceptor.java:70)
	at org.springframework.aop.framework.ReflectiveMethodInvocation.proceed(ReflectiveMethodInvocation.java:184)
	at org.springframework.transaction.interceptor.TransactionAspectSupport.invokeWithinTransaction(TransactionAspectSupport.java:379)
	at org.springframework.transaction.interceptor.TransactionInterceptor.invoke(TransactionInterceptor.java:119)
	at org.springframework.aop.framework.ReflectiveMethodInvocation.proceed(ReflectiveMethodInvocation.java:184)
	at org.springframework.dao.support.PersistenceExceptionTranslationInterceptor.invoke(PersistenceExceptionTranslationInterceptor.java:138)
	... 11 more
Caused by: java.sql.SQLSyntaxErrorException: Table 'teleconnect_iam_test.users' doesn't exist
	at com.mysql.cj.jdbc.exceptions.SQLError.createSQLException(SQLError.java:121)
	at com.mysql.cj.jdbc.exceptions.SQLExceptionsMapping.translateException(SQLExceptionsMapping.java:122)
	at com.mysql.cj.jdbc.ClientPreparedStatement.executeInternal(ClientPreparedStatement.java:912)
	at com.mysql.cj.jdbc.ClientPreparedStatement.executeQuery(ClientPreparedStatement.java:968)
	at com.zaxxer.hikari.pool.ProxyPreparedStatement.executeQuery(ProxyPreparedStatement.java:52)
	at com.zaxxer.hikari.pool.HikariProxyPreparedStatement.executeQuery(HikariProxyPreparedStatement.java)
	at org.hibernate.sql.results.jdbc.internal.DeferredResultSetAccess.executeQuery(DeferredResultSetAccess.java:246)
	... 48 more
]]></error>
    <system-out><![CDATA[09:39:10.920 [main] INFO org.springframework.test.context.support.AnnotationConfigContextLoaderUtils -- Could not detect default configuration classes for test class [com.teleconnect.iam.IamFakerTest]: IamFakerTest does not declare any static, non-private, non-final, nested classes annotated with @Configuration.
09:39:11.055 [main] INFO org.springframework.boot.test.context.SpringBootTestContextBootstrapper -- Found @SpringBootConfiguration com.teleconnect.iam.IamApplication for test class com.teleconnect.iam.IamFakerTest

  .   ____          _            __ _ _
 /\\ / ___'_ __ _ _(_)_ __  __ _ \ \ \ \
( ( )\___ | '_ | '_| | '_ \/ _` | \ \ \ \
 \\/  ___)| |_)| | | | | || (_| |  ) ) ) )
  '  |____| .__|_| |_|_| |_\__, | / / / /
 =========|_|==============|___/=/_/_/_/

 :: Spring Boot ::                (v3.3.4)

2026-06-10T09:39:11.701+05:30  INFO 20460 --- [IAM] [           main] com.teleconnect.iam.IamFakerTest         : Starting IamFakerTest using Java 21.0.2 with PID 20460 (started by 2506603 in C:\Project\teleconnect\IAM)
2026-06-10T09:39:11.702+05:30  INFO 20460 --- [IAM] [           main] com.teleconnect.iam.IamFakerTest         : The following 1 profile is active: "test"
2026-06-10T09:39:12.800+05:30  INFO 20460 --- [IAM] [           main] .s.d.r.c.RepositoryConfigurationDelegate : Bootstrapping Spring Data JPA repositories in DEFAULT mode.
2026-06-10T09:39:12.877+05:30  INFO 20460 --- [IAM] [           main] .s.d.r.c.RepositoryConfigurationDelegate : Finished Spring Data repository scanning in 70 ms. Found 4 JPA repository interfaces.
2026-06-10T09:39:13.701+05:30  INFO 20460 --- [IAM] [           main] o.hibernate.jpa.internal.util.LogHelper  : HHH000204: Processing PersistenceUnitInfo [name: default]
2026-06-10T09:39:13.799+05:30  INFO 20460 --- [IAM] [           main] org.hibernate.Version                    : HHH000412: Hibernate ORM core version 6.5.3.Final
2026-06-10T09:39:13.851+05:30  INFO 20460 --- [IAM] [           main] o.h.c.internal.RegionFactoryInitiator    : HHH000026: Second-level cache disabled
2026-06-10T09:39:14.307+05:30  INFO 20460 --- [IAM] [           main] o.s.o.j.p.SpringPersistenceUnitInfo      : No LoadTimeWeaver setup: ignoring JPA class transformer
2026-06-10T09:39:14.346+05:30  INFO 20460 --- [IAM] [           main] com.zaxxer.hikari.HikariDataSource       : HikariPool-1 - Starting...
2026-06-10T09:39:14.799+05:30  INFO 20460 --- [IAM] [           main] com.zaxxer.hikari.pool.HikariPool        : HikariPool-1 - Added connection com.mysql.cj.jdbc.ConnectionImpl@8549c5f
2026-06-10T09:39:14.800+05:30  INFO 20460 --- [IAM] [           main] com.zaxxer.hikari.HikariDataSource       : HikariPool-1 - Start completed.
2026-06-10T09:39:14.860+05:30  WARN 20460 --- [IAM] [           main] org.hibernate.orm.deprecation            : HHH90000025: MySQLDialect does not need to be specified explicitly using 'hibernate.dialect' (remove the property setting and it will be selected by default)
2026-06-10T09:39:16.010+05:30  INFO 20460 --- [IAM] [           main] o.h.e.t.j.p.i.JtaPlatformInitiator       : HHH000489: No JTA platform available (set 'hibernate.transaction.jta.platform' to enable JTA platform integration)
2026-06-10T09:39:16.618+05:30  INFO 20460 --- [IAM] [           main] j.LocalContainerEntityManagerFactoryBean : Initialized JPA EntityManagerFactory for persistence unit 'default'
2026-06-10T09:39:17.560+05:30  WARN 20460 --- [IAM] [           main] JpaBaseConfiguration$JpaWebConfiguration : spring.jpa.open-in-view is enabled by default. Therefore, database queries may be performed during view rendering. Explicitly configure spring.jpa.open-in-view to disable this warning
2026-06-10T09:39:17.603+05:30  WARN 20460 --- [IAM] [           main] .s.s.UserDetailsServiceAutoConfiguration : 

Using generated security password: 37386c06-cfbf-46b7-bfef-8c4e59e4f4a7

This generated password is for development use only. Your security configuration must be updated before running your application in production.

2026-06-10T09:39:17.620+05:30  INFO 20460 --- [IAM] [           main] r$InitializeUserDetailsManagerConfigurer : Global AuthenticationManager configured with UserDetailsService bean with name inMemoryUserDetailsManager
2026-06-10T09:39:18.795+05:30  INFO 20460 --- [IAM] [           main] com.teleconnect.iam.IamFakerTest         : Started IamFakerTest in 7.458 seconds (process running for 8.893)
[TeleConnect IAM] Roles and permissions seeded successfully.

=== Registering 1000 users ===
2026-06-10T09:39:42.867+05:30  WARN 20460 --- [IAM] [           main] o.h.engine.jdbc.spi.SqlExceptionHelper   : SQL Error: 1146, SQLState: 42S02
2026-06-10T09:39:42.867+05:30 ERROR 20460 --- [IAM] [           main] o.h.engine.jdbc.spi.SqlExceptionHelper   : Table 'teleconnect_iam_test.users' doesn't exist
  Registration failed at index 257: could not execute statement [Table 'teleconnect_iam_test.users' doesn't exist] [insert into users (created_at,email,must_change_password,name,password,phone,region_id,role_id,status) values (?,?,?,?,?,?,?,?,?)]; SQL [insert into users (created_at,email,must_change_password,name,password,phone,region_id,role_id,status) values (?,?,?,?,?,?,?,?,?)]
2026-06-10T09:39:42.879+05:30  WARN 20460 --- [IAM] [           main] o.h.engine.jdbc.spi.SqlExceptionHelper   : SQL Error: 1146, SQLState: 42S02
2026-06-10T09:39:42.879+05:30 ERROR 20460 --- [IAM] [           main] o.h.engine.jdbc.spi.SqlExceptionHelper   : Table 'teleconnect_iam_test.users' doesn't exist
  Registration failed at index 258: JDBC exception executing SQL [select u1_0.user_id from users u1_0 where u1_0.email=? limit ?] [Table 'teleconnect_iam_test.users' doesn't exist] [n/a]; SQL [n/a]
2026-06-10T09:39:42.882+05:30  WARN 20460 --- [IAM] [           main] o.h.engine.jdbc.spi.SqlExceptionHelper   : SQL Error: 1146, SQLState: 42S02
2026-06-10T09:39:42.883+05:30 ERROR 20460 --- [IAM] [           main] o.h.engine.jdbc.spi.SqlExceptionHelper   : Table 'teleconnect_iam_test.users' doesn't exist
  Registration failed at index 259: JDBC exception executing SQL [select u1_0.user_id from users u1_0 where u1_0.email=? limit ?] [Table 'teleconnect_iam_test.users' doesn't exist] [n/a]; SQL [n/a]
2026-06-10T09:39:42.885+05:30  WARN 20460 --- [IAM] [           main] o.h.engine.jdbc.spi.SqlExceptionHelper   : SQL Error: 1146, SQLState: 42S02
2026-06-10T09:39:42.886+05:30 ERROR 20460 --- [IAM] [           main] o.h.engine.jdbc.spi.SqlExceptionHelper   : Table 'teleconnect_iam_test.users' doesn't exist
  Registration failed at index 260: JDBC exception executing SQL [select u1_0.user_id from users u1_0 where u1_0.email=? limit ?] [Table 'teleconnect_iam_test.users' doesn't exist] [n/a]; SQL [n/a]
2026-06-10T09:39:42.889+05:30  WARN 20460 --- [IAM] [           main] o.h.engine.jdbc.spi.SqlExceptionHelper   : SQL Error: 1146, SQLState: 42S02
2026-06-10T09:39:42.890+05:30 ERROR 20460 --- [IAM] [           main] o.h.engine.jdbc.spi.SqlExceptionHelper   : Table 'teleconnect_iam_test.users' doesn't exist
  Registration failed at index 261: JDBC exception executing SQL [select u1_0.user_id from users u1_0 where u1_0.email=? limit ?] [Table 'teleconnect_iam_test.users' doesn't exist] [n/a]; SQL [n/a]
2026-06-10T09:39:42.892+05:30  WARN 20460 --- [IAM] [           main] o.h.engine.jdbc.spi.SqlExceptionHelper   : SQL Error: 1146, SQLState: 42S02
2026-06-10T09:39:42.893+05:30 ERROR 20460 --- [IAM] [           main] o.h.engine.jdbc.spi.SqlExceptionHelper   : Table 'teleconnect_iam_test.users' doesn't exist
  Registration failed at index 262: JDBC exception executing SQL [select u1_0.user_id from users u1_0 where u1_0.email=? limit ?] [Table 'teleconnect_iam_test.users' doesn't exist] [n/a]; SQL [n/a]
2026-06-10T09:39:42.895+05:30  WARN 20460 --- [IAM] [           main] o.h.engine.jdbc.spi.SqlExceptionHelper   : SQL Error: 1146, SQLState: 42S02
2026-06-10T09:39:42.895+05:30 ERROR 20460 --- [IAM] [           main] o.h.engine.jdbc.spi.SqlExceptionHelper   : Table 'teleconnect_iam_test.users' doesn't exist
  Registration failed at index 263: JDBC exception executing SQL [select u1_0.user_id from users u1_0 where u1_0.email=? limit ?] [Table 'teleconnect_iam_test.users' doesn't exist] [n/a]; SQL [n/a]
2026-06-10T09:39:42.897+05:30  WARN 20460 --- [IAM] [           main] o.h.engine.jdbc.spi.SqlExceptionHelper   : SQL Error: 1146, SQLState: 42S02
2026-06-10T09:39:42.897+05:30 ERROR 20460 --- [IAM] [           main] o.h.engine.jdbc.spi.SqlExceptionHelper   : Table 'teleconnect_iam_test.users' doesn't exist
  Registration failed at index 264: JDBC exception executing SQL [select u1_0.user_id from users u1_0 where u1_0.email=? limit ?] [Table 'teleconnect_iam_test.users' doesn't exist] [n/a]; SQL [n/a]
2026-06-10T09:39:42.899+05:30  WARN 20460 --- [IAM] [           main] o.h.engine.jdbc.spi.SqlExceptionHelper   : SQL Error: 1146, SQLState: 42S02
2026-06-10T09:39:42.899+05:30 ERROR 20460 --- [IAM] [           main] o.h.engine.jdbc.spi.SqlExceptionHelper   : Table 'teleconnect_iam_test.users' doesn't exist
  Registration failed at index 265: JDBC exception executing SQL [select u1_0.user_id from users u1_0 where u1_0.email=? limit ?] [Table 'teleconnect_iam_test.users' doesn't exist] [n/a]; SQL [n/a]
2026-06-10T09:39:42.901+05:30  WARN 20460 --- [IAM] [           main] o.h.engine.jdbc.spi.SqlExceptionHelper   : SQL Error: 1146, SQLState: 42S02
2026-06-10T09:39:42.901+05:30 ERROR 20460 --- [IAM] [           main] o.h.engine.jdbc.spi.SqlExceptionHelper   : Table 'teleconnect_iam_test.users' doesn't exist
  Registration failed at index 266: JDBC exception executing SQL [select u1_0.user_id from users u1_0 where u1_0.email=? limit ?] [Table 'teleconnect_iam_test.users' doesn't exist] [n/a]; SQL [n/a]
2026-06-10T09:39:42.903+05:30  WARN 20460 --- [IAM] [           main] o.h.engine.jdbc.spi.SqlExceptionHelper   : SQL Error: 1146, SQLState: 42S02
2026-06-10T09:39:42.904+05:30 ERROR 20460 --- [IAM] [           main] o.h.engine.jdbc.spi.SqlExceptionHelper   : Table 'teleconnect_iam_test.users' doesn't exist
  Registration failed at index 267: JDBC exception executing SQL [select u1_0.user_id from users u1_0 where u1_0.email=? limit ?] [Table 'teleconnect_iam_test.users' doesn't exist] [n/a]; SQL [n/a]
2026-06-10T09:39:42.906+05:30  WARN 20460 --- [IAM] [           main] o.h.engine.jdbc.spi.SqlExceptionHelper   : SQL Error: 1146, SQLState: 42S02
2026-06-10T09:39:42.906+05:30 ERROR 20460 --- [IAM] [           main] o.h.engine.jdbc.spi.SqlExceptionHelper   : Table 'teleconnect_iam_test.users' doesn't exist
  Registration failed at index 268: JDBC exception executing SQL [select u1_0.user_id from users u1_0 where u1_0.email=? limit ?] [Table 'teleconnect_iam_test.users' doesn't exist] [n/a]; SQL [n/a]
2026-06-10T09:39:42.909+05:30  WARN 20460 --- [IAM] [           main] o.h.engine.jdbc.spi.SqlExceptionHelper   : SQL Error: 1146, SQLState: 42S02
2026-06-10T09:39:42.909+05:30 ERROR 20460 --- [IAM] [           main] o.h.engine.jdbc.spi.SqlExceptionHelper   : Table 'teleconnect_iam_test.users' doesn't exist
  Registration failed at index 269: JDBC exception executing SQL [select u1_0.user_id from users u1_0 where u1_0.email=? limit ?] [Table 'teleconnect_iam_test.users' doesn't exist] [n/a]; SQL [n/a]
2026-06-10T09:39:42.912+05:30  WARN 20460 --- [IAM] [           main] o.h.engine.jdbc.spi.SqlExceptionHelper   : SQL Error: 1146, SQLState: 42S02
2026-06-10T09:39:42.912+05:30 ERROR 20460 --- [IAM] [           main] o.h.engine.jdbc.spi.SqlExceptionHelper   : Table 'teleconnect_iam_test.users' doesn't exist
  Registration failed at index 270: JDBC exception executing SQL [select u1_0.user_id from users u1_0 where u1_0.email=? limit ?] [Table 'teleconnect_iam_test.users' doesn't exist] [n/a]; SQL [n/a]
2026-06-10T09:39:42.916+05:30  WARN 20460 --- [IAM] [           main] o.h.engine.jdbc.spi.SqlExceptionHelper   : SQL Error: 1146, SQLState: 42S02
2026-06-10T09:39:42.916+05:30 ERROR 20460 --- [IAM] [           main] o.h.engine.jdbc.spi.SqlExceptionHelper   : Table 'teleconnect_iam_test.users' doesn't exist
  Registration failed at index 271: JDBC exception executing SQL [select u1_0.user_id from users u1_0 where u1_0.email=? limit ?] [Table 'teleconnect_iam_test.users' doesn't exist] [n/a]; SQL [n/a]
2026-06-10T09:39:42.919+05:30  WARN 20460 --- [IAM] [           main] o.h.engine.jdbc.spi.SqlExceptionHelper   : SQL Error: 1146, SQLState: 42S02
2026-06-10T09:39:42.920+05:30 ERROR 20460 --- [IAM] [           main] o.h.engine.jdbc.spi.SqlExceptionHelper   : Table 'teleconnect_iam_test.users' doesn't exist
  Registration failed at index 272: JDBC exception executing SQL [select u1_0.user_id from users u1_0 where u1_0.email=? limit ?] [Table 'teleconnect_iam_test.users' doesn't exist] [n/a]; SQL [n/a]
2026-06-10T09:39:42.923+05:30  WARN 20460 --- [IAM] [           main] o.h.engine.jdbc.spi.SqlExceptionHelper   : SQL Error: 1146, SQLState: 42S02
2026-06-10T09:39:42.924+05:30 ERROR 20460 --- [IAM] [           main] o.h.engine.jdbc.spi.SqlExceptionHelper   : Table 'teleconnect_iam_test.users' doesn't exist
  Registration failed at index 273: JDBC exception executing SQL [select u1_0.user_id from users u1_0 where u1_0.email=? limit ?] [Table 'teleconnect_iam_test.users' doesn't exist] [n/a]; SQL [n/a]
2026-06-10T09:39:42.926+05:30  WARN 20460 --- [IAM] [           main] o.h.engine.jdbc.spi.SqlExceptionHelper   : SQL Error: 1146, SQLState: 42S02
2026-06-10T09:39:42.927+05:30 ERROR 20460 --- [IAM] [           main] o.h.engine.jdbc.spi.SqlExceptionHelper   : Table 'teleconnect_iam_test.users' doesn't exist
  Registration failed at index 274: JDBC exception executing SQL [select u1_0.user_id from users u1_0 where u1_0.email=? limit ?] [Table 'teleconnect_iam_test.users' doesn't exist] [n/a]; SQL [n/a]
2026-06-10T09:39:42.930+05:30  WARN 20460 --- [IAM] [           main] o.h.engine.jdbc.spi.SqlExceptionHelper   : SQL Error: 1146, SQLState: 42S02
2026-06-10T09:39:42.930+05:30 ERROR 20460 --- [IAM] [           main] o.h.engine.jdbc.spi.SqlExceptionHelper   : Table 'teleconnect_iam_test.users' doesn't exist
  Registration failed at index 275: JDBC exception executing SQL [select u1_0.user_id from users u1_0 where u1_0.email=? limit ?] [Table 'teleconnect_iam_test.users' doesn't exist] [n/a]; SQL [n/a]
2026-06-10T09:39:42.933+05:30  WARN 20460 --- [IAM] [           main] o.h.engine.jdbc.spi.SqlExceptionHelper   : SQL Error: 1146, SQLState: 42S02
2026-06-10T09:39:42.933+05:30 ERROR 20460 --- [IAM] [           main] o.h.engine.jdbc.spi.SqlExceptionHelper   : Table 'teleconnect_iam_test.users' doesn't exist
  Registration failed at index 276: JDBC exception executing SQL [select u1_0.user_id from users u1_0 where u1_0.email=? limit ?] [Table 'teleconnect_iam_test.users' doesn't exist] [n/a]; SQL [n/a]
2026-06-10T09:39:42.936+05:30  WARN 20460 --- [IAM] [           main] o.h.engine.jdbc.spi.SqlExceptionHelper   : SQL Error: 1146, SQLState: 42S02
2026-06-10T09:39:42.936+05:30 ERROR 20460 --- [IAM] [           main] o.h.engine.jdbc.spi.SqlExceptionHelper   : Table 'teleconnect_iam_test.users' doesn't exist
  Registration failed at index 277: JDBC exception executing SQL [select u1_0.user_id from users u1_0 where u1_0.email=? limit ?] [Table 'teleconnect_iam_test.users' doesn't exist] [n/a]; SQL [n/a]
2026-06-10T09:39:42.940+05:30  WARN 20460 --- [IAM] [           main] o.h.engine.jdbc.spi.SqlExceptionHelper   : SQL Error: 1146, SQLState: 42S02
2026-06-10T09:39:42.941+05:30 ERROR 20460 --- [IAM] [           main] o.h.engine.jdbc.spi.SqlExceptionHelper   : Table 'teleconnect_iam_test.users' doesn't exist
  Registration failed at index 278: JDBC exception executing SQL [select u1_0.user_id from users u1_0 where u1_0.email=? limit ?] [Table 'teleconnect_iam_test.users' doesn't exist] [n/a]; SQL [n/a]
2026-06-10T09:39:42.944+05:30  WARN 20460 --- [IAM] [           main] o.h.engine.jdbc.spi.SqlExceptionHelper   : SQL Error: 1146, SQLState: 42S02
2026-06-10T09:39:42.944+05:30 ERROR 20460 --- [IAM] [           main] o.h.engine.jdbc.spi.SqlExceptionHelper   : Table 'teleconnect_iam_test.users' doesn't exist
  Registration failed at index 279: JDBC exception executing SQL [select u1_0.user_id from users u1_0 where u1_0.email=? limit ?] [Table 'teleconnect_iam_test.users' doesn't exist] [n/a]; SQL [n/a]
2026-06-10T09:39:42.946+05:30  WARN 20460 --- [IAM] [           main] o.h.engine.jdbc.spi.SqlExceptionHelper   : SQL Error: 1146, SQLState: 42S02
2026-06-10T09:39:42.947+05:30 ERROR 20460 --- [IAM] [           main] o.h.engine.jdbc.spi.SqlExceptionHelper   : Table 'teleconnect_iam_test.users' doesn't exist
  Registration failed at index 280: JDBC exception executing SQL [select u1_0.user_id from users u1_0 where u1_0.email=? limit ?] [Table 'teleconnect_iam_test.users' doesn't exist] [n/a]; SQL [n/a]
2026-06-10T09:39:42.949+05:30  WARN 20460 --- [IAM] [           main] o.h.engine.jdbc.spi.SqlExceptionHelper   : SQL Error: 1146, SQLState: 42S02
2026-06-10T09:39:42.949+05:30 ERROR 20460 --- [IAM] [           main] o.h.engine.jdbc.spi.SqlExceptionHelper   : Table 'teleconnect_iam_test.users' doesn't exist
  Registration failed at index 281: JDBC exception executing SQL [select u1_0.user_id from users u1_0 where u1_0.email=? limit ?] [Table 'teleconnect_iam_test.users' doesn't exist] [n/a]; SQL [n/a]
2026-06-10T09:39:42.952+05:30  WARN 20460 --- [IAM] [           main] o.h.engine.jdbc.spi.SqlExceptionHelper   : SQL Error: 1146, SQLState: 42S02
2026-06-10T09:39:42.952+05:30 ERROR 20460 --- [IAM] [           main] o.h.engine.jdbc.spi.SqlExceptionHelper   : Table 'teleconnect_iam_test.users' doesn't exist
  Registration failed at index 282: JDBC exception executing SQL [select u1_0.user_id from users u1_0 where u1_0.email=? limit ?] [Table 'teleconnect_iam_test.users' doesn't exist] [n/a]; SQL [n/a]
2026-06-10T09:39:42.955+05:30  WARN 20460 --- [IAM] [           main] o.h.engine.jdbc.spi.SqlExceptionHelper   : SQL Error: 1146, SQLState: 42S02
2026-06-10T09:39:42.955+05:30 ERROR 20460 --- [IAM] [           main] o.h.engine.jdbc.spi.SqlExceptionHelper   : Table 'teleconnect_iam_test.users' doesn't exist
  Registration failed at index 283: JDBC exception executing SQL [select u1_0.user_id from users u1_0 where u1_0.email=? limit ?] [Table 'teleconnect_iam_test.users' doesn't exist] [n/a]; SQL [n/a]
2026-06-10T09:39:42.958+05:30  WARN 20460 --- [IAM] [           main] o.h.engine.jdbc.spi.SqlExceptionHelper   : SQL Error: 1146, SQLState: 42S02
2026-06-10T09:39:42.958+05:30 ERROR 20460 --- [IAM] [           main] o.h.engine.jdbc.spi.SqlExceptionHelper   : Table 'teleconnect_iam_test.users' doesn't exist
  Registration failed at index 284: JDBC exception executing SQL [select u1_0.user_id from users u1_0 where u1_0.email=? limit ?] [Table 'teleconnect_iam_test.users' doesn't exist] [n/a]; SQL [n/a]
2026-06-10T09:39:42.962+05:30  WARN 20460 --- [IAM] [           main] o.h.engine.jdbc.spi.SqlExceptionHelper   : SQL Error: 1146, SQLState: 42S02
2026-06-10T09:39:42.962+05:30 ERROR 20460 --- [IAM] [           main] o.h.engine.jdbc.spi.SqlExceptionHelper   : Table 'teleconnect_iam_test.users' doesn't exist
  Registration failed at index 285: JDBC exception executing SQL [select u1_0.user_id from users u1_0 where u1_0.email=? limit ?] [Table 'teleconnect_iam_test.users' doesn't exist] [n/a]; SQL [n/a]
2026-06-10T09:39:42.965+05:30  WARN 20460 --- [IAM] [           main] o.h.engine.jdbc.spi.SqlExceptionHelper   : SQL Error: 1146, SQLState: 42S02
2026-06-10T09:39:42.965+05:30 ERROR 20460 --- [IAM] [           main] o.h.engine.jdbc.spi.SqlExceptionHelper   : Table 'teleconnect_iam_test.users' doesn't exist
  Registration failed at index 286: JDBC exception executing SQL [select u1_0.user_id from users u1_0 where u1_0.email=? limit ?] [Table 'teleconnect_iam_test.users' doesn't exist] [n/a]; SQL [n/a]
2026-06-10T09:39:42.968+05:30  WARN 20460 --- [IAM] [           main] o.h.engine.jdbc.spi.SqlExceptionHelper   : SQL Error: 1146, SQLState: 42S02
2026-06-10T09:39:42.968+05:30 ERROR 20460 --- [IAM] [           main] o.h.engine.jdbc.spi.SqlExceptionHelper   : Table 'teleconnect_iam_test.users' doesn't exist
  Registration failed at index 287: JDBC exception executing SQL [select u1_0.user_id from users u1_0 where u1_0.email=? limit ?] [Table 'teleconnect_iam_test.users' doesn't exist] [n/a]; SQL [n/a]
2026-06-10T09:39:42.969+05:30  WARN 20460 --- [IAM] [           main] o.h.engine.jdbc.spi.SqlExceptionHelper   : SQL Error: 1146, SQLState: 42S02
2026-06-10T09:39:42.969+05:30 ERROR 20460 --- [IAM] [           main] o.h.engine.jdbc.spi.SqlExceptionHelper   : Table 'teleconnect_iam_test.users' doesn't exist
  Registration failed at index 288: JDBC exception executing SQL [select u1_0.user_id from users u1_0 where u1_0.email=? limit ?] [Table 'teleconnect_iam_test.users' doesn't exist] [n/a]; SQL [n/a]
2026-06-10T09:39:42.973+05:30  WARN 20460 --- [IAM] [           main] o.h.engine.jdbc.spi.SqlExceptionHelper   : SQL Error: 1146, SQLState: 42S02
2026-06-10T09:39:42.973+05:30 ERROR 20460 --- [IAM] [           main] o.h.engine.jdbc.spi.SqlExceptionHelper   : Table 'teleconnect_iam_test.users' doesn't exist
  Registration failed at index 289: JDBC exception executing SQL [select u1_0.user_id from users u1_0 where u1_0.email=? limit ?] [Table 'teleconnect_iam_test.users' doesn't exist] [n/a]; SQL [n/a]
2026-06-10T09:39:42.977+05:30  WARN 20460 --- [IAM] [           main] o.h.engine.jdbc.spi.SqlExceptionHelper   : SQL Error: 1146, SQLState: 42S02
2026-06-10T09:39:42.977+05:30 ERROR 20460 --- [IAM] [           main] o.h.engine.jdbc.spi.SqlExceptionHelper   : Table 'teleconnect_iam_test.users' doesn't exist
  Registration failed at index 290: JDBC exception executing SQL [select u1_0.user_id from users u1_0 where u1_0.email=? limit ?] [Table 'teleconnect_iam_test.users' doesn't exist] [n/a]; SQL [n/a]
2026-06-10T09:39:42.980+05:30  WARN 20460 --- [IAM] [           main] o.h.engine.jdbc.spi.SqlExceptionHelper   : SQL Error: 1146, SQLState: 42S02
2026-06-10T09:39:42.980+05:30 ERROR 20460 --- [IAM] [           main] o.h.engine.jdbc.spi.SqlExceptionHelper   : Table 'teleconnect_iam_test.users' doesn't exist
  Registration failed at index 291: JDBC exception executing SQL [select u1_0.user_id from users u1_0 where u1_0.email=? limit ?] [Table 'teleconnect_iam_test.users' doesn't exist] [n/a]; SQL [n/a]
2026-06-10T09:39:42.983+05:30  WARN 20460 --- [IAM] [           main] o.h.engine.jdbc.spi.SqlExceptionHelper   : SQL Error: 1146, SQLState: 42S02
2026-06-10T09:39:42.983+05:30 ERROR 20460 --- [IAM] [           main] o.h.engine.jdbc.spi.SqlExceptionHelper   : Table 'teleconnect_iam_test.users' doesn't exist
  Registration failed at index 292: JDBC exception executing SQL [select u1_0.user_id from users u1_0 where u1_0.email=? limit ?] [Table 'teleconnect_iam_test.users' doesn't exist] [n/a]; SQL [n/a]
2026-06-10T09:39:42.986+05:30  WARN 20460 --- [IAM] [           main] o.h.engine.jdbc.spi.SqlExceptionHelper   : SQL Error: 1146, SQLState: 42S02
2026-06-10T09:39:42.986+05:30 ERROR 20460 --- [IAM] [           main] o.h.engine.jdbc.spi.SqlExceptionHelper   : Table 'teleconnect_iam_test.users' doesn't exist
  Registration failed at index 293: JDBC exception executing SQL [select u1_0.user_id from users u1_0 where u1_0.email=? limit ?] [Table 'teleconnect_iam_test.users' doesn't exist] [n/a]; SQL [n/a]
2026-06-10T09:39:42.989+05:30  WARN 20460 --- [IAM] [           main] o.h.engine.jdbc.spi.SqlExceptionHelper   : SQL Error: 1146, SQLState: 42S02
2026-06-10T09:39:42.989+05:30 ERROR 20460 --- [IAM] [           main] o.h.engine.jdbc.spi.SqlExceptionHelper   : Table 'teleconnect_iam_test.users' doesn't exist
  Registration failed at index 294: JDBC exception executing SQL [select u1_0.user_id from users u1_0 where u1_0.email=? limit ?] [Table 'teleconnect_iam_test.users' doesn't exist] [n/a]; SQL [n/a]
2026-06-10T09:39:42.992+05:30  WARN 20460 --- [IAM] [           main] o.h.engine.jdbc.spi.SqlExceptionHelper   : SQL Error: 1146, SQLState: 42S02
2026-06-10T09:39:42.992+05:30 ERROR 20460 --- [IAM] [           main] o.h.engine.jdbc.spi.SqlExceptionHelper   : Table 'teleconnect_iam_test.users' doesn't exist
  Registration failed at index 295: JDBC exception executing SQL [select u1_0.user_id from users u1_0 where u1_0.email=? limit ?] [Table 'teleconnect_iam_test.users' doesn't exist] [n/a]; SQL [n/a]
2026-06-10T09:39:42.995+05:30  WARN 20460 --- [IAM] [           main] o.h.engine.jdbc.spi.SqlExceptionHelper   : SQL Error: 1146, SQLState: 42S02
2026-06-10T09:39:42.995+05:30 ERROR 20460 --- [IAM] [           main] o.h.engine.jdbc.spi.SqlExceptionHelper   : Table 'teleconnect_iam_test.users' doesn't exist
  Registration failed at index 296: JDBC exception executing SQL [select u1_0.user_id from users u1_0 where u1_0.email=? limit ?] [Table 'teleconnect_iam_test.users' doesn't exist] [n/a]; SQL [n/a]
2026-06-10T09:39:42.997+05:30  WARN 20460 --- [IAM] [           main] o.h.engine.jdbc.spi.SqlExceptionHelper   : SQL Error: 1146, SQLState: 42S02
2026-06-10T09:39:42.997+05:30 ERROR 20460 --- [IAM] [           main] o.h.engine.jdbc.spi.SqlExceptionHelper   : Table 'teleconnect_iam_test.users' doesn't exist
  Registration failed at index 297: JDBC exception executing SQL [select u1_0.user_id from users u1_0 where u1_0.email=? limit ?] [Table 'teleconnect_iam_test.users' doesn't exist] [n/a]; SQL [n/a]
2026-06-10T09:39:42.999+05:30  WARN 20460 --- [IAM] [           main] o.h.engine.jdbc.spi.SqlExceptionHelper   : SQL Error: 1146, SQLState: 42S02
2026-06-10T09:39:42.999+05:30 ERROR 20460 --- [IAM] [           main] o.h.engine.jdbc.spi.SqlExceptionHelper   : Table 'teleconnect_iam_test.users' doesn't exist
  Registration failed at index 298: JDBC exception executing SQL [select u1_0.user_id from users u1_0 where u1_0.email=? limit ?] [Table 'teleconnect_iam_test.users' doesn't exist] [n/a]; SQL [n/a]
2026-06-10T09:39:43.001+05:30  WARN 20460 --- [IAM] [           main] o.h.engine.jdbc.spi.SqlExceptionHelper   : SQL Error: 1146, SQLState: 42S02
2026-06-10T09:39:43.001+05:30 ERROR 20460 --- [IAM] [           main] o.h.engine.jdbc.spi.SqlExceptionHelper   : Table 'teleconnect_iam_test.users' doesn't exist
  Registration failed at index 299: JDBC exception executing SQL [select u1_0.user_id from users u1_0 where u1_0.email=? limit ?] [Table 'teleconnect_iam_test.users' doesn't exist] [n/a]; SQL [n/a]
2026-06-10T09:39:43.003+05:30  WARN 20460 --- [IAM] [           main] o.h.engine.jdbc.spi.SqlExceptionHelper   : SQL Error: 1146, SQLState: 42S02
2026-06-10T09:39:43.003+05:30 ERROR 20460 --- [IAM] [           main] o.h.engine.jdbc.spi.SqlExceptionHelper   : Table 'teleconnect_iam_test.users' doesn't exist
  Registration failed at index 300: JDBC exception executing SQL [select u1_0.user_id from users u1_0 where u1_0.email=? limit ?] [Table 'teleconnect_iam_test.users' doesn't exist] [n/a]; SQL [n/a]
2026-06-10T09:39:43.006+05:30  WARN 20460 --- [IAM] [           main] o.h.engine.jdbc.spi.SqlExceptionHelper   : SQL Error: 1146, SQLState: 42S02
2026-06-10T09:39:43.006+05:30 ERROR 20460 --- [IAM] [           main] o.h.engine.jdbc.spi.SqlExceptionHelper   : Table 'teleconnect_iam_test.users' doesn't exist
  Registration failed at index 301: JDBC exception executing SQL [select u1_0.user_id from users u1_0 where u1_0.email=? limit ?] [Table 'teleconnect_iam_test.users' doesn't exist] [n/a]; SQL [n/a]
2026-06-10T09:39:43.009+05:30  WARN 20460 --- [IAM] [           main] o.h.engine.jdbc.spi.SqlExceptionHelper   : SQL Error: 1146, SQLState: 42S02
2026-06-10T09:39:43.009+05:30 ERROR 20460 --- [IAM] [           main] o.h.engine.jdbc.spi.SqlExceptionHelper   : Table 'teleconnect_iam_test.users' doesn't exist
  Registration failed at index 302: JDBC exception executing SQL [select u1_0.user_id from users u1_0 where u1_0.email=? limit ?] [Table 'teleconnect_iam_test.users' doesn't exist] [n/a]; SQL [n/a]
2026-06-10T09:39:43.012+05:30  WARN 20460 --- [IAM] [           main] o.h.engine.jdbc.spi.SqlExceptionHelper   : SQL Error: 1146, SQLState: 42S02
2026-06-10T09:39:43.012+05:30 ERROR 20460 --- [IAM] [           main] o.h.engine.jdbc.spi.SqlExceptionHelper   : Table 'teleconnect_iam_test.users' doesn't exist
  Registration failed at index 303: JDBC exception executing SQL [select u1_0.user_id from users u1_0 where u1_0.email=? limit ?] [Table 'teleconnect_iam_test.users' doesn't exist] [n/a]; SQL [n/a]
2026-06-10T09:39:43.014+05:30  WARN 20460 --- [IAM] [           main] o.h.engine.jdbc.spi.SqlExceptionHelper   : SQL Error: 1146, SQLState: 42S02
2026-06-10T09:39:43.014+05:30 ERROR 20460 --- [IAM] [           main] o.h.engine.jdbc.spi.SqlExceptionHelper   : Table 'teleconnect_iam_test.users' doesn't exist
  Registration failed at index 304: JDBC exception executing SQL [select u1_0.user_id from users u1_0 where u1_0.email=? limit ?] [Table 'teleconnect_iam_test.users' doesn't exist] [n/a]; SQL [n/a]
2026-06-10T09:39:43.016+05:30  WARN 20460 --- [IAM] [           main] o.h.engine.jdbc.spi.SqlExceptionHelper   : SQL Error: 1146, SQLState: 42S02
2026-06-10T09:39:43.016+05:30 ERROR 20460 --- [IAM] [           main] o.h.engine.jdbc.spi.SqlExceptionHelper   : Table 'teleconnect_iam_test.users' doesn't exist
  Registration failed at index 305: JDBC exception executing SQL [select u1_0.user_id from users u1_0 where u1_0.email=? limit ?] [Table 'teleconnect_iam_test.users' doesn't exist] [n/a]; SQL [n/a]
2026-06-10T09:39:43.020+05:30  WARN 20460 --- [IAM] [           main] o.h.engine.jdbc.spi.SqlExceptionHelper   : SQL Error: 1146, SQLState: 42S02
2026-06-10T09:39:43.020+05:30 ERROR 20460 --- [IAM] [           main] o.h.engine.jdbc.spi.SqlExceptionHelper   : Table 'teleconnect_iam_test.users' doesn't exist
  Registration failed at index 306: JDBC exception executing SQL [select u1_0.user_id from users u1_0 where u1_0.email=? limit ?] [Table 'teleconnect_iam_test.users' doesn't exist] [n/a]; SQL [n/a]
2026-06-10T09:39:43.023+05:30  WARN 20460 --- [IAM] [           main] o.h.engine.jdbc.spi.SqlExceptionHelper   : SQL Error: 1146, SQLState: 42S02
2026-06-10T09:39:43.024+05:30 ERROR 20460 --- [IAM] [           main] o.h.engine.jdbc.spi.SqlExceptionHelper   : Table 'teleconnect_iam_test.users' doesn't exist
  Registration failed at index 307: JDBC exception executing SQL [select u1_0.user_id from users u1_0 where u1_0.email=? limit ?] [Table 'teleconnect_iam_test.users' doesn't exist] [n/a]; SQL [n/a]
2026-06-10T09:39:43.026+05:30  WARN 20460 --- [IAM] [           main] o.h.engine.jdbc.spi.SqlExceptionHelper   : SQL Error: 1146, SQLState: 42S02
2026-06-10T09:39:43.026+05:30 ERROR 20460 --- [IAM] [           main] o.h.engine.jdbc.spi.SqlExceptionHelper   : Table 'teleconnect_iam_test.users' doesn't exist
  Registration failed at index 308: JDBC exception executing SQL [select u1_0.user_id from users u1_0 where u1_0.email=? limit ?] [Table 'teleconnect_iam_test.users' doesn't exist] [n/a]; SQL [n/a]
2026-06-10T09:39:43.029+05:30  WARN 20460 --- [IAM] [           main] o.h.engine.jdbc.spi.SqlExceptionHelper   : SQL Error: 1146, SQLState: 42S02
2026-06-10T09:39:43.029+05:30 ERROR 20460 --- [IAM] [           main] o.h.engine.jdbc.spi.SqlExceptionHelper   : Table 'teleconnect_iam_test.users' doesn't exist
  Registration failed at index 309: JDBC exception executing SQL [select u1_0.user_id from users u1_0 where u1_0.email=? limit ?] [Table 'teleconnect_iam_test.users' doesn't exist] [n/a]; SQL [n/a]
2026-06-10T09:39:43.033+05:30  WARN 20460 --- [IAM] [           main] o.h.engine.jdbc.spi.SqlExceptionHelper   : SQL Error: 1146, SQLState: 42S02
2026-06-10T09:39:43.033+05:30 ERROR 20460 --- [IAM] [           main] o.h.engine.jdbc.spi.SqlExceptionHelper   : Table 'teleconnect_iam_test.users' doesn't exist
  Registration failed at index 310: JDBC exception executing SQL [select u1_0.user_id from users u1_0 where u1_0.email=? limit ?] [Table 'teleconnect_iam_test.users' doesn't exist] [n/a]; SQL [n/a]
2026-06-10T09:39:43.037+05:30  WARN 20460 --- [IAM] [           main] o.h.engine.jdbc.spi.SqlExceptionHelper   : SQL Error: 1146, SQLState: 42S02
2026-06-10T09:39:43.037+05:30 ERROR 20460 --- [IAM] [           main] o.h.engine.jdbc.spi.SqlExceptionHelper   : Table 'teleconnect_iam_test.users' doesn't exist
  Registration failed at index 311: JDBC exception executing SQL [select u1_0.user_id from users u1_0 where u1_0.email=? limit ?] [Table 'teleconnect_iam_test.users' doesn't exist] [n/a]; SQL [n/a]
2026-06-10T09:39:43.041+05:30  WARN 20460 --- [IAM] [           main] o.h.engine.jdbc.spi.SqlExceptionHelper   : SQL Error: 1146, SQLState: 42S02
2026-06-10T09:39:43.041+05:30 ERROR 20460 --- [IAM] [           main] o.h.engine.jdbc.spi.SqlExceptionHelper   : Table 'teleconnect_iam_test.users' doesn't exist
  Registration failed at index 312: JDBC exception executing SQL [select u1_0.user_id from users u1_0 where u1_0.email=? limit ?] [Table 'teleconnect_iam_test.users' doesn't exist] [n/a]; SQL [n/a]
2026-06-10T09:39:43.045+05:30  WARN 20460 --- [IAM] [           main] o.h.engine.jdbc.spi.SqlExceptionHelper   : SQL Error: 1146, SQLState: 42S02
2026-06-10T09:39:43.045+05:30 ERROR 20460 --- [IAM] [           main] o.h.engine.jdbc.spi.SqlExceptionHelper   : Table 'teleconnect_iam_test.users' doesn't exist
  Registration failed at index 313: JDBC exception executing SQL [select u1_0.user_id from users u1_0 where u1_0.email=? limit ?] [Table 'teleconnect_iam_test.users' doesn't exist] [n/a]; SQL [n/a]
2026-06-10T09:39:43.047+05:30  WARN 20460 --- [IAM] [           main] o.h.engine.jdbc.spi.SqlExceptionHelper   : SQL Error: 1146, SQLState: 42S02
2026-06-10T09:39:43.048+05:30 ERROR 20460 --- [IAM] [           main] o.h.engine.jdbc.spi.SqlExceptionHelper   : Table 'teleconnect_iam_test.users' doesn't exist
  Registration failed at index 314: JDBC exception executing SQL [select u1_0.user_id from users u1_0 where u1_0.email=? limit ?] [Table 'teleconnect_iam_test.users' doesn't exist] [n/a]; SQL [n/a]
2026-06-10T09:39:43.051+05:30  WARN 20460 --- [IAM] [           main] o.h.engine.jdbc.spi.SqlExceptionHelper   : SQL Error: 1146, SQLState: 42S02
2026-06-10T09:39:43.051+05:30 ERROR 20460 --- [IAM] [           main] o.h.engine.jdbc.spi.SqlExceptionHelper   : Table 'teleconnect_iam_test.users' doesn't exist
  Registration failed at index 315: JDBC exception executing SQL [select u1_0.user_id from users u1_0 where u1_0.email=? limit ?] [Table 'teleconnect_iam_test.users' doesn't exist] [n/a]; SQL [n/a]
2026-06-10T09:39:43.054+05:30  WARN 20460 --- [IAM] [           main] o.h.engine.jdbc.spi.SqlExceptionHelper   : SQL Error: 1146, SQLState: 42S02
2026-06-10T09:39:43.054+05:30 ERROR 20460 --- [IAM] [           main] o.h.engine.jdbc.spi.SqlExceptionHelper   : Table 'teleconnect_iam_test.users' doesn't exist
  Registration failed at index 316: JDBC exception executing SQL [select u1_0.user_id from users u1_0 where u1_0.email=? limit ?] [Table 'teleconnect_iam_test.users' doesn't exist] [n/a]; SQL [n/a]
2026-06-10T09:39:43.057+05:30  WARN 20460 --- [IAM] [           main] o.h.engine.jdbc.spi.SqlExceptionHelper   : SQL Error: 1146, SQLState: 42S02
2026-06-10T09:39:43.058+05:30 ERROR 20460 --- [IAM] [           main] o.h.engine.jdbc.spi.SqlExceptionHelper   : Table 'teleconnect_iam_test.users' doesn't exist
  Registration failed at index 317: JDBC exception executing SQL [select u1_0.user_id from users u1_0 where u1_0.email=? limit ?] [Table 'teleconnect_iam_test.users' doesn't exist] [n/a]; SQL [n/a]
2026-06-10T09:39:43.062+05:30  WARN 20460 --- [IAM] [           main] o.h.engine.jdbc.spi.SqlExceptionHelper   : SQL Error: 1146, SQLState: 42S02
2026-06-10T09:39:43.062+05:30 ERROR 20460 --- [IAM] [           main] o.h.engine.jdbc.spi.SqlExceptionHelper   : Table 'teleconnect_iam_test.users' doesn't exist
  Registration failed at index 318: JDBC exception executing SQL [select u1_0.user_id from users u1_0 where u1_0.email=? limit ?] [Table 'teleconnect_iam_test.users' doesn't exist] [n/a]; SQL [n/a]
2026-06-10T09:39:43.065+05:30  WARN 20460 --- [IAM] [           main] o.h.engine.jdbc.spi.SqlExceptionHelper   : SQL Error: 1146, SQLState: 42S02
2026-06-10T09:39:43.065+05:30 ERROR 20460 --- [IAM] [           main] o.h.engine.jdbc.spi.SqlExceptionHelper   : Table 'teleconnect_iam_test.users' doesn't exist
  Registration failed at index 319: JDBC exception executing SQL [select u1_0.user_id from users u1_0 where u1_0.email=? limit ?] [Table 'teleconnect_iam_test.users' doesn't exist] [n/a]; SQL [n/a]
2026-06-10T09:39:43.068+05:30  WARN 20460 --- [IAM] [           main] o.h.engine.jdbc.spi.SqlExceptionHelper   : SQL Error: 1146, SQLState: 42S02
2026-06-10T09:39:43.069+05:30 ERROR 20460 --- [IAM] [           main] o.h.engine.jdbc.spi.SqlExceptionHelper   : Table 'teleconnect_iam_test.users' doesn't exist
  Registration failed at index 320: JDBC exception executing SQL [select u1_0.user_id from users u1_0 where u1_0.email=? limit ?] [Table 'teleconnect_iam_test.users' doesn't exist] [n/a]; SQL [n/a]
2026-06-10T09:39:43.072+05:30  WARN 20460 --- [IAM] [           main] o.h.engine.jdbc.spi.SqlExceptionHelper   : SQL Error: 1146, SQLState: 42S02
2026-06-10T09:39:43.072+05:30 ERROR 20460 --- [IAM] [           main] o.h.engine.jdbc.spi.SqlExceptionHelper   : Table 'teleconnect_iam_test.users' doesn't exist
  Registration failed at index 321: JDBC exception executing SQL [select u1_0.user_id from users u1_0 where u1_0.email=? limit ?] [Table 'teleconnect_iam_test.users' doesn't exist] [n/a]; SQL [n/a]
2026-06-10T09:39:43.075+05:30  WARN 20460 --- [IAM] [           main] o.h.engine.jdbc.spi.SqlExceptionHelper   : SQL Error: 1146, SQLState: 42S02
2026-06-10T09:39:43.075+05:30 ERROR 20460 --- [IAM] [           main] o.h.engine.jdbc.spi.SqlExceptionHelper   : Table 'teleconnect_iam_test.users' doesn't exist
  Registration failed at index 322: JDBC exception executing SQL [select u1_0.user_id from users u1_0 where u1_0.email=? limit ?] [Table 'teleconnect_iam_test.users' doesn't exist] [n/a]; SQL [n/a]
2026-06-10T09:39:43.077+05:30  WARN 20460 --- [IAM] [           main] o.h.engine.jdbc.spi.SqlExceptionHelper   : SQL Error: 1146, SQLState: 42S02
2026-06-10T09:39:43.079+05:30 ERROR 20460 --- [IAM] [           main] o.h.engine.jdbc.spi.SqlExceptionHelper   : Table 'teleconnect_iam_test.users' doesn't exist
  Registration failed at index 323: JDBC exception executing SQL [select u1_0.user_id from users u1_0 where u1_0.email=? limit ?] [Table 'teleconnect_iam_test.users' doesn't exist] [n/a]; SQL [n/a]
2026-06-10T09:39:43.081+05:30  WARN 20460 --- [IAM] [           main] o.h.engine.jdbc.spi.SqlExceptionHelper   : SQL Error: 1146, SQLState: 42S02
2026-06-10T09:39:43.081+05:30 ERROR 20460 --- [IAM] [           main] o.h.engine.jdbc.spi.SqlExceptionHelper   : Table 'teleconnect_iam_test.users' doesn't exist
  Registration failed at index 324: JDBC exception executing SQL [select u1_0.user_id from users u1_0 where u1_0.email=? limit ?] [Table 'teleconnect_iam_test.users' doesn't exist] [n/a]; SQL [n/a]
2026-06-10T09:39:43.085+05:30  WARN 20460 --- [IAM] [           main] o.h.engine.jdbc.spi.SqlExceptionHelper   : SQL Error: 1146, SQLState: 42S02
2026-06-10T09:39:43.085+05:30 ERROR 20460 --- [IAM] [           main] o.h.engine.jdbc.spi.SqlExceptionHelper   : Table 'teleconnect_iam_test.users' doesn't exist
  Registration failed at index 325: JDBC exception executing SQL [select u1_0.user_id from users u1_0 where u1_0.email=? limit ?] [Table 'teleconnect_iam_test.users' doesn't exist] [n/a]; SQL [n/a]
2026-06-10T09:39:43.090+05:30  WARN 20460 --- [IAM] [           main] o.h.engine.jdbc.spi.SqlExceptionHelper   : SQL Error: 1146, SQLState: 42S02
2026-06-10T09:39:43.091+05:30 ERROR 20460 --- [IAM] [           main] o.h.engine.jdbc.spi.SqlExceptionHelper   : Table 'teleconnect_iam_test.users' doesn't exist
  Registration failed at index 326: JDBC exception executing SQL [select u1_0.user_id from users u1_0 where u1_0.email=? limit ?] [Table 'teleconnect_iam_test.users' doesn't exist] [n/a]; SQL [n/a]
2026-06-10T09:39:43.094+05:30  WARN 20460 --- [IAM] [           main] o.h.engine.jdbc.spi.SqlExceptionHelper   : SQL Error: 1146, SQLState: 42S02
2026-06-10T09:39:43.094+05:30 ERROR 20460 --- [IAM] [           main] o.h.engine.jdbc.spi.SqlExceptionHelper   : Table 'teleconnect_iam_test.users' doesn't exist
  Registration failed at index 327: JDBC exception executing SQL [select u1_0.user_id from users u1_0 where u1_0.email=? limit ?] [Table 'teleconnect_iam_test.users' doesn't exist] [n/a]; SQL [n/a]
2026-06-10T09:39:43.097+05:30  WARN 20460 --- [IAM] [           main] o.h.engine.jdbc.spi.SqlExceptionHelper   : SQL Error: 1146, SQLState: 42S02
2026-06-10T09:39:43.098+05:30 ERROR 20460 --- [IAM] [           main] o.h.engine.jdbc.spi.SqlExceptionHelper   : Table 'teleconnect_iam_test.users' doesn't exist
  Registration failed at index 328: JDBC exception executing SQL [select u1_0.user_id from users u1_0 where u1_0.email=? limit ?] [Table 'teleconnect_iam_test.users' doesn't exist] [n/a]; SQL [n/a]
2026-06-10T09:39:43.102+05:30  WARN 20460 --- [IAM] [           main] o.h.engine.jdbc.spi.SqlExceptionHelper   : SQL Error: 1146, SQLState: 42S02
2026-06-10T09:39:43.102+05:30 ERROR 20460 --- [IAM] [           main] o.h.engine.jdbc.spi.SqlExceptionHelper   : Table 'teleconnect_iam_test.users' doesn't exist
  Registration failed at index 329: JDBC exception executing SQL [select u1_0.user_id from users u1_0 where u1_0.email=? limit ?] [Table 'teleconnect_iam_test.users' doesn't exist] [n/a]; SQL [n/a]
2026-06-10T09:39:43.105+05:30  WARN 20460 --- [IAM] [           main] o.h.engine.jdbc.spi.SqlExceptionHelper   : SQL Error: 1146, SQLState: 42S02
2026-06-10T09:39:43.105+05:30 ERROR 20460 --- [IAM] [           main] o.h.engine.jdbc.spi.SqlExceptionHelper   : Table 'teleconnect_iam_test.users' doesn't exist
  Registration failed at index 330: JDBC exception executing SQL [select u1_0.user_id from users u1_0 where u1_0.email=? limit ?] [Table 'teleconnect_iam_test.users' doesn't exist] [n/a]; SQL [n/a]
2026-06-10T09:39:43.108+05:30  WARN 20460 --- [IAM] [           main] o.h.engine.jdbc.spi.SqlExceptionHelper   : SQL Error: 1146, SQLState: 42S02
2026-06-10T09:39:43.109+05:30 ERROR 20460 --- [IAM] [           main] o.h.engine.jdbc.spi.SqlExceptionHelper   : Table 'teleconnect_iam_test.users' doesn't exist
  Registration failed at index 331: JDBC exception executing SQL [select u1_0.user_id from users u1_0 where u1_0.email=? limit ?] [Table 'teleconnect_iam_test.users' doesn't exist] [n/a]; SQL [n/a]
2026-06-10T09:39:43.113+05:30  WARN 20460 --- [IAM] [           main] o.h.engine.jdbc.spi.SqlExceptionHelper   : SQL Error: 1146, SQLState: 42S02
2026-06-10T09:39:43.113+05:30 ERROR 20460 --- [IAM] [           main] o.h.engine.jdbc.spi.SqlExceptionHelper   : Table 'teleconnect_iam_test.users' doesn't exist
  Registration failed at index 332: JDBC exception executing SQL [select u1_0.user_id from users u1_0 where u1_0.email=? limit ?] [Table 'teleconnect_iam_test.users' doesn't exist] [n/a]; SQL [n/a]
2026-06-10T09:39:43.116+05:30  WARN 20460 --- [IAM] [           main] o.h.engine.jdbc.spi.SqlExceptionHelper   : SQL Error: 1146, SQLState: 42S02
2026-06-10T09:39:43.116+05:30 ERROR 20460 --- [IAM] [           main] o.h.engine.jdbc.spi.SqlExceptionHelper   : Table 'teleconnect_iam_test.users' doesn't exist
  Registration failed at index 333: JDBC exception executing SQL [select u1_0.user_id from users u1_0 where u1_0.email=? limit ?] [Table 'teleconnect_iam_test.users' doesn't exist] [n/a]; SQL [n/a]
2026-06-10T09:39:43.130+05:30  WARN 20460 --- [IAM] [           main] o.h.engine.jdbc.spi.SqlExceptionHelper   : SQL Error: 1146, SQLState: 42S02
2026-06-10T09:39:43.130+05:30 ERROR 20460 --- [IAM] [           main] o.h.engine.jdbc.spi.SqlExceptionHelper   : Table 'teleconnect_iam_test.users' doesn't exist
  Registration failed at index 334: JDBC exception executing SQL [select u1_0.user_id from users u1_0 where u1_0.email=? limit ?] [Table 'teleconnect_iam_test.users' doesn't exist] [n/a]; SQL [n/a]
2026-06-10T09:39:43.132+05:30  WARN 20460 --- [IAM] [           main] o.h.engine.jdbc.spi.SqlExceptionHelper   : SQL Error: 1146, SQLState: 42S02
2026-06-10T09:39:43.133+05:30 ERROR 20460 --- [IAM] [           main] o.h.engine.jdbc.spi.SqlExceptionHelper   : Table 'teleconnect_iam_test.users' doesn't exist
  Registration failed at index 335: JDBC exception executing SQL [select u1_0.user_id from users u1_0 where u1_0.email=? limit ?] [Table 'teleconnect_iam_test.users' doesn't exist] [n/a]; SQL [n/a]
2026-06-10T09:39:43.134+05:30  WARN 20460 --- [IAM] [           main] o.h.engine.jdbc.spi.SqlExceptionHelper   : SQL Error: 1146, SQLState: 42S02
2026-06-10T09:39:43.135+05:30 ERROR 20460 --- [IAM] [           main] o.h.engine.jdbc.spi.SqlExceptionHelper   : Table 'teleconnect_iam_test.users' doesn't exist
  Registration failed at index 336: JDBC exception executing SQL [select u1_0.user_id from users u1_0 where u1_0.email=? limit ?] [Table 'teleconnect_iam_test.users' doesn't exist] [n/a]; SQL [n/a]
2026-06-10T09:39:43.138+05:30  WARN 20460 --- [IAM] [           main] o.h.engine.jdbc.spi.SqlExceptionHelper   : SQL Error: 1146, SQLState: 42S02
2026-06-10T09:39:43.138+05:30 ERROR 20460 --- [IAM] [           main] o.h.engine.jdbc.spi.SqlExceptionHelper   : Table 'teleconnect_iam_test.users' doesn't exist
  Registration failed at index 337: JDBC exception executing SQL [select u1_0.user_id from users u1_0 where u1_0.email=? limit ?] [Table 'teleconnect_iam_test.users' doesn't exist] [n/a]; SQL [n/a]
2026-06-10T09:39:43.142+05:30  WARN 20460 --- [IAM] [           main] o.h.engine.jdbc.spi.SqlExceptionHelper   : SQL Error: 1146, SQLState: 42S02
2026-06-10T09:39:43.142+05:30 ERROR 20460 --- [IAM] [           main] o.h.engine.jdbc.spi.SqlExceptionHelper   : Table 'teleconnect_iam_test.users' doesn't exist
  Registration failed at index 338: JDBC exception executing SQL [select u1_0.user_id from users u1_0 where u1_0.email=? limit ?] [Table 'teleconnect_iam_test.users' doesn't exist] [n/a]; SQL [n/a]
2026-06-10T09:39:43.145+05:30  WARN 20460 --- [IAM] [           main] o.h.engine.jdbc.spi.SqlExceptionHelper   : SQL Error: 1146, SQLState: 42S02
2026-06-10T09:39:43.145+05:30 ERROR 20460 --- [IAM] [           main] o.h.engine.jdbc.spi.SqlExceptionHelper   : Table 'teleconnect_iam_test.users' doesn't exist
  Registration failed at index 339: JDBC exception executing SQL [select u1_0.user_id from users u1_0 where u1_0.email=? limit ?] [Table 'teleconnect_iam_test.users' doesn't exist] [n/a]; SQL [n/a]
2026-06-10T09:39:43.148+05:30  WARN 20460 --- [IAM] [           main] o.h.engine.jdbc.spi.SqlExceptionHelper   : SQL Error: 1146, SQLState: 42S02
2026-06-10T09:39:43.148+05:30 ERROR 20460 --- [IAM] [           main] o.h.engine.jdbc.spi.SqlExceptionHelper   : Table 'teleconnect_iam_test.users' doesn't exist
  Registration failed at index 340: JDBC exception executing SQL [select u1_0.user_id from users u1_0 where u1_0.email=? limit ?] [Table 'teleconnect_iam_test.users' doesn't exist] [n/a]; SQL [n/a]
2026-06-10T09:39:43.151+05:30  WARN 20460 --- [IAM] [           main] o.h.engine.jdbc.spi.SqlExceptionHelper   : SQL Error: 1146, SQLState: 42S02
2026-06-10T09:39:43.151+05:30 ERROR 20460 --- [IAM] [           main] o.h.engine.jdbc.spi.SqlExceptionHelper   : Table 'teleconnect_iam_test.users' doesn't exist
  Registration failed at index 341: JDBC exception executing SQL [select u1_0.user_id from users u1_0 where u1_0.email=? limit ?] [Table 'teleconnect_iam_test.users' doesn't exist] [n/a]; SQL [n/a]
2026-06-10T09:39:43.153+05:30  WARN 20460 --- [IAM] [           main] o.h.engine.jdbc.spi.SqlExceptionHelper   : SQL Error: 1146, SQLState: 42S02
2026-06-10T09:39:43.153+05:30 ERROR 20460 --- [IAM] [           main] o.h.engine.jdbc.spi.SqlExceptionHelper   : Table 'teleconnect_iam_test.users' doesn't exist
  Registration failed at index 342: JDBC exception executing SQL [select u1_0.user_id from users u1_0 where u1_0.email=? limit ?] [Table 'teleconnect_iam_test.users' doesn't exist] [n/a]; SQL [n/a]
2026-06-10T09:39:43.155+05:30  WARN 20460 --- [IAM] [           main] o.h.engine.jdbc.spi.SqlExceptionHelper   : SQL Error: 1146, SQLState: 42S02
2026-06-10T09:39:43.156+05:30 ERROR 20460 --- [IAM] [           main] o.h.engine.jdbc.spi.SqlExceptionHelper   : Table 'teleconnect_iam_test.users' doesn't exist
  Registration failed at index 343: JDBC exception executing SQL [select u1_0.user_id from users u1_0 where u1_0.email=? limit ?] [Table 'teleconnect_iam_test.users' doesn't exist] [n/a]; SQL [n/a]
2026-06-10T09:39:43.159+05:30  WARN 20460 --- [IAM] [           main] o.h.engine.jdbc.spi.SqlExceptionHelper   : SQL Error: 1146, SQLState: 42S02
2026-06-10T09:39:43.159+05:30 ERROR 20460 --- [IAM] [           main] o.h.engine.jdbc.spi.SqlExceptionHelper   : Table 'teleconnect_iam_test.users' doesn't exist
  Registration failed at index 344: JDBC exception executing SQL [select u1_0.user_id from users u1_0 where u1_0.email=? limit ?] [Table 'teleconnect_iam_test.users' doesn't exist] [n/a]; SQL [n/a]
2026-06-10T09:39:43.163+05:30  WARN 20460 --- [IAM] [           main] o.h.engine.jdbc.spi.SqlExceptionHelper   : SQL Error: 1146, SQLState: 42S02
2026-06-10T09:39:43.163+05:30 ERROR 20460 --- [IAM] [           main] o.h.engine.jdbc.spi.SqlExceptionHelper   : Table 'teleconnect_iam_test.users' doesn't exist
  Registration failed at index 345: JDBC exception executing SQL [select u1_0.user_id from users u1_0 where u1_0.email=? limit ?] [Table 'teleconnect_iam_test.users' doesn't exist] [n/a]; SQL [n/a]
2026-06-10T09:39:43.166+05:30  WARN 20460 --- [IAM] [           main] o.h.engine.jdbc.spi.SqlExceptionHelper   : SQL Error: 1146, SQLState: 42S02
2026-06-10T09:39:43.166+05:30 ERROR 20460 --- [IAM] [           main] o.h.engine.jdbc.spi.SqlExceptionHelper   : Table 'teleconnect_iam_test.users' doesn't exist
  Registration failed at index 346: JDBC exception executing SQL [select u1_0.user_id from users u1_0 where u1_0.email=? limit ?] [Table 'teleconnect_iam_test.users' doesn't exist] [n/a]; SQL [n/a]
2026-06-10T09:39:43.169+05:30  WARN 20460 --- [IAM] [           main] o.h.engine.jdbc.spi.SqlExceptionHelper   : SQL Error: 1146, SQLState: 42S02
2026-06-10T09:39:43.170+05:30 ERROR 20460 --- [IAM] [           main] o.h.engine.jdbc.spi.SqlExceptionHelper   : Table 'teleconnect_iam_test.users' doesn't exist
  Registration failed at index 347: JDBC exception executing SQL [select u1_0.user_id from users u1_0 where u1_0.email=? limit ?] [Table 'teleconnect_iam_test.users' doesn't exist] [n/a]; SQL [n/a]
2026-06-10T09:39:43.172+05:30  WARN 20460 --- [IAM] [           main] o.h.engine.jdbc.spi.SqlExceptionHelper   : SQL Error: 1146, SQLState: 42S02
2026-06-10T09:39:43.172+05:30 ERROR 20460 --- [IAM] [           main] o.h.engine.jdbc.spi.SqlExceptionHelper   : Table 'teleconnect_iam_test.users' doesn't exist
  Registration failed at index 348: JDBC exception executing SQL [select u1_0.user_id from users u1_0 where u1_0.email=? limit ?] [Table 'teleconnect_iam_test.users' doesn't exist] [n/a]; SQL [n/a]
2026-06-10T09:39:43.174+05:30  WARN 20460 --- [IAM] [           main] o.h.engine.jdbc.spi.SqlExceptionHelper   : SQL Error: 1146, SQLState: 42S02
2026-06-10T09:39:43.174+05:30 ERROR 20460 --- [IAM] [           main] o.h.engine.jdbc.spi.SqlExceptionHelper   : Table 'teleconnect_iam_test.users' doesn't exist
  Registration failed at index 349: JDBC exception executing SQL [select u1_0.user_id from users u1_0 where u1_0.email=? limit ?] [Table 'teleconnect_iam_test.users' doesn't exist] [n/a]; SQL [n/a]
2026-06-10T09:39:43.177+05:30  WARN 20460 --- [IAM] [           main] o.h.engine.jdbc.spi.SqlExceptionHelper   : SQL Error: 1146, SQLState: 42S02
2026-06-10T09:39:43.177+05:30 ERROR 20460 --- [IAM] [           main] o.h.engine.jdbc.spi.SqlExceptionHelper   : Table 'teleconnect_iam_test.users' doesn't exist
  Registration failed at index 350: JDBC exception executing SQL [select u1_0.user_id from users u1_0 where u1_0.email=? limit ?] [Table 'teleconnect_iam_test.users' doesn't exist] [n/a]; SQL [n/a]
2026-06-10T09:39:43.181+05:30  WARN 20460 --- [IAM] [           main] o.h.engine.jdbc.spi.SqlExceptionHelper   : SQL Error: 1146, SQLState: 42S02
2026-06-10T09:39:43.181+05:30 ERROR 20460 --- [IAM] [           main] o.h.engine.jdbc.spi.SqlExceptionHelper   : Table 'teleconnect_iam_test.users' doesn't exist
  Registration failed at index 351: JDBC exception executing SQL [select u1_0.user_id from users u1_0 where u1_0.email=? limit ?] [Table 'teleconnect_iam_test.users' doesn't exist] [n/a]; SQL [n/a]
2026-06-10T09:39:43.184+05:30  WARN 20460 --- [IAM] [           main] o.h.engine.jdbc.spi.SqlExceptionHelper   : SQL Error: 1146, SQLState: 42S02
2026-06-10T09:39:43.185+05:30 ERROR 20460 --- [IAM] [           main] o.h.engine.jdbc.spi.SqlExceptionHelper   : Table 'teleconnect_iam_test.users' doesn't exist
  Registration failed at index 352: JDBC exception executing SQL [select u1_0.user_id from users u1_0 where u1_0.email=? limit ?] [Table 'teleconnect_iam_test.users' doesn't exist] [n/a]; SQL [n/a]
2026-06-10T09:39:43.186+05:30  WARN 20460 --- [IAM] [           main] o.h.engine.jdbc.spi.SqlExceptionHelper   : SQL Error: 1146, SQLState: 42S02
2026-06-10T09:39:43.186+05:30 ERROR 20460 --- [IAM] [           main] o.h.engine.jdbc.spi.SqlExceptionHelper   : Table 'teleconnect_iam_test.users' doesn't exist
  Registration failed at index 353: JDBC exception executing SQL [select u1_0.user_id from users u1_0 where u1_0.email=? limit ?] [Table 'teleconnect_iam_test.users' doesn't exist] [n/a]; SQL [n/a]
2026-06-10T09:39:43.190+05:30  WARN 20460 --- [IAM] [           main] o.h.engine.jdbc.spi.SqlExceptionHelper   : SQL Error: 1146, SQLState: 42S02
2026-06-10T09:39:43.190+05:30 ERROR 20460 --- [IAM] [           main] o.h.engine.jdbc.spi.SqlExceptionHelper   : Table 'teleconnect_iam_test.users' doesn't exist
  Registration failed at index 354: JDBC exception executing SQL [select u1_0.user_id from users u1_0 where u1_0.email=? limit ?] [Table 'teleconnect_iam_test.users' doesn't exist] [n/a]; SQL [n/a]
2026-06-10T09:39:43.192+05:30  WARN 20460 --- [IAM] [           main] o.h.engine.jdbc.spi.SqlExceptionHelper   : SQL Error: 1146, SQLState: 42S02
2026-06-10T09:39:43.194+05:30 ERROR 20460 --- [IAM] [           main] o.h.engine.jdbc.spi.SqlExceptionHelper   : Table 'teleconnect_iam_test.users' doesn't exist
  Registration failed at index 355: JDBC exception executing SQL [select u1_0.user_id from users u1_0 where u1_0.email=? limit ?] [Table 'teleconnect_iam_test.users' doesn't exist] [n/a]; SQL [n/a]
2026-06-10T09:39:43.196+05:30  WARN 20460 --- [IAM] [           main] o.h.engine.jdbc.spi.SqlExceptionHelper   : SQL Error: 1146, SQLState: 42S02
2026-06-10T09:39:43.196+05:30 ERROR 20460 --- [IAM] [           main] o.h.engine.jdbc.spi.SqlExceptionHelper   : Table 'teleconnect_iam_test.users' doesn't exist
  Registration failed at index 356: JDBC exception executing SQL [select u1_0.user_id from users u1_0 where u1_0.email=? limit ?] [Table 'teleconnect_iam_test.users' doesn't exist] [n/a]; SQL [n/a]
2026-06-10T09:39:43.200+05:30  WARN 20460 --- [IAM] [           main] o.h.engine.jdbc.spi.SqlExceptionHelper   : SQL Error: 1146, SQLState: 42S02
2026-06-10T09:39:43.200+05:30 ERROR 20460 --- [IAM] [           main] o.h.engine.jdbc.spi.SqlExceptionHelper   : Table 'teleconnect_iam_test.users' doesn't exist
  Registration failed at index 357: JDBC exception executing SQL [select u1_0.user_id from users u1_0 where u1_0.email=? limit ?] [Table 'teleconnect_iam_test.users' doesn't exist] [n/a]; SQL [n/a]
2026-06-10T09:39:43.203+05:30  WARN 20460 --- [IAM] [           main] o.h.engine.jdbc.spi.SqlExceptionHelper   : SQL Error: 1146, SQLState: 42S02
2026-06-10T09:39:43.203+05:30 ERROR 20460 --- [IAM] [           main] o.h.engine.jdbc.spi.SqlExceptionHelper   : Table 'teleconnect_iam_test.users' doesn't exist
  Registration failed at index 358: JDBC exception executing SQL [select u1_0.user_id from users u1_0 where u1_0.email=? limit ?] [Table 'teleconnect_iam_test.users' doesn't exist] [n/a]; SQL [n/a]
2026-06-10T09:39:43.206+05:30  WARN 20460 --- [IAM] [           main] o.h.engine.jdbc.spi.SqlExceptionHelper   : SQL Error: 1146, SQLState: 42S02
2026-06-10T09:39:43.206+05:30 ERROR 20460 --- [IAM] [           main] o.h.engine.jdbc.spi.SqlExceptionHelper   : Table 'teleconnect_iam_test.users' doesn't exist
  Registration failed at index 359: JDBC exception executing SQL [select u1_0.user_id from users u1_0 where u1_0.email=? limit ?] [Table 'teleconnect_iam_test.users' doesn't exist] [n/a]; SQL [n/a]
2026-06-10T09:39:43.208+05:30  WARN 20460 --- [IAM] [           main] o.h.engine.jdbc.spi.SqlExceptionHelper   : SQL Error: 1146, SQLState: 42S02
2026-06-10T09:39:43.208+05:30 ERROR 20460 --- [IAM] [           main] o.h.engine.jdbc.spi.SqlExceptionHelper   : Table 'teleconnect_iam_test.users' doesn't exist
  Registration failed at index 360: JDBC exception executing SQL [select u1_0.user_id from users u1_0 where u1_0.email=? limit ?] [Table 'teleconnect_iam_test.users' doesn't exist] [n/a]; SQL [n/a]
2026-06-10T09:39:43.212+05:30  WARN 20460 --- [IAM] [           main] o.h.engine.jdbc.spi.SqlExceptionHelper   : SQL Error: 1146, SQLState: 42S02
2026-06-10T09:39:43.212+05:30 ERROR 20460 --- [IAM] [           main] o.h.engine.jdbc.spi.SqlExceptionHelper   : Table 'teleconnect_iam_test.users' doesn't exist
  Registration failed at index 361: JDBC exception executing SQL [select u1_0.user_id from users u1_0 where u1_0.email=? limit ?] [Table 'teleconnect_iam_test.users' doesn't exist] [n/a]; SQL [n/a]
2026-06-10T09:39:43.214+05:30  WARN 20460 --- [IAM] [           main] o.h.engine.jdbc.spi.SqlExceptionHelper   : SQL Error: 1146, SQLState: 42S02
2026-06-10T09:39:43.214+05:30 ERROR 20460 --- [IAM] [           main] o.h.engine.jdbc.spi.SqlExceptionHelper   : Table 'teleconnect_iam_test.users' doesn't exist
  Registration failed at index 362: JDBC exception executing SQL [select u1_0.user_id from users u1_0 where u1_0.email=? limit ?] [Table 'teleconnect_iam_test.users' doesn't exist] [n/a]; SQL [n/a]
2026-06-10T09:39:43.217+05:30  WARN 20460 --- [IAM] [           main] o.h.engine.jdbc.spi.SqlExceptionHelper   : SQL Error: 1146, SQLState: 42S02
2026-06-10T09:39:43.217+05:30 ERROR 20460 --- [IAM] [           main] o.h.engine.jdbc.spi.SqlExceptionHelper   : Table 'teleconnect_iam_test.users' doesn't exist
  Registration failed at index 363: JDBC exception executing SQL [select u1_0.user_id from users u1_0 where u1_0.email=? limit ?] [Table 'teleconnect_iam_test.users' doesn't exist] [n/a]; SQL [n/a]
2026-06-10T09:39:43.220+05:30  WARN 20460 --- [IAM] [           main] o.h.engine.jdbc.spi.SqlExceptionHelper   : SQL Error: 1146, SQLState: 42S02
2026-06-10T09:39:43.221+05:30 ERROR 20460 --- [IAM] [           main] o.h.engine.jdbc.spi.SqlExceptionHelper   : Table 'teleconnect_iam_test.users' doesn't exist
  Registration failed at index 364: JDBC exception executing SQL [select u1_0.user_id from users u1_0 where u1_0.email=? limit ?] [Table 'teleconnect_iam_test.users' doesn't exist] [n/a]; SQL [n/a]
2026-06-10T09:39:43.223+05:30  WARN 20460 --- [IAM] [           main] o.h.engine.jdbc.spi.SqlExceptionHelper   : SQL Error: 1146, SQLState: 42S02
2026-06-10T09:39:43.223+05:30 ERROR 20460 --- [IAM] [           main] o.h.engine.jdbc.spi.SqlExceptionHelper   : Table 'teleconnect_iam_test.users' doesn't exist
  Registration failed at index 365: JDBC exception executing SQL [select u1_0.user_id from users u1_0 where u1_0.email=? limit ?] [Table 'teleconnect_iam_test.users' doesn't exist] [n/a]; SQL [n/a]
2026-06-10T09:39:43.225+05:30  WARN 20460 --- [IAM] [           main] o.h.engine.jdbc.spi.SqlExceptionHelper   : SQL Error: 1146, SQLState: 42S02
2026-06-10T09:39:43.225+05:30 ERROR 20460 --- [IAM] [           main] o.h.engine.jdbc.spi.SqlExceptionHelper   : Table 'teleconnect_iam_test.users' doesn't exist
  Registration failed at index 366: JDBC exception executing SQL [select u1_0.user_id from users u1_0 where u1_0.email=? limit ?] [Table 'teleconnect_iam_test.users' doesn't exist] [n/a]; SQL [n/a]
2026-06-10T09:39:43.228+05:30  WARN 20460 --- [IAM] [           main] o.h.engine.jdbc.spi.SqlExceptionHelper   : SQL Error: 1146, SQLState: 42S02
2026-06-10T09:39:43.228+05:30 ERROR 20460 --- [IAM] [           main] o.h.engine.jdbc.spi.SqlExceptionHelper   : Table 'teleconnect_iam_test.users' doesn't exist
  Registration failed at index 367: JDBC exception executing SQL [select u1_0.user_id from users u1_0 where u1_0.email=? limit ?] [Table 'teleconnect_iam_test.users' doesn't exist] [n/a]; SQL [n/a]
2026-06-10T09:39:43.231+05:30  WARN 20460 --- [IAM] [           main] o.h.engine.jdbc.spi.SqlExceptionHelper   : SQL Error: 1146, SQLState: 42S02
2026-06-10T09:39:43.231+05:30 ERROR 20460 --- [IAM] [           main] o.h.engine.jdbc.spi.SqlExceptionHelper   : Table 'teleconnect_iam_test.users' doesn't exist
  Registration failed at index 368: JDBC exception executing SQL [select u1_0.user_id from users u1_0 where u1_0.email=? limit ?] [Table 'teleconnect_iam_test.users' doesn't exist] [n/a]; SQL [n/a]
2026-06-10T09:39:43.234+05:30  WARN 20460 --- [IAM] [           main] o.h.engine.jdbc.spi.SqlExceptionHelper   : SQL Error: 1146, SQLState: 42S02
2026-06-10T09:39:43.234+05:30 ERROR 20460 --- [IAM] [           main] o.h.engine.jdbc.spi.SqlExceptionHelper   : Table 'teleconnect_iam_test.users' doesn't exist
  Registration failed at index 369: JDBC exception executing SQL [select u1_0.user_id from users u1_0 where u1_0.email=? limit ?] [Table 'teleconnect_iam_test.users' doesn't exist] [n/a]; SQL [n/a]
2026-06-10T09:39:43.237+05:30  WARN 20460 --- [IAM] [           main] o.h.engine.jdbc.spi.SqlExceptionHelper   : SQL Error: 1146, SQLState: 42S02
2026-06-10T09:39:43.237+05:30 ERROR 20460 --- [IAM] [           main] o.h.engine.jdbc.spi.SqlExceptionHelper   : Table 'teleconnect_iam_test.users' doesn't exist
  Registration failed at index 370: JDBC exception executing SQL [select u1_0.user_id from users u1_0 where u1_0.email=? limit ?] [Table 'teleconnect_iam_test.users' doesn't exist] [n/a]; SQL [n/a]
2026-06-10T09:39:43.240+05:30  WARN 20460 --- [IAM] [           main] o.h.engine.jdbc.spi.SqlExceptionHelper   : SQL Error: 1146, SQLState: 42S02
2026-06-10T09:39:43.240+05:30 ERROR 20460 --- [IAM] [           main] o.h.engine.jdbc.spi.SqlExceptionHelper   : Table 'teleconnect_iam_test.users' doesn't exist
  Registration failed at index 371: JDBC exception executing SQL [select u1_0.user_id from users u1_0 where u1_0.email=? limit ?] [Table 'teleconnect_iam_test.users' doesn't exist] [n/a]; SQL [n/a]
2026-06-10T09:39:43.243+05:30  WARN 20460 --- [IAM] [           main] o.h.engine.jdbc.spi.SqlExceptionHelper   : SQL Error: 1146, SQLState: 42S02
2026-06-10T09:39:43.243+05:30 ERROR 20460 --- [IAM] [           main] o.h.engine.jdbc.spi.SqlExceptionHelper   : Table 'teleconnect_iam_test.users' doesn't exist
  Registration failed at index 372: JDBC exception executing SQL [select u1_0.user_id from users u1_0 where u1_0.email=? limit ?] [Table 'teleconnect_iam_test.users' doesn't exist] [n/a]; SQL [n/a]
2026-06-10T09:39:43.245+05:30  WARN 20460 --- [IAM] [           main] o.h.engine.jdbc.spi.SqlExceptionHelper   : SQL Error: 1146, SQLState: 42S02
2026-06-10T09:39:43.246+05:30 ERROR 20460 --- [IAM] [           main] o.h.engine.jdbc.spi.SqlExceptionHelper   : Table 'teleconnect_iam_test.users' doesn't exist
  Registration failed at index 373: JDBC exception executing SQL [select u1_0.user_id from users u1_0 where u1_0.email=? limit ?] [Table 'teleconnect_iam_test.users' doesn't exist] [n/a]; SQL [n/a]
2026-06-10T09:39:43.247+05:30  WARN 20460 --- [IAM] [           main] o.h.engine.jdbc.spi.SqlExceptionHelper   : SQL Error: 1146, SQLState: 42S02
2026-06-10T09:39:43.247+05:30 ERROR 20460 --- [IAM] [           main] o.h.engine.jdbc.spi.SqlExceptionHelper   : Table 'teleconnect_iam_test.users' doesn't exist
  Registration failed at index 374: JDBC exception executing SQL [select u1_0.user_id from users u1_0 where u1_0.email=? limit ?] [Table 'teleconnect_iam_test.users' doesn't exist] [n/a]; SQL [n/a]
2026-06-10T09:39:43.252+05:30  WARN 20460 --- [IAM] [           main] o.h.engine.jdbc.spi.SqlExceptionHelper   : SQL Error: 1146, SQLState: 42S02
2026-06-10T09:39:43.252+05:30 ERROR 20460 --- [IAM] [           main] o.h.engine.jdbc.spi.SqlExceptionHelper   : Table 'teleconnect_iam_test.users' doesn't exist
  Registration failed at index 375: JDBC exception executing SQL [select u1_0.user_id from users u1_0 where u1_0.email=? limit ?] [Table 'teleconnect_iam_test.users' doesn't exist] [n/a]; SQL [n/a]
2026-06-10T09:39:43.255+05:30  WARN 20460 --- [IAM] [           main] o.h.engine.jdbc.spi.SqlExceptionHelper   : SQL Error: 1146, SQLState: 42S02
2026-06-10T09:39:43.255+05:30 ERROR 20460 --- [IAM] [           main] o.h.engine.jdbc.spi.SqlExceptionHelper   : Table 'teleconnect_iam_test.users' doesn't exist
  Registration failed at index 376: JDBC exception executing SQL [select u1_0.user_id from users u1_0 where u1_0.email=? limit ?] [Table 'teleconnect_iam_test.users' doesn't exist] [n/a]; SQL [n/a]
2026-06-10T09:39:43.258+05:30  WARN 20460 --- [IAM] [           main] o.h.engine.jdbc.spi.SqlExceptionHelper   : SQL Error: 1146, SQLState: 42S02
2026-06-10T09:39:43.258+05:30 ERROR 20460 --- [IAM] [           main] o.h.engine.jdbc.spi.SqlExceptionHelper   : Table 'teleconnect_iam_test.users' doesn't exist
  Registration failed at index 377: JDBC exception executing SQL [select u1_0.user_id from users u1_0 where u1_0.email=? limit ?] [Table 'teleconnect_iam_test.users' doesn't exist] [n/a]; SQL [n/a]
2026-06-10T09:39:43.261+05:30  WARN 20460 --- [IAM] [           main] o.h.engine.jdbc.spi.SqlExceptionHelper   : SQL Error: 1146, SQLState: 42S02
2026-06-10T09:39:43.261+05:30 ERROR 20460 --- [IAM] [           main] o.h.engine.jdbc.spi.SqlExceptionHelper   : Table 'teleconnect_iam_test.users' doesn't exist
  Registration failed at index 378: JDBC exception executing SQL [select u1_0.user_id from users u1_0 where u1_0.email=? limit ?] [Table 'teleconnect_iam_test.users' doesn't exist] [n/a]; SQL [n/a]
2026-06-10T09:39:43.263+05:30  WARN 20460 --- [IAM] [           main] o.h.engine.jdbc.spi.SqlExceptionHelper   : SQL Error: 1146, SQLState: 42S02
2026-06-10T09:39:43.264+05:30 ERROR 20460 --- [IAM] [           main] o.h.engine.jdbc.spi.SqlExceptionHelper   : Table 'teleconnect_iam_test.users' doesn't exist
  Registration failed at index 379: JDBC exception executing SQL [select u1_0.user_id from users u1_0 where u1_0.email=? limit ?] [Table 'teleconnect_iam_test.users' doesn't exist] [n/a]; SQL [n/a]
2026-06-10T09:39:43.267+05:30  WARN 20460 --- [IAM] [           main] o.h.engine.jdbc.spi.SqlExceptionHelper   : SQL Error: 1146, SQLState: 42S02
2026-06-10T09:39:43.267+05:30 ERROR 20460 --- [IAM] [           main] o.h.engine.jdbc.spi.SqlExceptionHelper   : Table 'teleconnect_iam_test.users' doesn't exist
  Registration failed at index 380: JDBC exception executing SQL [select u1_0.user_id from users u1_0 where u1_0.email=? limit ?] [Table 'teleconnect_iam_test.users' doesn't exist] [n/a]; SQL [n/a]
2026-06-10T09:39:43.269+05:30  WARN 20460 --- [IAM] [           main] o.h.engine.jdbc.spi.SqlExceptionHelper   : SQL Error: 1146, SQLState: 42S02
2026-06-10T09:39:43.269+05:30 ERROR 20460 --- [IAM] [           main] o.h.engine.jdbc.spi.SqlExceptionHelper   : Table 'teleconnect_iam_test.users' doesn't exist
  Registration failed at index 381: JDBC exception executing SQL [select u1_0.user_id from users u1_0 where u1_0.email=? limit ?] [Table 'teleconnect_iam_test.users' doesn't exist] [n/a]; SQL [n/a]
2026-06-10T09:39:43.271+05:30  WARN 20460 --- [IAM] [           main] o.h.engine.jdbc.spi.SqlExceptionHelper   : SQL Error: 1146, SQLState: 42S02
2026-06-10T09:39:43.272+05:30 ERROR 20460 --- [IAM] [           main] o.h.engine.jdbc.spi.SqlExceptionHelper   : Table 'teleconnect_iam_test.users' doesn't exist
  Registration failed at index 382: JDBC exception executing SQL [select u1_0.user_id from users u1_0 where u1_0.email=? limit ?] [Table 'teleconnect_iam_test.users' doesn't exist] [n/a]; SQL [n/a]
2026-06-10T09:39:43.274+05:30  WARN 20460 --- [IAM] [           main] o.h.engine.jdbc.spi.SqlExceptionHelper   : SQL Error: 1146, SQLState: 42S02
2026-06-10T09:39:43.274+05:30 ERROR 20460 --- [IAM] [           main] o.h.engine.jdbc.spi.SqlExceptionHelper   : Table 'teleconnect_iam_test.users' doesn't exist
  Registration failed at index 383: JDBC exception executing SQL [select u1_0.user_id from users u1_0 where u1_0.email=? limit ?] [Table 'teleconnect_iam_test.users' doesn't exist] [n/a]; SQL [n/a]
2026-06-10T09:39:43.277+05:30  WARN 20460 --- [IAM] [           main] o.h.engine.jdbc.spi.SqlExceptionHelper   : SQL Error: 1146, SQLState: 42S02
2026-06-10T09:39:43.277+05:30 ERROR 20460 --- [IAM] [           main] o.h.engine.jdbc.spi.SqlExceptionHelper   : Table 'teleconnect_iam_test.users' doesn't exist
  Registration failed at index 384: JDBC exception executing SQL [select u1_0.user_id from users u1_0 where u1_0.email=? limit ?] [Table 'teleconnect_iam_test.users' doesn't exist] [n/a]; SQL [n/a]
2026-06-10T09:39:43.280+05:30  WARN 20460 --- [IAM] [           main] o.h.engine.jdbc.spi.SqlExceptionHelper   : SQL Error: 1146, SQLState: 42S02
2026-06-10T09:39:43.280+05:30 ERROR 20460 --- [IAM] [           main] o.h.engine.jdbc.spi.SqlExceptionHelper   : Table 'teleconnect_iam_test.users' doesn't exist
  Registration failed at index 385: JDBC exception executing SQL [select u1_0.user_id from users u1_0 where u1_0.email=? limit ?] [Table 'teleconnect_iam_test.users' doesn't exist] [n/a]; SQL [n/a]
2026-06-10T09:39:43.282+05:30  WARN 20460 --- [IAM] [           main] o.h.engine.jdbc.spi.SqlExceptionHelper   : SQL Error: 1146, SQLState: 42S02
2026-06-10T09:39:43.283+05:30 ERROR 20460 --- [IAM] [           main] o.h.engine.jdbc.spi.SqlExceptionHelper   : Table 'teleconnect_iam_test.users' doesn't exist
  Registration failed at index 386: JDBC exception executing SQL [select u1_0.user_id from users u1_0 where u1_0.email=? limit ?] [Table 'teleconnect_iam_test.users' doesn't exist] [n/a]; SQL [n/a]
2026-06-10T09:39:43.284+05:30  WARN 20460 --- [IAM] [           main] o.h.engine.jdbc.spi.SqlExceptionHelper   : SQL Error: 1146, SQLState: 42S02
2026-06-10T09:39:43.285+05:30 ERROR 20460 --- [IAM] [           main] o.h.engine.jdbc.spi.SqlExceptionHelper   : Table 'teleconnect_iam_test.users' doesn't exist
  Registration failed at index 387: JDBC exception executing SQL [select u1_0.user_id from users u1_0 where u1_0.email=? limit ?] [Table 'teleconnect_iam_test.users' doesn't exist] [n/a]; SQL [n/a]
2026-06-10T09:39:43.287+05:30  WARN 20460 --- [IAM] [           main] o.h.engine.jdbc.spi.SqlExceptionHelper   : SQL Error: 1146, SQLState: 42S02
2026-06-10T09:39:43.287+05:30 ERROR 20460 --- [IAM] [           main] o.h.engine.jdbc.spi.SqlExceptionHelper   : Table 'teleconnect_iam_test.users' doesn't exist
  Registration failed at index 388: JDBC exception executing SQL [select u1_0.user_id from users u1_0 where u1_0.email=? limit ?] [Table 'teleconnect_iam_test.users' doesn't exist] [n/a]; SQL [n/a]
[...]
	at org.junit.platform.launcher.core.DefaultLauncher.execute(DefaultLauncher.java:103) ~[junit-platform-launcher-1.10.3.jar:1.10.3]
	at org.junit.platform.launcher.core.DefaultLauncher.execute(DefaultLauncher.java:85) ~[junit-platform-launcher-1.10.3.jar:1.10.3]
	at org.junit.platform.launcher.core.DelegatingLauncher.execute(DelegatingLauncher.java:47) ~[junit-platform-launcher-1.10.3.jar:1.10.3]
	at org.apache.maven.surefire.junitplatform.LazyLauncher.execute(LazyLauncher.java:56) ~[surefire-junit-platform-3.2.5.jar:3.2.5]
	at org.apache.maven.surefire.junitplatform.JUnitPlatformProvider.execute(JUnitPlatformProvider.java:184) ~[surefire-junit-platform-3.2.5.jar:3.2.5]
	at org.apache.maven.surefire.junitplatform.JUnitPlatformProvider.invokeAllTests(JUnitPlatformProvider.java:148) ~[surefire-junit-platform-3.2.5.jar:3.2.5]
	at org.apache.maven.surefire.junitplatform.JUnitPlatformProvider.invoke(JUnitPlatformProvider.java:122) ~[surefire-junit-platform-3.2.5.jar:3.2.5]
	at org.apache.maven.surefire.booter.ForkedBooter.runSuitesInProcess(ForkedBooter.java:385) ~[surefire-booter-3.2.5.jar:3.2.5]
	at org.apache.maven.surefire.booter.ForkedBooter.execute(ForkedBooter.java:162) ~[surefire-booter-3.2.5.jar:3.2.5]
	at org.apache.maven.surefire.booter.ForkedBooter.run(ForkedBooter.java:507) ~[surefire-booter-3.2.5.jar:3.2.5]
	at org.apache.maven.surefire.booter.ForkedBooter.main(ForkedBooter.java:495) ~[surefire-booter-3.2.5.jar:3.2.5]
Caused by: java.sql.SQLSyntaxErrorException: Table 'teleconnect_iam_test.users' doesn't exist
	at com.mysql.cj.jdbc.exceptions.SQLError.createSQLException(SQLError.java:121) ~[mysql-connector-j-8.3.0.jar:8.3.0]
	at com.mysql.cj.jdbc.exceptions.SQLExceptionsMapping.translateException(SQLExceptionsMapping.java:122) ~[mysql-connector-j-8.3.0.jar:8.3.0]
	at com.mysql.cj.jdbc.ClientPreparedStatement.executeInternal(ClientPreparedStatement.java:912) ~[mysql-connector-j-8.3.0.jar:8.3.0]
	at com.mysql.cj.jdbc.ClientPreparedStatement.executeQuery(ClientPreparedStatement.java:968) ~[mysql-connector-j-8.3.0.jar:8.3.0]
	at com.zaxxer.hikari.pool.ProxyPreparedStatement.executeQuery(ProxyPreparedStatement.java:52) ~[HikariCP-5.1.0.jar:na]
	at com.zaxxer.hikari.pool.HikariProxyPreparedStatement.executeQuery(HikariProxyPreparedStatement.java) ~[HikariCP-5.1.0.jar:na]
	at org.hibernate.sql.results.jdbc.internal.DeferredResultSetAccess.executeQuery(DeferredResultSetAccess.java:246) ~[hibernate-core-6.5.3.Final.jar:6.5.3.Final]
	... 137 common frames omitted

]]></system-out>
  </testcase>
  <testcase name="searchUsers" classname="com.teleconnect.iam.IamFakerTest" time="0.01">
    <error message="JDBC exception executing SQL [select u1_0.user_id,u1_0.created_at,u1_0.email,u1_0.must_change_password,u1_0.name,u1_0.password,u1_0.phone,u1_0.region_id,u1_0.role_id,u1_0.status from users u1_0] [Table &apos;teleconnect_iam_test.users&apos; doesn&apos;t exist] [n/a]; SQL [n/a]" type="org.springframework.dao.InvalidDataAccessResourceUsageException"><![CDATA[org.springframework.dao.InvalidDataAccessResourceUsageException: JDBC exception executing SQL [select u1_0.user_id,u1_0.created_at,u1_0.email,u1_0.must_change_password,u1_0.name,u1_0.password,u1_0.phone,u1_0.region_id,u1_0.role_id,u1_0.status from users u1_0] [Table 'teleconnect_iam_test.users' doesn't exist] [n/a]; SQL [n/a]
	at org.springframework.orm.jpa.vendor.HibernateJpaDialect.convertHibernateAccessException(HibernateJpaDialect.java:277)
	at org.springframework.orm.jpa.vendor.HibernateJpaDialect.translateExceptionIfPossible(HibernateJpaDialect.java:241)
	at org.springframework.orm.jpa.AbstractEntityManagerFactoryBean.translateExceptionIfPossible(AbstractEntityManagerFactoryBean.java:550)
	at org.springframework.dao.support.ChainedPersistenceExceptionTranslator.translateExceptionIfPossible(ChainedPersistenceExceptionTranslator.java:61)
	at org.springframework.dao.support.DataAccessUtils.translateIfNecessary(DataAccessUtils.java:335)
	at org.springframework.dao.support.PersistenceExceptionTranslationInterceptor.invoke(PersistenceExceptionTranslationInterceptor.java:160)
	at org.springframework.aop.framework.ReflectiveMethodInvocation.proceed(ReflectiveMethodInvocation.java:184)
	at org.springframework.data.jpa.repository.support.CrudMethodMetadataPostProcessor$CrudMethodMetadataPopulatingMethodInterceptor.invoke(CrudMethodMetadataPostProcessor.java:165)
	at org.springframework.aop.framework.ReflectiveMethodInvocation.proceed(ReflectiveMethodInvocation.java:184)
	at org.springframework.aop.interceptor.ExposeInvocationInterceptor.invoke(ExposeInvocationInterceptor.java:97)
	at org.springframework.aop.framework.ReflectiveMethodInvocation.proceed(ReflectiveMethodInvocation.java:184)
	at org.springframework.aop.framework.JdkDynamicAopProxy.invoke(JdkDynamicAopProxy.java:223)
	at jdk.proxy2/jdk.proxy2.$Proxy140.findAll(Unknown Source)
	at com.teleconnect.iam.service.UserService.searchUsers(UserService.java:186)
	at com.teleconnect.iam.IamFakerTest.searchUsers(IamFakerTest.java:318)
	at java.base/java.lang.reflect.Method.invoke(Method.java:580)
	at java.base/java.util.ArrayList.forEach(ArrayList.java:1596)
	at java.base/java.util.ArrayList.forEach(ArrayList.java:1596)
Caused by: org.hibernate.exception.SQLGrammarException: JDBC exception executing SQL [select u1_0.user_id,u1_0.created_at,u1_0.email,u1_0.must_change_password,u1_0.name,u1_0.password,u1_0.phone,u1_0.region_id,u1_0.role_id,u1_0.status from users u1_0] [Table 'teleconnect_iam_test.users' doesn't exist] [n/a]
	at org.hibernate.exception.internal.SQLExceptionTypeDelegate.convert(SQLExceptionTypeDelegate.java:66)
	at org.hibernate.exception.internal.StandardSQLExceptionConverter.convert(StandardSQLExceptionConverter.java:58)
	at org.hibernate.engine.jdbc.spi.SqlExceptionHelper.convert(SqlExceptionHelper.java:108)
	at org.hibernate.engine.jdbc.spi.SqlExceptionHelper.convert(SqlExceptionHelper.java:94)
	at org.hibernate.sql.results.jdbc.internal.DeferredResultSetAccess.executeQuery(DeferredResultSetAccess.java:264)
	at org.hibernate.sql.results.jdbc.internal.DeferredResultSetAccess.getResultSet(DeferredResultSetAccess.java:167)
	at org.hibernate.sql.results.jdbc.internal.JdbcValuesResultSetImpl.advanceNext(JdbcValuesResultSetImpl.java:265)
	at org.hibernate.sql.results.jdbc.internal.JdbcValuesResultSetImpl.processNext(JdbcValuesResultSetImpl.java:145)
	at org.hibernate.sql.results.jdbc.internal.AbstractJdbcValues.next(AbstractJdbcValues.java:19)
	at org.hibernate.sql.results.internal.RowProcessingStateStandardImpl.next(RowProcessingStateStandardImpl.java:67)
	at org.hibernate.sql.results.spi.ListResultsConsumer.consume(ListResultsConsumer.java:204)
	at org.hibernate.sql.results.spi.ListResultsConsumer.consume(ListResultsConsumer.java:33)
	at org.hibernate.sql.exec.internal.JdbcSelectExecutorStandardImpl.doExecuteQuery(JdbcSelectExecutorStandardImpl.java:211)
	at org.hibernate.sql.exec.internal.JdbcSelectExecutorStandardImpl.executeQuery(JdbcSelectExecutorStandardImpl.java:83)
	at org.hibernate.sql.exec.spi.JdbcSelectExecutor.list(JdbcSelectExecutor.java:76)
	at org.hibernate.sql.exec.spi.JdbcSelectExecutor.list(JdbcSelectExecutor.java:65)
	at org.hibernate.query.sqm.internal.ConcreteSqmSelectQueryPlan.lambda$new$2(ConcreteSqmSelectQueryPlan.java:139)
	at org.hibernate.query.sqm.internal.ConcreteSqmSelectQueryPlan.withCacheableSqmInterpretation(ConcreteSqmSelectQueryPlan.java:382)
	at org.hibernate.query.sqm.internal.ConcreteSqmSelectQueryPlan.performList(ConcreteSqmSelectQueryPlan.java:302)
	at org.hibernate.query.sqm.internal.QuerySqmImpl.doList(QuerySqmImpl.java:526)
	at org.hibernate.query.spi.AbstractSelectionQuery.list(AbstractSelectionQuery.java:423)
	at org.hibernate.query.Query.getResultList(Query.java:120)
	at org.springframework.data.jpa.repository.support.SimpleJpaRepository.findAll(SimpleJpaRepository.java:387)
	at java.base/jdk.internal.reflect.DirectMethodHandleAccessor.invoke(DirectMethodHandleAccessor.java:103)
	at java.base/java.lang.reflect.Method.invoke(Method.java:580)
	at org.springframework.aop.support.AopUtils.invokeJoinpointUsingReflection(AopUtils.java:355)
	at org.springframework.data.repository.core.support.RepositoryMethodInvoker$RepositoryFragmentMethodInvoker.lambda$new$0(RepositoryMethodInvoker.java:277)
	at org.springframework.data.repository.core.support.RepositoryMethodInvoker.doInvoke(RepositoryMethodInvoker.java:170)
	at org.springframework.data.repository.core.support.RepositoryMethodInvoker.invoke(RepositoryMethodInvoker.java:158)
	at org.springframework.data.repository.core.support.RepositoryComposition$RepositoryFragments.invoke(RepositoryComposition.java:516)
	at org.springframework.data.repository.core.support.RepositoryComposition.invoke(RepositoryComposition.java:285)
	at org.springframework.data.repository.core.support.RepositoryFactorySupport$ImplementationMethodExecutionInterceptor.invoke(RepositoryFactorySupport.java:628)
	at org.springframework.aop.framework.ReflectiveMethodInvocation.proceed(ReflectiveMethodInvocation.java:184)
	at org.springframework.data.repository.core.support.QueryExecutorMethodInterceptor.doInvoke(QueryExecutorMethodInterceptor.java:173)
	at org.springframework.data.repository.core.support.QueryExecutorMethodInterceptor.invoke(QueryExecutorMethodInterceptor.java:148)
	at org.springframework.aop.framework.ReflectiveMethodInvocation.proceed(ReflectiveMethodInvocation.java:184)
	at org.springframework.data.projection.DefaultMethodInvokingMethodInterceptor.invoke(DefaultMethodInvokingMethodInterceptor.java:70)
	at org.springframework.aop.framework.ReflectiveMethodInvocation.proceed(ReflectiveMethodInvocation.java:184)
	at org.springframework.transaction.interceptor.TransactionAspectSupport.invokeWithinTransaction(TransactionAspectSupport.java:379)
	at org.springframework.transaction.interceptor.TransactionInterceptor.invoke(TransactionInterceptor.java:119)
	at org.springframework.aop.framework.ReflectiveMethodInvocation.proceed(ReflectiveMethodInvocation.java:184)
	at org.springframework.dao.support.PersistenceExceptionTranslationInterceptor.invoke(PersistenceExceptionTranslationInterceptor.java:138)
	... 12 more
Caused by: java.sql.SQLSyntaxErrorException: Table 'teleconnect_iam_test.users' doesn't exist
	at com.mysql.cj.jdbc.exceptions.SQLError.createSQLException(SQLError.java:121)
	at com.mysql.cj.jdbc.exceptions.SQLExceptionsMapping.translateException(SQLExceptionsMapping.java:122)
	at com.mysql.cj.jdbc.ClientPreparedStatement.executeInternal(ClientPreparedStatement.java:912)
	at com.mysql.cj.jdbc.ClientPreparedStatement.executeQuery(ClientPreparedStatement.java:968)
	at com.zaxxer.hikari.pool.ProxyPreparedStatement.executeQuery(ProxyPreparedStatement.java:52)
	at com.zaxxer.hikari.pool.HikariProxyPreparedStatement.executeQuery(HikariProxyPreparedStatement.java)
	at org.hibernate.sql.results.jdbc.internal.DeferredResultSetAccess.executeQuery(DeferredResultSetAccess.java:246)
	... 49 more
]]></error>
    <system-out><![CDATA[
=== Testing search ===
2026-06-10T09:39:45.615+05:30  WARN 20460 --- [IAM] [           main] o.h.engine.jdbc.spi.SqlExceptionHelper   : SQL Error: 1146, SQLState: 42S02
2026-06-10T09:39:45.617+05:30 ERROR 20460 --- [IAM] [           main] o.h.engine.jdbc.spi.SqlExceptionHelper   : Table 'teleconnect_iam_test.users' doesn't exist
]]></system-out>
  </testcase>
  <testcase name="finalSummary" classname="com.teleconnect.iam.IamFakerTest" time="0.01">
    <error message="JDBC exception executing SQL [select count(*) from users u1_0] [Table &apos;teleconnect_iam_test.users&apos; doesn&apos;t exist] [n/a]; SQL [n/a]" type="org.springframework.dao.InvalidDataAccessResourceUsageException"><![CDATA[org.springframework.dao.InvalidDataAccessResourceUsageException: JDBC exception executing SQL [select count(*) from users u1_0] [Table 'teleconnect_iam_test.users' doesn't exist] [n/a]; SQL [n/a]
	at org.springframework.orm.jpa.vendor.HibernateJpaDialect.convertHibernateAccessException(HibernateJpaDialect.java:277)
	at org.springframework.orm.jpa.vendor.HibernateJpaDialect.translateExceptionIfPossible(HibernateJpaDialect.java:241)
	at org.springframework.orm.jpa.AbstractEntityManagerFactoryBean.translateExceptionIfPossible(AbstractEntityManagerFactoryBean.java:550)
	at org.springframework.dao.support.ChainedPersistenceExceptionTranslator.translateExceptionIfPossible(ChainedPersistenceExceptionTranslator.java:61)
	at org.springframework.dao.support.DataAccessUtils.translateIfNecessary(DataAccessUtils.java:335)
	at org.springframework.dao.support.PersistenceExceptionTranslationInterceptor.invoke(PersistenceExceptionTranslationInterceptor.java:160)
	at org.springframework.aop.framework.ReflectiveMethodInvocation.proceed(ReflectiveMethodInvocation.java:184)
	at org.springframework.data.jpa.repository.support.CrudMethodMetadataPostProcessor$CrudMethodMetadataPopulatingMethodInterceptor.invoke(CrudMethodMetadataPostProcessor.java:165)
	at org.springframework.aop.framework.ReflectiveMethodInvocation.proceed(ReflectiveMethodInvocation.java:184)
	at org.springframework.aop.interceptor.ExposeInvocationInterceptor.invoke(ExposeInvocationInterceptor.java:97)
	at org.springframework.aop.framework.ReflectiveMethodInvocation.proceed(ReflectiveMethodInvocation.java:184)
	at org.springframework.aop.framework.JdkDynamicAopProxy.invoke(JdkDynamicAopProxy.java:223)
	at jdk.proxy2/jdk.proxy2.$Proxy140.count(Unknown Source)
	at com.teleconnect.iam.IamFakerTest.finalSummary(IamFakerTest.java:343)
	at java.base/java.lang.reflect.Method.invoke(Method.java:580)
	at java.base/java.util.ArrayList.forEach(ArrayList.java:1596)
	at java.base/java.util.ArrayList.forEach(ArrayList.java:1596)
Caused by: org.hibernate.exception.SQLGrammarException: JDBC exception executing SQL [select count(*) from users u1_0] [Table 'teleconnect_iam_test.users' doesn't exist] [n/a]
	at org.hibernate.exception.internal.SQLExceptionTypeDelegate.convert(SQLExceptionTypeDelegate.java:66)
	at org.hibernate.exception.internal.StandardSQLExceptionConverter.convert(StandardSQLExceptionConverter.java:58)
	at org.hibernate.engine.jdbc.spi.SqlExceptionHelper.convert(SqlExceptionHelper.java:108)
	at org.hibernate.engine.jdbc.spi.SqlExceptionHelper.convert(SqlExceptionHelper.java:94)
	at org.hibernate.sql.results.jdbc.internal.DeferredResultSetAccess.executeQuery(DeferredResultSetAccess.java:264)
	at org.hibernate.sql.results.jdbc.internal.DeferredResultSetAccess.getResultSet(DeferredResultSetAccess.java:167)
	at org.hibernate.sql.results.jdbc.internal.JdbcValuesResultSetImpl.advanceNext(JdbcValuesResultSetImpl.java:265)
	at org.hibernate.sql.results.jdbc.internal.JdbcValuesResultSetImpl.processNext(JdbcValuesResultSetImpl.java:145)
	at org.hibernate.sql.results.jdbc.internal.AbstractJdbcValues.next(AbstractJdbcValues.java:19)
	at org.hibernate.sql.results.internal.RowProcessingStateStandardImpl.next(RowProcessingStateStandardImpl.java:67)
	at org.hibernate.sql.results.spi.ListResultsConsumer.consume(ListResultsConsumer.java:204)
	at org.hibernate.sql.results.spi.ListResultsConsumer.consume(ListResultsConsumer.java:33)
	at org.hibernate.sql.exec.internal.JdbcSelectExecutorStandardImpl.doExecuteQuery(JdbcSelectExecutorStandardImpl.java:211)
	at org.hibernate.sql.exec.internal.JdbcSelectExecutorStandardImpl.executeQuery(JdbcSelectExecutorStandardImpl.java:83)
	at org.hibernate.sql.exec.spi.JdbcSelectExecutor.list(JdbcSelectExecutor.java:76)
	at org.hibernate.sql.exec.spi.JdbcSelectExecutor.list(JdbcSelectExecutor.java:65)
	at org.hibernate.query.sqm.internal.ConcreteSqmSelectQueryPlan.lambda$new$2(ConcreteSqmSelectQueryPlan.java:139)
	at org.hibernate.query.sqm.internal.ConcreteSqmSelectQueryPlan.withCacheableSqmInterpretation(ConcreteSqmSelectQueryPlan.java:382)
	at org.hibernate.query.sqm.internal.ConcreteSqmSelectQueryPlan.performList(ConcreteSqmSelectQueryPlan.java:302)
	at org.hibernate.query.sqm.internal.QuerySqmImpl.doList(QuerySqmImpl.java:526)
	at org.hibernate.query.spi.AbstractSelectionQuery.list(AbstractSelectionQuery.java:423)
	at org.hibernate.query.spi.AbstractSelectionQuery.getSingleResult(AbstractSelectionQuery.java:555)
	at org.springframework.data.jpa.repository.support.SimpleJpaRepository.count(SimpleJpaRepository.java:611)
	at java.base/jdk.internal.reflect.DirectMethodHandleAccessor.invoke(DirectMethodHandleAccessor.java:103)
	at java.base/java.lang.reflect.Method.invoke(Method.java:580)
	at org.springframework.aop.support.AopUtils.invokeJoinpointUsingReflection(AopUtils.java:355)
	at org.springframework.data.repository.core.support.RepositoryMethodInvoker$RepositoryFragmentMethodInvoker.lambda$new$0(RepositoryMethodInvoker.java:277)
	at org.springframework.data.repository.core.support.RepositoryMethodInvoker.doInvoke(RepositoryMethodInvoker.java:170)
	at org.springframework.data.repository.core.support.RepositoryMethodInvoker.invoke(RepositoryMethodInvoker.java:158)
	at org.springframework.data.repository.core.support.RepositoryComposition$RepositoryFragments.invoke(RepositoryComposition.java:516)
	at org.springframework.data.repository.core.support.RepositoryComposition.invoke(RepositoryComposition.java:285)
	at org.springframework.data.repository.core.support.RepositoryFactorySupport$ImplementationMethodExecutionInterceptor.invoke(RepositoryFactorySupport.java:628)
	at org.springframework.aop.framework.ReflectiveMethodInvocation.proceed(ReflectiveMethodInvocation.java:184)
	at org.springframework.data.repository.core.support.QueryExecutorMethodInterceptor.doInvoke(QueryExecutorMethodInterceptor.java:173)
	at org.springframework.data.repository.core.support.QueryExecutorMethodInterceptor.invoke(QueryExecutorMethodInterceptor.java:148)
	at org.springframework.aop.framework.ReflectiveMethodInvocation.proceed(ReflectiveMethodInvocation.java:184)
	at org.springframework.data.projection.DefaultMethodInvokingMethodInterceptor.invoke(DefaultMethodInvokingMethodInterceptor.java:70)
	at org.springframework.aop.framework.ReflectiveMethodInvocation.proceed(ReflectiveMethodInvocation.java:184)
	at org.springframework.transaction.interceptor.TransactionAspectSupport.invokeWithinTransaction(TransactionAspectSupport.java:379)
	at org.springframework.transaction.interceptor.TransactionInterceptor.invoke(TransactionInterceptor.java:119)
	at org.springframework.aop.framework.ReflectiveMethodInvocation.proceed(ReflectiveMethodInvocation.java:184)
	at org.springframework.dao.support.PersistenceExceptionTranslationInterceptor.invoke(PersistenceExceptionTranslationInterceptor.java:138)
	... 11 more
Caused by: java.sql.SQLSyntaxErrorException: Table 'teleconnect_iam_test.users' doesn't exist
	at com.mysql.cj.jdbc.exceptions.SQLError.createSQLException(SQLError.java:121)
	at com.mysql.cj.jdbc.exceptions.SQLExceptionsMapping.translateException(SQLExceptionsMapping.java:122)
	at com.mysql.cj.jdbc.ClientPreparedStatement.executeInternal(ClientPreparedStatement.java:912)
	at com.mysql.cj.jdbc.ClientPreparedStatement.executeQuery(ClientPreparedStatement.java:968)
	at com.zaxxer.hikari.pool.ProxyPreparedStatement.executeQuery(ProxyPreparedStatement.java:52)
	at com.zaxxer.hikari.pool.HikariProxyPreparedStatement.executeQuery(HikariProxyPreparedStatement.java)
	at org.hibernate.sql.results.jdbc.internal.DeferredResultSetAccess.executeQuery(DeferredResultSetAccess.java:246)
	... 48 more
]]></error>
    <system-out><![CDATA[
==============================
  TELECONNECT IAM TEST SUMMARY
==============================
2026-06-10T09:39:45.630+05:30  WARN 20460 --- [IAM] [           main] o.h.engine.jdbc.spi.SqlExceptionHelper   : SQL Error: 1146, SQLState: 42S02
2026-06-10T09:39:45.630+05:30 ERROR 20460 --- [IAM] [           main] o.h.engine.jdbc.spi.SqlExceptionHelper   : Table 'teleconnect_iam_test.users' doesn't exist
]]></system-out>
  </testcase>
</testsuite>